/home/chanyoungko/IIT/SpeedEstimation/compare_results.py:810: FutureWarning: You are using `torch.load` with `weights_only=False` (the current default value), which uses the default pickle module implicitly. It is possible to construct malicious pickle data which will execute arbitrary code during unpickling (See https://github.com/pytorch/pytorch/blob/main/SECURITY.md#untrusted-models for more details). In a future release, the default value for `weights_only` will be flipped to `True`. This limits the functions that could be executed during unpickling. Arbitrary objects will no longer be allowed to be loaded via this mode unless they are explicitly allowlisted by the user via `torch.serialization.add_safe_globals`. We recommend you start setting `weights_only=True` for any use case where you don't have full control of the loaded file. Please open an issue on GitHub for any issues related to this experimental feature.
  ckpt = torch.load(model_path, map_location=device)
Traceback (most recent call last):
  File "/home/chanyoungko/IIT/SpeedEstimation/compare_results.py", line 1762, in analyze_automated
    with h5py.File(data_path, 'r') as f_check:
NameError: name 'h5py' is not defined
/home/chanyoungko/IIT/SpeedEstimation/compare_results.py:810: FutureWarning: You are using `torch.load` with `weights_only=False` (the current default value), which uses the default pickle module implicitly. It is possible to construct malicious pickle data which will execute arbitrary code during unpickling (See https://github.com/pytorch/pytorch/blob/main/SECURITY.md#untrusted-models for more details). In a future release, the default value for `weights_only` will be flipped to `True`. This limits the functions that could be executed during unpickling. Arbitrary objects will no longer be allowed to be loaded via this mode unless they are explicitly allowlisted by the user via `torch.serialization.add_safe_globals`. We recommend you start setting `weights_only=True` for any use case where you don't have full control of the loaded file. Please open an issue on GitHub for any issues related to this experimental feature.
  ckpt = torch.load(model_path, map_location=device)
Traceback (most recent call last):
  File "/home/chanyoungko/IIT/SpeedEstimation/compare_results.py", line 1762, in analyze_automated
    with h5py.File(data_path, 'r') as f_check:
NameError: name 'h5py' is not defined
Traceback (most recent call last):
  File "/home/chanyoungko/IIT/SpeedEstimation/compare_results.py", line 1697, in analyze_automated
    res = load_and_evaluate(exp_path, device, return_seqs=True, return_extras=True)
  File "/home/chanyoungko/IIT/SpeedEstimation/compare_results.py", line 691, in load_and_evaluate
    X_list[i] = (X_list[i] - mean) / scale
ValueError: operands could not be broadcast together with shapes (19149,34) (30,) 
/home/chanyoungko/IIT/SpeedEstimation/compare_results.py:810: FutureWarning: You are using `torch.load` with `weights_only=False` (the current default value), which uses the default pickle module implicitly. It is possible to construct malicious pickle data which will execute arbitrary code during unpickling (See https://github.com/pytorch/pytorch/blob/main/SECURITY.md#untrusted-models for more details). In a future release, the default value for `weights_only` will be flipped to `True`. This limits the functions that could be executed during unpickling. Arbitrary objects will no longer be allowed to be loaded via this mode unless they are explicitly allowlisted by the user via `torch.serialization.add_safe_globals`. We recommend you start setting `weights_only=True` for any use case where you don't have full control of the loaded file. Please open an issue on GitHub for any issues related to this experimental feature.
  ckpt = torch.load(model_path, map_location=device)
Traceback (most recent call last):
  File "/home/chanyoungko/IIT/SpeedEstimation/compare_results.py", line 1762, in analyze_automated
    with h5py.File(data_path, 'r') as f_check:
NameError: name 'h5py' is not defined
/home/chanyoungko/IIT/SpeedEstimation/compare_results.py:810: FutureWarning: You are using `torch.load` with `weights_only=False` (the current default value), which uses the default pickle module implicitly. It is possible to construct malicious pickle data which will execute arbitrary code during unpickling (See https://github.com/pytorch/pytorch/blob/main/SECURITY.md#untrusted-models for more details). In a future release, the default value for `weights_only` will be flipped to `True`. This limits the functions that could be executed during unpickling. Arbitrary objects will no longer be allowed to be loaded via this mode unless they are explicitly allowlisted by the user via `torch.serialization.add_safe_globals`. We recommend you start setting `weights_only=True` for any use case where you don't have full control of the loaded file. Please open an issue on GitHub for any issues related to this experimental feature.
  ckpt = torch.load(model_path, map_location=device)
Traceback (most recent call last):
  File "/home/chanyoungko/IIT/SpeedEstimation/compare_results.py", line 1762, in analyze_automated
    with h5py.File(data_path, 'r') as f_check:
NameError: name 'h5py' is not defined
/home/chanyoungko/IIT/SpeedEstimation/compare_results.py:810: FutureWarning: You are using `torch.load` with `weights_only=False` (the current default value), which uses the default pickle module implicitly. It is possible to construct malicious pickle data which will execute arbitrary code during unpickling (See https://github.com/pytorch/pytorch/blob/main/SECURITY.md#untrusted-models for more details). In a future release, the default value for `weights_only` will be flipped to `True`. This limits the functions that could be executed during unpickling. Arbitrary objects will no longer be allowed to be loaded via this mode unless they are explicitly allowlisted by the user via `torch.serialization.add_safe_globals`. We recommend you start setting `weights_only=True` for any use case where you don't have full control of the loaded file. Please open an issue on GitHub for any issues related to this experimental feature.
  ckpt = torch.load(model_path, map_location=device)
Traceback (most recent call last):
  File "/home/chanyoungko/IIT/SpeedEstimation/compare_results.py", line 1762, in analyze_automated
    with h5py.File(data_path, 'r') as f_check:
NameError: name 'h5py' is not defined
/home/chanyoungko/IIT/SpeedEstimation/compare_results.py:810: FutureWarning: You are using `torch.load` with `weights_only=False` (the current default value), which uses the default pickle module implicitly. It is possible to construct malicious pickle data which will execute arbitrary code during unpickling (See https://github.com/pytorch/pytorch/blob/main/SECURITY.md#untrusted-models for more details). In a future release, the default value for `weights_only` will be flipped to `True`. This limits the functions that could be executed during unpickling. Arbitrary objects will no longer be allowed to be loaded via this mode unless they are explicitly allowlisted by the user via `torch.serialization.add_safe_globals`. We recommend you start setting `weights_only=True` for any use case where you don't have full control of the loaded file. Please open an issue on GitHub for any issues related to this experimental feature.
  ckpt = torch.load(model_path, map_location=device)
Traceback (most recent call last):
  File "/home/chanyoungko/IIT/SpeedEstimation/compare_results.py", line 1762, in analyze_automated
    with h5py.File(data_path, 'r') as f_check:
NameError: name 'h5py' is not defined
/home/chanyoungko/IIT/SpeedEstimation/compare_results.py:810: FutureWarning: You are using `torch.load` with `weights_only=False` (the current default value), which uses the default pickle module implicitly. It is possible to construct malicious pickle data which will execute arbitrary code during unpickling (See https://github.com/pytorch/pytorch/blob/main/SECURITY.md#untrusted-models for more details). In a future release, the default value for `weights_only` will be flipped to `True`. This limits the functions that could be executed during unpickling. Arbitrary objects will no longer be allowed to be loaded via this mode unless they are explicitly allowlisted by the user via `torch.serialization.add_safe_globals`. We recommend you start setting `weights_only=True` for any use case where you don't have full control of the loaded file. Please open an issue on GitHub for any issues related to this experimental feature.
  ckpt = torch.load(model_path, map_location=device)
Traceback (most recent call last):
  File "/home/chanyoungko/IIT/SpeedEstimation/compare_results.py", line 1762, in analyze_automated
    with h5py.File(data_path, 'r') as f_check:
NameError: name 'h5py' is not defined
/home/chanyoungko/IIT/SpeedEstimation/compare_results.py:810: FutureWarning: You are using `torch.load` with `weights_only=False` (the current default value), which uses the default pickle module implicitly. It is possible to construct malicious pickle data which will execute arbitrary code during unpickling (See https://github.com/pytorch/pytorch/blob/main/SECURITY.md#untrusted-models for more details). In a future release, the default value for `weights_only` will be flipped to `True`. This limits the functions that could be executed during unpickling. Arbitrary objects will no longer be allowed to be loaded via this mode unless they are explicitly allowlisted by the user via `torch.serialization.add_safe_globals`. We recommend you start setting `weights_only=True` for any use case where you don't have full control of the loaded file. Please open an issue on GitHub for any issues related to this experimental feature.
  ckpt = torch.load(model_path, map_location=device)
Traceback (most recent call last):
  File "/home/chanyoungko/IIT/SpeedEstimation/compare_results.py", line 1762, in analyze_automated
    with h5py.File(data_path, 'r') as f_check:
NameError: name 'h5py' is not defined
Traceback (most recent call last):
  File "/home/chanyoungko/IIT/SpeedEstimation/compare_results.py", line 1697, in analyze_automated
    res = load_and_evaluate(exp_path, device, return_seqs=True, return_extras=True)
  File "/home/chanyoungko/IIT/SpeedEstimation/compare_results.py", line 691, in load_and_evaluate
    X_list[i] = (X_list[i] - mean) / scale
ValueError: operands could not be broadcast together with shapes (19149,34) (30,) 
/home/chanyoungko/IIT/SpeedEstimation/compare_results.py:810: FutureWarning: You are using `torch.load` with `weights_only=False` (the current default value), which uses the default pickle module implicitly. It is possible to construct malicious pickle data which will execute arbitrary code during unpickling (See https://github.com/pytorch/pytorch/blob/main/SECURITY.md#untrusted-models for more details). In a future release, the default value for `weights_only` will be flipped to `True`. This limits the functions that could be executed during unpickling. Arbitrary objects will no longer be allowed to be loaded via this mode unless they are explicitly allowlisted by the user via `torch.serialization.add_safe_globals`. We recommend you start setting `weights_only=True` for any use case where you don't have full control of the loaded file. Please open an issue on GitHub for any issues related to this experimental feature.
  ckpt = torch.load(model_path, map_location=device)
Traceback (most recent call last):
  File "/home/chanyoungko/IIT/SpeedEstimation/compare_results.py", line 1762, in analyze_automated
    with h5py.File(data_path, 'r') as f_check:
NameError: name 'h5py' is not defined
Traceback (most recent call last):
  File "/home/chanyoungko/IIT/SpeedEstimation/compare_results.py", line 1697, in analyze_automated
    res = load_and_evaluate(exp_path, device, return_seqs=True, return_extras=True)
  File "/home/chanyoungko/IIT/SpeedEstimation/compare_results.py", line 691, in load_and_evaluate
    X_list[i] = (X_list[i] - mean) / scale
ValueError: operands could not be broadcast together with shapes (19149,34) (30,) 
/home/chanyoungko/IIT/SpeedEstimation/compare_results.py:810: FutureWarning: You are using `torch.load` with `weights_only=False` (the current default value), which uses the default pickle module implicitly. It is possible to construct malicious pickle data which will execute arbitrary code during unpickling (See https://github.com/pytorch/pytorch/blob/main/SECURITY.md#untrusted-models for more details). In a future release, the default value for `weights_only` will be flipped to `True`. This limits the functions that could be executed during unpickling. Arbitrary objects will no longer be allowed to be loaded via this mode unless they are explicitly allowlisted by the user via `torch.serialization.add_safe_globals`. We recommend you start setting `weights_only=True` for any use case where you don't have full control of the loaded file. Please open an issue on GitHub for any issues related to this experimental feature.
  ckpt = torch.load(model_path, map_location=device)
Traceback (most recent call last):
  File "/home/chanyoungko/IIT/SpeedEstimation/compare_results.py", line 1762, in analyze_automated
    with h5py.File(data_path, 'r') as f_check:
NameError: name 'h5py' is not defined
/home/chanyoungko/IIT/SpeedEstimation/compare_results.py:810: FutureWarning: You are using `torch.load` with `weights_only=False` (the current default value), which uses the default pickle module implicitly. It is possible to construct malicious pickle data which will execute arbitrary code during unpickling (See https://github.com/pytorch/pytorch/blob/main/SECURITY.md#untrusted-models for more details). In a future release, the default value for `weights_only` will be flipped to `True`. This limits the functions that could be executed during unpickling. Arbitrary objects will no longer be allowed to be loaded via this mode unless they are explicitly allowlisted by the user via `torch.serialization.add_safe_globals`. We recommend you start setting `weights_only=True` for any use case where you don't have full control of the loaded file. Please open an issue on GitHub for any issues related to this experimental feature.
  ckpt = torch.load(model_path, map_location=device)
Traceback (most recent call last):
  File "/home/chanyoungko/IIT/SpeedEstimation/compare_results.py", line 1762, in analyze_automated
    with h5py.File(data_path, 'r') as f_check:
NameError: name 'h5py' is not defined
/home/chanyoungko/IIT/SpeedEstimation/compare_results.py:810: FutureWarning: You are using `torch.load` with `weights_only=False` (the current default value), which uses the default pickle module implicitly. It is possible to construct malicious pickle data which will execute arbitrary code during unpickling (See https://github.com/pytorch/pytorch/blob/main/SECURITY.md#untrusted-models for more details). In a future release, the default value for `weights_only` will be flipped to `True`. This limits the functions that could be executed during unpickling. Arbitrary objects will no longer be allowed to be loaded via this mode unless they are explicitly allowlisted by the user via `torch.serialization.add_safe_globals`. We recommend you start setting `weights_only=True` for any use case where you don't have full control of the loaded file. Please open an issue on GitHub for any issues related to this experimental feature.
  ckpt = torch.load(model_path, map_location=device)
Traceback (most recent call last):
  File "/home/chanyoungko/IIT/SpeedEstimation/compare_results.py", line 1762, in analyze_automated
    with h5py.File(data_path, 'r') as f_check:
NameError: name 'h5py' is not defined
/home/chanyoungko/IIT/SpeedEstimation/compare_results.py:810: FutureWarning: You are using `torch.load` with `weights_only=False` (the current default value), which uses the default pickle module implicitly. It is possible to construct malicious pickle data which will execute arbitrary code during unpickling (See https://github.com/pytorch/pytorch/blob/main/SECURITY.md#untrusted-models for more details). In a future release, the default value for `weights_only` will be flipped to `True`. This limits the functions that could be executed during unpickling. Arbitrary objects will no longer be allowed to be loaded via this mode unless they are explicitly allowlisted by the user via `torch.serialization.add_safe_globals`. We recommend you start setting `weights_only=True` for any use case where you don't have full control of the loaded file. Please open an issue on GitHub for any issues related to this experimental feature.
  ckpt = torch.load(model_path, map_location=device)
Traceback (most recent call last):
  File "/home/chanyoungko/IIT/SpeedEstimation/compare_results.py", line 1762, in analyze_automated
    with h5py.File(data_path, 'r') as f_check:
NameError: name 'h5py' is not defined
/home/chanyoungko/IIT/SpeedEstimation/compare_results.py:810: FutureWarning: You are using `torch.load` with `weights_only=False` (the current default value), which uses the default pickle module implicitly. It is possible to construct malicious pickle data which will execute arbitrary code during unpickling (See https://github.com/pytorch/pytorch/blob/main/SECURITY.md#untrusted-models for more details). In a future release, the default value for `weights_only` will be flipped to `True`. This limits the functions that could be executed during unpickling. Arbitrary objects will no longer be allowed to be loaded via this mode unless they are explicitly allowlisted by the user via `torch.serialization.add_safe_globals`. We recommend you start setting `weights_only=True` for any use case where you don't have full control of the loaded file. Please open an issue on GitHub for any issues related to this experimental feature.
  ckpt = torch.load(model_path, map_location=device)
Traceback (most recent call last):
  File "/home/chanyoungko/IIT/SpeedEstimation/compare_results.py", line 1762, in analyze_automated
    with h5py.File(data_path, 'r') as f_check:
NameError: name 'h5py' is not defined
/home/chanyoungko/IIT/SpeedEstimation/compare_results.py:810: FutureWarning: You are using `torch.load` with `weights_only=False` (the current default value), which uses the default pickle module implicitly. It is possible to construct malicious pickle data which will execute arbitrary code during unpickling (See https://github.com/pytorch/pytorch/blob/main/SECURITY.md#untrusted-models for more details). In a future release, the default value for `weights_only` will be flipped to `True`. This limits the functions that could be executed during unpickling. Arbitrary objects will no longer be allowed to be loaded via this mode unless they are explicitly allowlisted by the user via `torch.serialization.add_safe_globals`. We recommend you start setting `weights_only=True` for any use case where you don't have full control of the loaded file. Please open an issue on GitHub for any issues related to this experimental feature.
  ckpt = torch.load(model_path, map_location=device)
Traceback (most recent call last):
  File "/home/chanyoungko/IIT/SpeedEstimation/compare_results.py", line 1697, in analyze_automated
    res = load_and_evaluate(exp_path, device, return_seqs=True, return_extras=True)
  File "/home/chanyoungko/IIT/SpeedEstimation/compare_results.py", line 811, in load_and_evaluate
    model.load_state_dict(ckpt["state_dict"] if "state_dict" in ckpt else ckpt, strict=False)
  File "/home/chanyoungko/.conda/envs/IIT/lib/python3.10/site-packages/torch/nn/modules/module.py", line 2584, in load_state_dict
    raise RuntimeError(
RuntimeError: Error(s) in loading state_dict for TCN_GRU_Head:
	size mismatch for head_out.weight: copying a param with shape torch.Size([1, 64]) from checkpoint, the shape in current model is torch.Size([1, 32]).
/home/chanyoungko/IIT/SpeedEstimation/compare_results.py:349: DeprecationWarning: Conversion of an array with ndim > 0 to a scalar is deprecated, and will error in future. Ensure you extract a single element from your array before performing this operation. (Deprecated NumPy 1.25.)
  sum_pred[t_abs] += val * w
/home/chanyoungko/IIT/SpeedEstimation/compare_results.py:349: DeprecationWarning: Conversion of an array with ndim > 0 to a scalar is deprecated, and will error in future. Ensure you extract a single element from your array before performing this operation. (Deprecated NumPy 1.25.)
  sum_pred[t_abs] += val * w
Traceback (most recent call last):
  File "/home/chanyoungko/IIT/SpeedEstimation/compare_results.py", line 1762, in analyze_automated
    with h5py.File(data_path, 'r') as f_check:
NameError: name 'h5py' is not defined
/home/chanyoungko/IIT/SpeedEstimation/compare_results.py:810: FutureWarning: You are using `torch.load` with `weights_only=False` (the current default value), which uses the default pickle module implicitly. It is possible to construct malicious pickle data which will execute arbitrary code during unpickling (See https://github.com/pytorch/pytorch/blob/main/SECURITY.md#untrusted-models for more details). In a future release, the default value for `weights_only` will be flipped to `True`. This limits the functions that could be executed during unpickling. Arbitrary objects will no longer be allowed to be loaded via this mode unless they are explicitly allowlisted by the user via `torch.serialization.add_safe_globals`. We recommend you start setting `weights_only=True` for any use case where you don't have full control of the loaded file. Please open an issue on GitHub for any issues related to this experimental feature.
  ckpt = torch.load(model_path, map_location=device)
Traceback (most recent call last):
  File "/home/chanyoungko/IIT/SpeedEstimation/compare_results.py", line 1762, in analyze_automated
    with h5py.File(data_path, 'r') as f_check:
NameError: name 'h5py' is not defined
Traceback (most recent call last):
  File "/home/chanyoungko/IIT/SpeedEstimation/compare_results.py", line 1697, in analyze_automated
    res = load_and_evaluate(exp_path, device, return_seqs=True, return_extras=True)
  File "/home/chanyoungko/IIT/SpeedEstimation/compare_results.py", line 691, in load_and_evaluate
    X_list[i] = (X_list[i] - mean) / scale
ValueError: operands could not be broadcast together with shapes (19149,34) (30,) 
/home/chanyoungko/IIT/SpeedEstimation/compare_results.py:810: FutureWarning: You are using `torch.load` with `weights_only=False` (the current default value), which uses the default pickle module implicitly. It is possible to construct malicious pickle data which will execute arbitrary code during unpickling (See https://github.com/pytorch/pytorch/blob/main/SECURITY.md#untrusted-models for more details). In a future release, the default value for `weights_only` will be flipped to `True`. This limits the functions that could be executed during unpickling. Arbitrary objects will no longer be allowed to be loaded via this mode unless they are explicitly allowlisted by the user via `torch.serialization.add_safe_globals`. We recommend you start setting `weights_only=True` for any use case where you don't have full control of the loaded file. Please open an issue on GitHub for any issues related to this experimental feature.
  ckpt = torch.load(model_path, map_location=device)
Traceback (most recent call last):
  File "/home/chanyoungko/IIT/SpeedEstimation/compare_results.py", line 1762, in analyze_automated
    with h5py.File(data_path, 'r') as f_check:
NameError: name 'h5py' is not defined
/home/chanyoungko/IIT/SpeedEstimation/compare_results.py:810: FutureWarning: You are using `torch.load` with `weights_only=False` (the current default value), which uses the default pickle module implicitly. It is possible to construct malicious pickle data which will execute arbitrary code during unpickling (See https://github.com/pytorch/pytorch/blob/main/SECURITY.md#untrusted-models for more details). In a future release, the default value for `weights_only` will be flipped to `True`. This limits the functions that could be executed during unpickling. Arbitrary objects will no longer be allowed to be loaded via this mode unless they are explicitly allowlisted by the user via `torch.serialization.add_safe_globals`. We recommend you start setting `weights_only=True` for any use case where you don't have full control of the loaded file. Please open an issue on GitHub for any issues related to this experimental feature.
  ckpt = torch.load(model_path, map_location=device)
Traceback (most recent call last):
  File "/home/chanyoungko/IIT/SpeedEstimation/compare_results.py", line 1762, in analyze_automated
    with h5py.File(data_path, 'r') as f_check:
NameError: name 'h5py' is not defined
/home/chanyoungko/IIT/SpeedEstimation/compare_results.py:810: FutureWarning: You are using `torch.load` with `weights_only=False` (the current default value), which uses the default pickle module implicitly. It is possible to construct malicious pickle data which will execute arbitrary code during unpickling (See https://github.com/pytorch/pytorch/blob/main/SECURITY.md#untrusted-models for more details). In a future release, the default value for `weights_only` will be flipped to `True`. This limits the functions that could be executed during unpickling. Arbitrary objects will no longer be allowed to be loaded via this mode unless they are explicitly allowlisted by the user via `torch.serialization.add_safe_globals`. We recommend you start setting `weights_only=True` for any use case where you don't have full control of the loaded file. Please open an issue on GitHub for any issues related to this experimental feature.
  ckpt = torch.load(model_path, map_location=device)
Traceback (most recent call last):
  File "/home/chanyoungko/IIT/SpeedEstimation/compare_results.py", line 1762, in analyze_automated
    with h5py.File(data_path, 'r') as f_check:
NameError: name 'h5py' is not defined
/home/chanyoungko/IIT/SpeedEstimation/compare_results.py:810: FutureWarning: You are using `torch.load` with `weights_only=False` (the current default value), which uses the default pickle module implicitly. It is possible to construct malicious pickle data which will execute arbitrary code during unpickling (See https://github.com/pytorch/pytorch/blob/main/SECURITY.md#untrusted-models for more details). In a future release, the default value for `weights_only` will be flipped to `True`. This limits the functions that could be executed during unpickling. Arbitrary objects will no longer be allowed to be loaded via this mode unless they are explicitly allowlisted by the user via `torch.serialization.add_safe_globals`. We recommend you start setting `weights_only=True` for any use case where you don't have full control of the loaded file. Please open an issue on GitHub for any issues related to this experimental feature.
  ckpt = torch.load(model_path, map_location=device)
Traceback (most recent call last):
  File "/home/chanyoungko/IIT/SpeedEstimation/compare_results.py", line 1762, in analyze_automated
    with h5py.File(data_path, 'r') as f_check:
NameError: name 'h5py' is not defined
/home/chanyoungko/IIT/SpeedEstimation/compare_results.py:810: FutureWarning: You are using `torch.load` with `weights_only=False` (the current default value), which uses the default pickle module implicitly. It is possible to construct malicious pickle data which will execute arbitrary code during unpickling (See https://github.com/pytorch/pytorch/blob/main/SECURITY.md#untrusted-models for more details). In a future release, the default value for `weights_only` will be flipped to `True`. This limits the functions that could be executed during unpickling. Arbitrary objects will no longer be allowed to be loaded via this mode unless they are explicitly allowlisted by the user via `torch.serialization.add_safe_globals`. We recommend you start setting `weights_only=True` for any use case where you don't have full control of the loaded file. Please open an issue on GitHub for any issues related to this experimental feature.
  ckpt = torch.load(model_path, map_location=device)
Traceback (most recent call last):
  File "/home/chanyoungko/IIT/SpeedEstimation/compare_results.py", line 1762, in analyze_automated
    with h5py.File(data_path, 'r') as f_check:
NameError: name 'h5py' is not defined
Traceback (most recent call last):
  File "/home/chanyoungko/IIT/SpeedEstimation/compare_results.py", line 1697, in analyze_automated
    res = load_and_evaluate(exp_path, device, return_seqs=True, return_extras=True)
  File "/home/chanyoungko/IIT/SpeedEstimation/compare_results.py", line 691, in load_and_evaluate
    X_list[i] = (X_list[i] - mean) / scale
ValueError: operands could not be broadcast together with shapes (19149,34) (30,) 
/home/chanyoungko/IIT/SpeedEstimation/compare_results.py:810: FutureWarning: You are using `torch.load` with `weights_only=False` (the current default value), which uses the default pickle module implicitly. It is possible to construct malicious pickle data which will execute arbitrary code during unpickling (See https://github.com/pytorch/pytorch/blob/main/SECURITY.md#untrusted-models for more details). In a future release, the default value for `weights_only` will be flipped to `True`. This limits the functions that could be executed during unpickling. Arbitrary objects will no longer be allowed to be loaded via this mode unless they are explicitly allowlisted by the user via `torch.serialization.add_safe_globals`. We recommend you start setting `weights_only=True` for any use case where you don't have full control of the loaded file. Please open an issue on GitHub for any issues related to this experimental feature.
  ckpt = torch.load(model_path, map_location=device)
Traceback (most recent call last):
  File "/home/chanyoungko/IIT/SpeedEstimation/compare_results.py", line 1762, in analyze_automated
    with h5py.File(data_path, 'r') as f_check:
NameError: name 'h5py' is not defined
Traceback (most recent call last):
  File "/home/chanyoungko/IIT/SpeedEstimation/compare_results.py", line 1697, in analyze_automated
    res = load_and_evaluate(exp_path, device, return_seqs=True, return_extras=True)
  File "/home/chanyoungko/IIT/SpeedEstimation/compare_results.py", line 691, in load_and_evaluate
    X_list[i] = (X_list[i] - mean) / scale
ValueError: operands could not be broadcast together with shapes (19149,34) (30,) 
/home/chanyoungko/IIT/SpeedEstimation/compare_results.py:810: FutureWarning: You are using `torch.load` with `weights_only=False` (the current default value), which uses the default pickle module implicitly. It is possible to construct malicious pickle data which will execute arbitrary code during unpickling (See https://github.com/pytorch/pytorch/blob/main/SECURITY.md#untrusted-models for more details). In a future release, the default value for `weights_only` will be flipped to `True`. This limits the functions that could be executed during unpickling. Arbitrary objects will no longer be allowed to be loaded via this mode unless they are explicitly allowlisted by the user via `torch.serialization.add_safe_globals`. We recommend you start setting `weights_only=True` for any use case where you don't have full control of the loaded file. Please open an issue on GitHub for any issues related to this experimental feature.
  ckpt = torch.load(model_path, map_location=device)
Traceback (most recent call last):
  File "/home/chanyoungko/IIT/SpeedEstimation/compare_results.py", line 1762, in analyze_automated
    with h5py.File(data_path, 'r') as f_check:
NameError: name 'h5py' is not defined
/home/chanyoungko/IIT/SpeedEstimation/compare_results.py:810: FutureWarning: You are using `torch.load` with `weights_only=False` (the current default value), which uses the default pickle module implicitly. It is possible to construct malicious pickle data which will execute arbitrary code during unpickling (See https://github.com/pytorch/pytorch/blob/main/SECURITY.md#untrusted-models for more details). In a future release, the default value for `weights_only` will be flipped to `True`. This limits the functions that could be executed during unpickling. Arbitrary objects will no longer be allowed to be loaded via this mode unless they are explicitly allowlisted by the user via `torch.serialization.add_safe_globals`. We recommend you start setting `weights_only=True` for any use case where you don't have full control of the loaded file. Please open an issue on GitHub for any issues related to this experimental feature.
  ckpt = torch.load(model_path, map_location=device)
Traceback (most recent call last):
  File "/home/chanyoungko/IIT/SpeedEstimation/compare_results.py", line 1762, in analyze_automated
    with h5py.File(data_path, 'r') as f_check:
NameError: name 'h5py' is not defined
/home/chanyoungko/IIT/SpeedEstimation/compare_results.py:810: FutureWarning: You are using `torch.load` with `weights_only=False` (the current default value), which uses the default pickle module implicitly. It is possible to construct malicious pickle data which will execute arbitrary code during unpickling (See https://github.com/pytorch/pytorch/blob/main/SECURITY.md#untrusted-models for more details). In a future release, the default value for `weights_only` will be flipped to `True`. This limits the functions that could be executed during unpickling. Arbitrary objects will no longer be allowed to be loaded via this mode unless they are explicitly allowlisted by the user via `torch.serialization.add_safe_globals`. We recommend you start setting `weights_only=True` for any use case where you don't have full control of the loaded file. Please open an issue on GitHub for any issues related to this experimental feature.
  ckpt = torch.load(model_path, map_location=device)
Traceback (most recent call last):
  File "/home/chanyoungko/IIT/SpeedEstimation/compare_results.py", line 1762, in analyze_automated
    with h5py.File(data_path, 'r') as f_check:
NameError: name 'h5py' is not defined
/home/chanyoungko/IIT/SpeedEstimation/compare_results.py:810: FutureWarning: You are using `torch.load` with `weights_only=False` (the current default value), which uses the default pickle module implicitly. It is possible to construct malicious pickle data which will execute arbitrary code during unpickling (See https://github.com/pytorch/pytorch/blob/main/SECURITY.md#untrusted-models for more details). In a future release, the default value for `weights_only` will be flipped to `True`. This limits the functions that could be executed during unpickling. Arbitrary objects will no longer be allowed to be loaded via this mode unless they are explicitly allowlisted by the user via `torch.serialization.add_safe_globals`. We recommend you start setting `weights_only=True` for any use case where you don't have full control of the loaded file. Please open an issue on GitHub for any issues related to this experimental feature.
  ckpt = torch.load(model_path, map_location=device)
Traceback (most recent call last):
  File "/home/chanyoungko/IIT/SpeedEstimation/compare_results.py", line 1762, in analyze_automated
    with h5py.File(data_path, 'r') as f_check:
NameError: name 'h5py' is not defined
/home/chanyoungko/IIT/SpeedEstimation/compare_results.py:810: FutureWarning: You are using `torch.load` with `weights_only=False` (the current default value), which uses the default pickle module implicitly. It is possible to construct malicious pickle data which will execute arbitrary code during unpickling (See https://github.com/pytorch/pytorch/blob/main/SECURITY.md#untrusted-models for more details). In a future release, the default value for `weights_only` will be flipped to `True`. This limits the functions that could be executed during unpickling. Arbitrary objects will no longer be allowed to be loaded via this mode unless they are explicitly allowlisted by the user via `torch.serialization.add_safe_globals`. We recommend you start setting `weights_only=True` for any use case where you don't have full control of the loaded file. Please open an issue on GitHub for any issues related to this experimental feature.
  ckpt = torch.load(model_path, map_location=device)
Traceback (most recent call last):
  File "/home/chanyoungko/IIT/SpeedEstimation/compare_results.py", line 1762, in analyze_automated
    with h5py.File(data_path, 'r') as f_check:
NameError: name 'h5py' is not defined
Traceback (most recent call last):
  File "/home/chanyoungko/IIT/SpeedEstimation/compare_results.py", line 1697, in analyze_automated
    res = load_and_evaluate(exp_path, device, return_seqs=True, return_extras=True)
  File "/home/chanyoungko/IIT/SpeedEstimation/compare_results.py", line 691, in load_and_evaluate
    X_list[i] = (X_list[i] - mean) / scale
ValueError: operands could not be broadcast together with shapes (19149,34) (30,) 
/home/chanyoungko/IIT/SpeedEstimation/compare_results.py:810: FutureWarning: You are using `torch.load` with `weights_only=False` (the current default value), which uses the default pickle module implicitly. It is possible to construct malicious pickle data which will execute arbitrary code during unpickling (See https://github.com/pytorch/pytorch/blob/main/SECURITY.md#untrusted-models for more details). In a future release, the default value for `weights_only` will be flipped to `True`. This limits the functions that could be executed during unpickling. Arbitrary objects will no longer be allowed to be loaded via this mode unless they are explicitly allowlisted by the user via `torch.serialization.add_safe_globals`. We recommend you start setting `weights_only=True` for any use case where you don't have full control of the loaded file. Please open an issue on GitHub for any issues related to this experimental feature.
  ckpt = torch.load(model_path, map_location=device)
/home/chanyoungko/IIT/SpeedEstimation/compare_results.py:349: DeprecationWarning: Conversion of an array with ndim > 0 to a scalar is deprecated, and will error in future. Ensure you extract a single element from your array before performing this operation. (Deprecated NumPy 1.25.)
  sum_pred[t_abs] += val * w
/home/chanyoungko/IIT/SpeedEstimation/compare_results.py:349: DeprecationWarning: Conversion of an array with ndim > 0 to a scalar is deprecated, and will error in future. Ensure you extract a single element from your array before performing this operation. (Deprecated NumPy 1.25.)
  sum_pred[t_abs] += val * w
Traceback (most recent call last):
  File "/home/chanyoungko/IIT/SpeedEstimation/compare_results.py", line 1762, in analyze_automated
    with h5py.File(data_path, 'r') as f_check:
NameError: name 'h5py' is not defined
Traceback (most recent call last):
  File "/home/chanyoungko/IIT/SpeedEstimation/compare_results.py", line 1697, in analyze_automated
    res = load_and_evaluate(exp_path, device, return_seqs=True, return_extras=True)
  File "/home/chanyoungko/IIT/SpeedEstimation/compare_results.py", line 691, in load_and_evaluate
    X_list[i] = (X_list[i] - mean) / scale
ValueError: operands could not be broadcast together with shapes (19149,34) (30,) 
/home/chanyoungko/IIT/SpeedEstimation/compare_results.py:810: FutureWarning: You are using `torch.load` with `weights_only=False` (the current default value), which uses the default pickle module implicitly. It is possible to construct malicious pickle data which will execute arbitrary code during unpickling (See https://github.com/pytorch/pytorch/blob/main/SECURITY.md#untrusted-models for more details). In a future release, the default value for `weights_only` will be flipped to `True`. This limits the functions that could be executed during unpickling. Arbitrary objects will no longer be allowed to be loaded via this mode unless they are explicitly allowlisted by the user via `torch.serialization.add_safe_globals`. We recommend you start setting `weights_only=True` for any use case where you don't have full control of the loaded file. Please open an issue on GitHub for any issues related to this experimental feature.
  ckpt = torch.load(model_path, map_location=device)
Traceback (most recent call last):
  File "/home/chanyoungko/IIT/SpeedEstimation/compare_results.py", line 1762, in analyze_automated
    with h5py.File(data_path, 'r') as f_check:
NameError: name 'h5py' is not defined
Traceback (most recent call last):
  File "/home/chanyoungko/IIT/SpeedEstimation/compare_results.py", line 1697, in analyze_automated
    res = load_and_evaluate(exp_path, device, return_seqs=True, return_extras=True)
  File "/home/chanyoungko/IIT/SpeedEstimation/compare_results.py", line 691, in load_and_evaluate
    X_list[i] = (X_list[i] - mean) / scale
ValueError: operands could not be broadcast together with shapes (19149,34) (30,) 
/home/chanyoungko/IIT/SpeedEstimation/compare_results.py:810: FutureWarning: You are using `torch.load` with `weights_only=False` (the current default value), which uses the default pickle module implicitly. It is possible to construct malicious pickle data which will execute arbitrary code during unpickling (See https://github.com/pytorch/pytorch/blob/main/SECURITY.md#untrusted-models for more details). In a future release, the default value for `weights_only` will be flipped to `True`. This limits the functions that could be executed during unpickling. Arbitrary objects will no longer be allowed to be loaded via this mode unless they are explicitly allowlisted by the user via `torch.serialization.add_safe_globals`. We recommend you start setting `weights_only=True` for any use case where you don't have full control of the loaded file. Please open an issue on GitHub for any issues related to this experimental feature.
  ckpt = torch.load(model_path, map_location=device)
Traceback (most recent call last):
  File "/home/chanyoungko/IIT/SpeedEstimation/compare_results.py", line 1762, in analyze_automated
    with h5py.File(data_path, 'r') as f_check:
NameError: name 'h5py' is not defined
/home/chanyoungko/IIT/SpeedEstimation/compare_results.py:810: FutureWarning: You are using `torch.load` with `weights_only=False` (the current default value), which uses the default pickle module implicitly. It is possible to construct malicious pickle data which will execute arbitrary code during unpickling (See https://github.com/pytorch/pytorch/blob/main/SECURITY.md#untrusted-models for more details). In a future release, the default value for `weights_only` will be flipped to `True`. This limits the functions that could be executed during unpickling. Arbitrary objects will no longer be allowed to be loaded via this mode unless they are explicitly allowlisted by the user via `torch.serialization.add_safe_globals`. We recommend you start setting `weights_only=True` for any use case where you don't have full control of the loaded file. Please open an issue on GitHub for any issues related to this experimental feature.
  ckpt = torch.load(model_path, map_location=device)
Traceback (most recent call last):
  File "/home/chanyoungko/IIT/SpeedEstimation/compare_results.py", line 1762, in analyze_automated
    with h5py.File(data_path, 'r') as f_check:
NameError: name 'h5py' is not defined
Traceback (most recent call last):
  File "/home/chanyoungko/IIT/SpeedEstimation/compare_results.py", line 1697, in analyze_automated
    res = load_and_evaluate(exp_path, device, return_seqs=True, return_extras=True)
  File "/home/chanyoungko/IIT/SpeedEstimation/compare_results.py", line 691, in load_and_evaluate
    X_list[i] = (X_list[i] - mean) / scale
ValueError: operands could not be broadcast together with shapes (19149,34) (30,) 
/home/chanyoungko/IIT/SpeedEstimation/compare_results.py:810: FutureWarning: You are using `torch.load` with `weights_only=False` (the current default value), which uses the default pickle module implicitly. It is possible to construct malicious pickle data which will execute arbitrary code during unpickling (See https://github.com/pytorch/pytorch/blob/main/SECURITY.md#untrusted-models for more details). In a future release, the default value for `weights_only` will be flipped to `True`. This limits the functions that could be executed during unpickling. Arbitrary objects will no longer be allowed to be loaded via this mode unless they are explicitly allowlisted by the user via `torch.serialization.add_safe_globals`. We recommend you start setting `weights_only=True` for any use case where you don't have full control of the loaded file. Please open an issue on GitHub for any issues related to this experimental feature.
  ckpt = torch.load(model_path, map_location=device)
Traceback (most recent call last):
  File "/home/chanyoungko/IIT/SpeedEstimation/compare_results.py", line 1762, in analyze_automated
    with h5py.File(data_path, 'r') as f_check:
NameError: name 'h5py' is not defined
Traceback (most recent call last):
  File "/home/chanyoungko/IIT/SpeedEstimation/compare_results.py", line 1697, in analyze_automated
    res = load_and_evaluate(exp_path, device, return_seqs=True, return_extras=True)
  File "/home/chanyoungko/IIT/SpeedEstimation/compare_results.py", line 691, in load_and_evaluate
    X_list[i] = (X_list[i] - mean) / scale
ValueError: operands could not be broadcast together with shapes (19149,34) (30,) 
/home/chanyoungko/IIT/SpeedEstimation/compare_results.py:810: FutureWarning: You are using `torch.load` with `weights_only=False` (the current default value), which uses the default pickle module implicitly. It is possible to construct malicious pickle data which will execute arbitrary code during unpickling (See https://github.com/pytorch/pytorch/blob/main/SECURITY.md#untrusted-models for more details). In a future release, the default value for `weights_only` will be flipped to `True`. This limits the functions that could be executed during unpickling. Arbitrary objects will no longer be allowed to be loaded via this mode unless they are explicitly allowlisted by the user via `torch.serialization.add_safe_globals`. We recommend you start setting `weights_only=True` for any use case where you don't have full control of the loaded file. Please open an issue on GitHub for any issues related to this experimental feature.
  ckpt = torch.load(model_path, map_location=device)
Traceback (most recent call last):
  File "/home/chanyoungko/IIT/SpeedEstimation/compare_results.py", line 1762, in analyze_automated
    with h5py.File(data_path, 'r') as f_check:
NameError: name 'h5py' is not defined
/home/chanyoungko/IIT/SpeedEstimation/compare_results.py:810: FutureWarning: You are using `torch.load` with `weights_only=False` (the current default value), which uses the default pickle module implicitly. It is possible to construct malicious pickle data which will execute arbitrary code during unpickling (See https://github.com/pytorch/pytorch/blob/main/SECURITY.md#untrusted-models for more details). In a future release, the default value for `weights_only` will be flipped to `True`. This limits the functions that could be executed during unpickling. Arbitrary objects will no longer be allowed to be loaded via this mode unless they are explicitly allowlisted by the user via `torch.serialization.add_safe_globals`. We recommend you start setting `weights_only=True` for any use case where you don't have full control of the loaded file. Please open an issue on GitHub for any issues related to this experimental feature.
  ckpt = torch.load(model_path, map_location=device)
Traceback (most recent call last):
  File "/home/chanyoungko/IIT/SpeedEstimation/compare_results.py", line 1762, in analyze_automated
    with h5py.File(data_path, 'r') as f_check:
NameError: name 'h5py' is not defined
Traceback (most recent call last):
  File "/home/chanyoungko/IIT/SpeedEstimation/compare_results.py", line 1697, in analyze_automated
    res = load_and_evaluate(exp_path, device, return_seqs=True, return_extras=True)
  File "/home/chanyoungko/IIT/SpeedEstimation/compare_results.py", line 691, in load_and_evaluate
    X_list[i] = (X_list[i] - mean) / scale
ValueError: operands could not be broadcast together with shapes (19149,34) (30,) 
/home/chanyoungko/IIT/SpeedEstimation/compare_results.py:810: FutureWarning: You are using `torch.load` with `weights_only=False` (the current default value), which uses the default pickle module implicitly. It is possible to construct malicious pickle data which will execute arbitrary code during unpickling (See https://github.com/pytorch/pytorch/blob/main/SECURITY.md#untrusted-models for more details). In a future release, the default value for `weights_only` will be flipped to `True`. This limits the functions that could be executed during unpickling. Arbitrary objects will no longer be allowed to be loaded via this mode unless they are explicitly allowlisted by the user via `torch.serialization.add_safe_globals`. We recommend you start setting `weights_only=True` for any use case where you don't have full control of the loaded file. Please open an issue on GitHub for any issues related to this experimental feature.
  ckpt = torch.load(model_path, map_location=device)
Traceback (most recent call last):
  File "/home/chanyoungko/IIT/SpeedEstimation/compare_results.py", line 1762, in analyze_automated
    with h5py.File(data_path, 'r') as f_check:
NameError: name 'h5py' is not defined
/home/chanyoungko/IIT/SpeedEstimation/compare_results.py:810: FutureWarning: You are using `torch.load` with `weights_only=False` (the current default value), which uses the default pickle module implicitly. It is possible to construct malicious pickle data which will execute arbitrary code during unpickling (See https://github.com/pytorch/pytorch/blob/main/SECURITY.md#untrusted-models for more details). In a future release, the default value for `weights_only` will be flipped to `True`. This limits the functions that could be executed during unpickling. Arbitrary objects will no longer be allowed to be loaded via this mode unless they are explicitly allowlisted by the user via `torch.serialization.add_safe_globals`. We recommend you start setting `weights_only=True` for any use case where you don't have full control of the loaded file. Please open an issue on GitHub for any issues related to this experimental feature.
  ckpt = torch.load(model_path, map_location=device)
Traceback (most recent call last):
  File "/home/chanyoungko/IIT/SpeedEstimation/compare_results.py", line 1762, in analyze_automated
    with h5py.File(data_path, 'r') as f_check:
NameError: name 'h5py' is not defined
/home/chanyoungko/IIT/SpeedEstimation/compare_results.py:810: FutureWarning: You are using `torch.load` with `weights_only=False` (the current default value), which uses the default pickle module implicitly. It is possible to construct malicious pickle data which will execute arbitrary code during unpickling (See https://github.com/pytorch/pytorch/blob/main/SECURITY.md#untrusted-models for more details). In a future release, the default value for `weights_only` will be flipped to `True`. This limits the functions that could be executed during unpickling. Arbitrary objects will no longer be allowed to be loaded via this mode unless they are explicitly allowlisted by the user via `torch.serialization.add_safe_globals`. We recommend you start setting `weights_only=True` for any use case where you don't have full control of the loaded file. Please open an issue on GitHub for any issues related to this experimental feature.
  ckpt = torch.load(model_path, map_location=device)
Traceback (most recent call last):
  File "/home/chanyoungko/IIT/SpeedEstimation/compare_results.py", line 1762, in analyze_automated
    with h5py.File(data_path, 'r') as f_check:
NameError: name 'h5py' is not defined
/home/chanyoungko/IIT/SpeedEstimation/compare_results.py:810: FutureWarning: You are using `torch.load` with `weights_only=False` (the current default value), which uses the default pickle module implicitly. It is possible to construct malicious pickle data which will execute arbitrary code during unpickling (See https://github.com/pytorch/pytorch/blob/main/SECURITY.md#untrusted-models for more details). In a future release, the default value for `weights_only` will be flipped to `True`. This limits the functions that could be executed during unpickling. Arbitrary objects will no longer be allowed to be loaded via this mode unless they are explicitly allowlisted by the user via `torch.serialization.add_safe_globals`. We recommend you start setting `weights_only=True` for any use case where you don't have full control of the loaded file. Please open an issue on GitHub for any issues related to this experimental feature.
  ckpt = torch.load(model_path, map_location=device)
Traceback (most recent call last):
  File "/home/chanyoungko/IIT/SpeedEstimation/compare_results.py", line 1762, in analyze_automated
    with h5py.File(data_path, 'r') as f_check:
NameError: name 'h5py' is not defined
/home/chanyoungko/IIT/SpeedEstimation/compare_results.py:810: FutureWarning: You are using `torch.load` with `weights_only=False` (the current default value), which uses the default pickle module implicitly. It is possible to construct malicious pickle data which will execute arbitrary code during unpickling (See https://github.com/pytorch/pytorch/blob/main/SECURITY.md#untrusted-models for more details). In a future release, the default value for `weights_only` will be flipped to `True`. This limits the functions that could be executed during unpickling. Arbitrary objects will no longer be allowed to be loaded via this mode unless they are explicitly allowlisted by the user via `torch.serialization.add_safe_globals`. We recommend you start setting `weights_only=True` for any use case where you don't have full control of the loaded file. Please open an issue on GitHub for any issues related to this experimental feature.
  ckpt = torch.load(model_path, map_location=device)
Traceback (most recent call last):
  File "/home/chanyoungko/IIT/SpeedEstimation/compare_results.py", line 1762, in analyze_automated
    with h5py.File(data_path, 'r') as f_check:
NameError: name 'h5py' is not defined
/home/chanyoungko/IIT/SpeedEstimation/compare_results.py:810: FutureWarning: You are using `torch.load` with `weights_only=False` (the current default value), which uses the default pickle module implicitly. It is possible to construct malicious pickle data which will execute arbitrary code during unpickling (See https://github.com/pytorch/pytorch/blob/main/SECURITY.md#untrusted-models for more details). In a future release, the default value for `weights_only` will be flipped to `True`. This limits the functions that could be executed during unpickling. Arbitrary objects will no longer be allowed to be loaded via this mode unless they are explicitly allowlisted by the user via `torch.serialization.add_safe_globals`. We recommend you start setting `weights_only=True` for any use case where you don't have full control of the loaded file. Please open an issue on GitHub for any issues related to this experimental feature.
  ckpt = torch.load(model_path, map_location=device)
Traceback (most recent call last):
  File "/home/chanyoungko/IIT/SpeedEstimation/compare_results.py", line 1762, in analyze_automated
    with h5py.File(data_path, 'r') as f_check:
NameError: name 'h5py' is not defined
/home/chanyoungko/IIT/SpeedEstimation/compare_results.py:810: FutureWarning: You are using `torch.load` with `weights_only=False` (the current default value), which uses the default pickle module implicitly. It is possible to construct malicious pickle data which will execute arbitrary code during unpickling (See https://github.com/pytorch/pytorch/blob/main/SECURITY.md#untrusted-models for more details). In a future release, the default value for `weights_only` will be flipped to `True`. This limits the functions that could be executed during unpickling. Arbitrary objects will no longer be allowed to be loaded via this mode unless they are explicitly allowlisted by the user via `torch.serialization.add_safe_globals`. We recommend you start setting `weights_only=True` for any use case where you don't have full control of the loaded file. Please open an issue on GitHub for any issues related to this experimental feature.
  ckpt = torch.load(model_path, map_location=device)
Traceback (most recent call last):
  File "/home/chanyoungko/IIT/SpeedEstimation/compare_results.py", line 1762, in analyze_automated
    with h5py.File(data_path, 'r') as f_check:
NameError: name 'h5py' is not defined
/home/chanyoungko/IIT/SpeedEstimation/compare_results.py:810: FutureWarning: You are using `torch.load` with `weights_only=False` (the current default value), which uses the default pickle module implicitly. It is possible to construct malicious pickle data which will execute arbitrary code during unpickling (See https://github.com/pytorch/pytorch/blob/main/SECURITY.md#untrusted-models for more details). In a future release, the default value for `weights_only` will be flipped to `True`. This limits the functions that could be executed during unpickling. Arbitrary objects will no longer be allowed to be loaded via this mode unless they are explicitly allowlisted by the user via `torch.serialization.add_safe_globals`. We recommend you start setting `weights_only=True` for any use case where you don't have full control of the loaded file. Please open an issue on GitHub for any issues related to this experimental feature.
  ckpt = torch.load(model_path, map_location=device)
Traceback (most recent call last):
  File "/home/chanyoungko/IIT/SpeedEstimation/compare_results.py", line 1762, in analyze_automated
    with h5py.File(data_path, 'r') as f_check:
NameError: name 'h5py' is not defined
/home/chanyoungko/IIT/SpeedEstimation/compare_results.py:810: FutureWarning: You are using `torch.load` with `weights_only=False` (the current default value), which uses the default pickle module implicitly. It is possible to construct malicious pickle data which will execute arbitrary code during unpickling (See https://github.com/pytorch/pytorch/blob/main/SECURITY.md#untrusted-models for more details). In a future release, the default value for `weights_only` will be flipped to `True`. This limits the functions that could be executed during unpickling. Arbitrary objects will no longer be allowed to be loaded via this mode unless they are explicitly allowlisted by the user via `torch.serialization.add_safe_globals`. We recommend you start setting `weights_only=True` for any use case where you don't have full control of the loaded file. Please open an issue on GitHub for any issues related to this experimental feature.
  ckpt = torch.load(model_path, map_location=device)
Traceback (most recent call last):
  File "/home/chanyoungko/IIT/SpeedEstimation/compare_results.py", line 1762, in analyze_automated
    with h5py.File(data_path, 'r') as f_check:
NameError: name 'h5py' is not defined
/home/chanyoungko/IIT/SpeedEstimation/compare_results.py:810: FutureWarning: You are using `torch.load` with `weights_only=False` (the current default value), which uses the default pickle module implicitly. It is possible to construct malicious pickle data which will execute arbitrary code during unpickling (See https://github.com/pytorch/pytorch/blob/main/SECURITY.md#untrusted-models for more details). In a future release, the default value for `weights_only` will be flipped to `True`. This limits the functions that could be executed during unpickling. Arbitrary objects will no longer be allowed to be loaded via this mode unless they are explicitly allowlisted by the user via `torch.serialization.add_safe_globals`. We recommend you start setting `weights_only=True` for any use case where you don't have full control of the loaded file. Please open an issue on GitHub for any issues related to this experimental feature.
  ckpt = torch.load(model_path, map_location=device)
Traceback (most recent call last):
  File "/home/chanyoungko/IIT/SpeedEstimation/compare_results.py", line 1762, in analyze_automated
    with h5py.File(data_path, 'r') as f_check:
NameError: name 'h5py' is not defined
/home/chanyoungko/IIT/SpeedEstimation/compare_results.py:810: FutureWarning: You are using `torch.load` with `weights_only=False` (the current default value), which uses the default pickle module implicitly. It is possible to construct malicious pickle data which will execute arbitrary code during unpickling (See https://github.com/pytorch/pytorch/blob/main/SECURITY.md#untrusted-models for more details). In a future release, the default value for `weights_only` will be flipped to `True`. This limits the functions that could be executed during unpickling. Arbitrary objects will no longer be allowed to be loaded via this mode unless they are explicitly allowlisted by the user via `torch.serialization.add_safe_globals`. We recommend you start setting `weights_only=True` for any use case where you don't have full control of the loaded file. Please open an issue on GitHub for any issues related to this experimental feature.
  ckpt = torch.load(model_path, map_location=device)
Traceback (most recent call last):
  File "/home/chanyoungko/IIT/SpeedEstimation/compare_results.py", line 1762, in analyze_automated
    with h5py.File(data_path, 'r') as f_check:
NameError: name 'h5py' is not defined
/home/chanyoungko/IIT/SpeedEstimation/compare_results.py:810: FutureWarning: You are using `torch.load` with `weights_only=False` (the current default value), which uses the default pickle module implicitly. It is possible to construct malicious pickle data which will execute arbitrary code during unpickling (See https://github.com/pytorch/pytorch/blob/main/SECURITY.md#untrusted-models for more details). In a future release, the default value for `weights_only` will be flipped to `True`. This limits the functions that could be executed during unpickling. Arbitrary objects will no longer be allowed to be loaded via this mode unless they are explicitly allowlisted by the user via `torch.serialization.add_safe_globals`. We recommend you start setting `weights_only=True` for any use case where you don't have full control of the loaded file. Please open an issue on GitHub for any issues related to this experimental feature.
  ckpt = torch.load(model_path, map_location=device)
Traceback (most recent call last):
  File "/home/chanyoungko/IIT/SpeedEstimation/compare_results.py", line 1762, in analyze_automated
    with h5py.File(data_path, 'r') as f_check:
NameError: name 'h5py' is not defined
Traceback (most recent call last):
  File "/home/chanyoungko/IIT/SpeedEstimation/compare_results.py", line 1697, in analyze_automated
    res = load_and_evaluate(exp_path, device, return_seqs=True, return_extras=True)
  File "/home/chanyoungko/IIT/SpeedEstimation/compare_results.py", line 691, in load_and_evaluate
    X_list[i] = (X_list[i] - mean) / scale
ValueError: operands could not be broadcast together with shapes (19149,34) (30,) 
/home/chanyoungko/IIT/SpeedEstimation/compare_results.py:810: FutureWarning: You are using `torch.load` with `weights_only=False` (the current default value), which uses the default pickle module implicitly. It is possible to construct malicious pickle data which will execute arbitrary code during unpickling (See https://github.com/pytorch/pytorch/blob/main/SECURITY.md#untrusted-models for more details). In a future release, the default value for `weights_only` will be flipped to `True`. This limits the functions that could be executed during unpickling. Arbitrary objects will no longer be allowed to be loaded via this mode unless they are explicitly allowlisted by the user via `torch.serialization.add_safe_globals`. We recommend you start setting `weights_only=True` for any use case where you don't have full control of the loaded file. Please open an issue on GitHub for any issues related to this experimental feature.
  ckpt = torch.load(model_path, map_location=device)
Traceback (most recent call last):
  File "/home/chanyoungko/IIT/SpeedEstimation/compare_results.py", line 1762, in analyze_automated
    with h5py.File(data_path, 'r') as f_check:
NameError: name 'h5py' is not defined
/home/chanyoungko/IIT/SpeedEstimation/compare_results.py:810: FutureWarning: You are using `torch.load` with `weights_only=False` (the current default value), which uses the default pickle module implicitly. It is possible to construct malicious pickle data which will execute arbitrary code during unpickling (See https://github.com/pytorch/pytorch/blob/main/SECURITY.md#untrusted-models for more details). In a future release, the default value for `weights_only` will be flipped to `True`. This limits the functions that could be executed during unpickling. Arbitrary objects will no longer be allowed to be loaded via this mode unless they are explicitly allowlisted by the user via `torch.serialization.add_safe_globals`. We recommend you start setting `weights_only=True` for any use case where you don't have full control of the loaded file. Please open an issue on GitHub for any issues related to this experimental feature.
  ckpt = torch.load(model_path, map_location=device)
Traceback (most recent call last):
  File "/home/chanyoungko/IIT/SpeedEstimation/compare_results.py", line 1762, in analyze_automated
    with h5py.File(data_path, 'r') as f_check:
NameError: name 'h5py' is not defined
/home/chanyoungko/IIT/SpeedEstimation/compare_results.py:810: FutureWarning: You are using `torch.load` with `weights_only=False` (the current default value), which uses the default pickle module implicitly. It is possible to construct malicious pickle data which will execute arbitrary code during unpickling (See https://github.com/pytorch/pytorch/blob/main/SECURITY.md#untrusted-models for more details). In a future release, the default value for `weights_only` will be flipped to `True`. This limits the functions that could be executed during unpickling. Arbitrary objects will no longer be allowed to be loaded via this mode unless they are explicitly allowlisted by the user via `torch.serialization.add_safe_globals`. We recommend you start setting `weights_only=True` for any use case where you don't have full control of the loaded file. Please open an issue on GitHub for any issues related to this experimental feature.
  ckpt = torch.load(model_path, map_location=device)
Traceback (most recent call last):
  File "/home/chanyoungko/IIT/SpeedEstimation/compare_results.py", line 1762, in analyze_automated
    with h5py.File(data_path, 'r') as f_check:
NameError: name 'h5py' is not defined
/home/chanyoungko/IIT/SpeedEstimation/compare_results.py:810: FutureWarning: You are using `torch.load` with `weights_only=False` (the current default value), which uses the default pickle module implicitly. It is possible to construct malicious pickle data which will execute arbitrary code during unpickling (See https://github.com/pytorch/pytorch/blob/main/SECURITY.md#untrusted-models for more details). In a future release, the default value for `weights_only` will be flipped to `True`. This limits the functions that could be executed during unpickling. Arbitrary objects will no longer be allowed to be loaded via this mode unless they are explicitly allowlisted by the user via `torch.serialization.add_safe_globals`. We recommend you start setting `weights_only=True` for any use case where you don't have full control of the loaded file. Please open an issue on GitHub for any issues related to this experimental feature.
  ckpt = torch.load(model_path, map_location=device)
Traceback (most recent call last):
  File "/home/chanyoungko/IIT/SpeedEstimation/compare_results.py", line 1762, in analyze_automated
    with h5py.File(data_path, 'r') as f_check:
NameError: name 'h5py' is not defined
/home/chanyoungko/IIT/SpeedEstimation/compare_results.py:810: FutureWarning: You are using `torch.load` with `weights_only=False` (the current default value), which uses the default pickle module implicitly. It is possible to construct malicious pickle data which will execute arbitrary code during unpickling (See https://github.com/pytorch/pytorch/blob/main/SECURITY.md#untrusted-models for more details). In a future release, the default value for `weights_only` will be flipped to `True`. This limits the functions that could be executed during unpickling. Arbitrary objects will no longer be allowed to be loaded via this mode unless they are explicitly allowlisted by the user via `torch.serialization.add_safe_globals`. We recommend you start setting `weights_only=True` for any use case where you don't have full control of the loaded file. Please open an issue on GitHub for any issues related to this experimental feature.
  ckpt = torch.load(model_path, map_location=device)
Traceback (most recent call last):
  File "/home/chanyoungko/IIT/SpeedEstimation/compare_results.py", line 1762, in analyze_automated
    with h5py.File(data_path, 'r') as f_check:
NameError: name 'h5py' is not defined
/home/chanyoungko/IIT/SpeedEstimation/compare_results.py:810: FutureWarning: You are using `torch.load` with `weights_only=False` (the current default value), which uses the default pickle module implicitly. It is possible to construct malicious pickle data which will execute arbitrary code during unpickling (See https://github.com/pytorch/pytorch/blob/main/SECURITY.md#untrusted-models for more details). In a future release, the default value for `weights_only` will be flipped to `True`. This limits the functions that could be executed during unpickling. Arbitrary objects will no longer be allowed to be loaded via this mode unless they are explicitly allowlisted by the user via `torch.serialization.add_safe_globals`. We recommend you start setting `weights_only=True` for any use case where you don't have full control of the loaded file. Please open an issue on GitHub for any issues related to this experimental feature.
  ckpt = torch.load(model_path, map_location=device)
Traceback (most recent call last):
  File "/home/chanyoungko/IIT/SpeedEstimation/compare_results.py", line 1762, in analyze_automated
    with h5py.File(data_path, 'r') as f_check:
NameError: name 'h5py' is not defined
/home/chanyoungko/IIT/SpeedEstimation/compare_results.py:810: FutureWarning: You are using `torch.load` with `weights_only=False` (the current default value), which uses the default pickle module implicitly. It is possible to construct malicious pickle data which will execute arbitrary code during unpickling (See https://github.com/pytorch/pytorch/blob/main/SECURITY.md#untrusted-models for more details). In a future release, the default value for `weights_only` will be flipped to `True`. This limits the functions that could be executed during unpickling. Arbitrary objects will no longer be allowed to be loaded via this mode unless they are explicitly allowlisted by the user via `torch.serialization.add_safe_globals`. We recommend you start setting `weights_only=True` for any use case where you don't have full control of the loaded file. Please open an issue on GitHub for any issues related to this experimental feature.
  ckpt = torch.load(model_path, map_location=device)
Traceback (most recent call last):
  File "/home/chanyoungko/IIT/SpeedEstimation/compare_results.py", line 1762, in analyze_automated
    with h5py.File(data_path, 'r') as f_check:
NameError: name 'h5py' is not defined
/home/chanyoungko/IIT/SpeedEstimation/compare_results.py:810: FutureWarning: You are using `torch.load` with `weights_only=False` (the current default value), which uses the default pickle module implicitly. It is possible to construct malicious pickle data which will execute arbitrary code during unpickling (See https://github.com/pytorch/pytorch/blob/main/SECURITY.md#untrusted-models for more details). In a future release, the default value for `weights_only` will be flipped to `True`. This limits the functions that could be executed during unpickling. Arbitrary objects will no longer be allowed to be loaded via this mode unless they are explicitly allowlisted by the user via `torch.serialization.add_safe_globals`. We recommend you start setting `weights_only=True` for any use case where you don't have full control of the loaded file. Please open an issue on GitHub for any issues related to this experimental feature.
  ckpt = torch.load(model_path, map_location=device)
Traceback (most recent call last):
  File "/home/chanyoungko/IIT/SpeedEstimation/compare_results.py", line 1762, in analyze_automated
    with h5py.File(data_path, 'r') as f_check:
NameError: name 'h5py' is not defined
/home/chanyoungko/IIT/SpeedEstimation/compare_results.py:810: FutureWarning: You are using `torch.load` with `weights_only=False` (the current default value), which uses the default pickle module implicitly. It is possible to construct malicious pickle data which will execute arbitrary code during unpickling (See https://github.com/pytorch/pytorch/blob/main/SECURITY.md#untrusted-models for more details). In a future release, the default value for `weights_only` will be flipped to `True`. This limits the functions that could be executed during unpickling. Arbitrary objects will no longer be allowed to be loaded via this mode unless they are explicitly allowlisted by the user via `torch.serialization.add_safe_globals`. We recommend you start setting `weights_only=True` for any use case where you don't have full control of the loaded file. Please open an issue on GitHub for any issues related to this experimental feature.
  ckpt = torch.load(model_path, map_location=device)
Traceback (most recent call last):
  File "/home/chanyoungko/IIT/SpeedEstimation/compare_results.py", line 1762, in analyze_automated
    with h5py.File(data_path, 'r') as f_check:
NameError: name 'h5py' is not defined
/home/chanyoungko/IIT/SpeedEstimation/compare_results.py:810: FutureWarning: You are using `torch.load` with `weights_only=False` (the current default value), which uses the default pickle module implicitly. It is possible to construct malicious pickle data which will execute arbitrary code during unpickling (See https://github.com/pytorch/pytorch/blob/main/SECURITY.md#untrusted-models for more details). In a future release, the default value for `weights_only` will be flipped to `True`. This limits the functions that could be executed during unpickling. Arbitrary objects will no longer be allowed to be loaded via this mode unless they are explicitly allowlisted by the user via `torch.serialization.add_safe_globals`. We recommend you start setting `weights_only=True` for any use case where you don't have full control of the loaded file. Please open an issue on GitHub for any issues related to this experimental feature.
  ckpt = torch.load(model_path, map_location=device)
Traceback (most recent call last):
  File "/home/chanyoungko/IIT/SpeedEstimation/compare_results.py", line 1762, in analyze_automated
    with h5py.File(data_path, 'r') as f_check:
NameError: name 'h5py' is not defined
Traceback (most recent call last):
  File "/home/chanyoungko/IIT/SpeedEstimation/compare_results.py", line 1697, in analyze_automated
    res = load_and_evaluate(exp_path, device, return_seqs=True, return_extras=True)
  File "/home/chanyoungko/IIT/SpeedEstimation/compare_results.py", line 691, in load_and_evaluate
    X_list[i] = (X_list[i] - mean) / scale
ValueError: operands could not be broadcast together with shapes (19149,34) (30,) 
Traceback (most recent call last):
  File "/home/chanyoungko/IIT/SpeedEstimation/compare_results.py", line 1697, in analyze_automated
    res = load_and_evaluate(exp_path, device, return_seqs=True, return_extras=True)
  File "/home/chanyoungko/IIT/SpeedEstimation/compare_results.py", line 691, in load_and_evaluate
    X_list[i] = (X_list[i] - mean) / scale
ValueError: operands could not be broadcast together with shapes (19149,34) (30,) 
/home/chanyoungko/IIT/SpeedEstimation/compare_results.py:810: FutureWarning: You are using `torch.load` with `weights_only=False` (the current default value), which uses the default pickle module implicitly. It is possible to construct malicious pickle data which will execute arbitrary code during unpickling (See https://github.com/pytorch/pytorch/blob/main/SECURITY.md#untrusted-models for more details). In a future release, the default value for `weights_only` will be flipped to `True`. This limits the functions that could be executed during unpickling. Arbitrary objects will no longer be allowed to be loaded via this mode unless they are explicitly allowlisted by the user via `torch.serialization.add_safe_globals`. We recommend you start setting `weights_only=True` for any use case where you don't have full control of the loaded file. Please open an issue on GitHub for any issues related to this experimental feature.
  ckpt = torch.load(model_path, map_location=device)
/home/chanyoungko/IIT/SpeedEstimation/compare_results.py:349: DeprecationWarning: Conversion of an array with ndim > 0 to a scalar is deprecated, and will error in future. Ensure you extract a single element from your array before performing this operation. (Deprecated NumPy 1.25.)
  sum_pred[t_abs] += val * w
/home/chanyoungko/IIT/SpeedEstimation/compare_results.py:349: DeprecationWarning: Conversion of an array with ndim > 0 to a scalar is deprecated, and will error in future. Ensure you extract a single element from your array before performing this operation. (Deprecated NumPy 1.25.)
  sum_pred[t_abs] += val * w
Traceback (most recent call last):
  File "/home/chanyoungko/IIT/SpeedEstimation/compare_results.py", line 1762, in analyze_automated
    with h5py.File(data_path, 'r') as f_check:
NameError: name 'h5py' is not defined
/home/chanyoungko/IIT/SpeedEstimation/compare_results.py:810: FutureWarning: You are using `torch.load` with `weights_only=False` (the current default value), which uses the default pickle module implicitly. It is possible to construct malicious pickle data which will execute arbitrary code during unpickling (See https://github.com/pytorch/pytorch/blob/main/SECURITY.md#untrusted-models for more details). In a future release, the default value for `weights_only` will be flipped to `True`. This limits the functions that could be executed during unpickling. Arbitrary objects will no longer be allowed to be loaded via this mode unless they are explicitly allowlisted by the user via `torch.serialization.add_safe_globals`. We recommend you start setting `weights_only=True` for any use case where you don't have full control of the loaded file. Please open an issue on GitHub for any issues related to this experimental feature.
  ckpt = torch.load(model_path, map_location=device)
Traceback (most recent call last):
  File "/home/chanyoungko/IIT/SpeedEstimation/compare_results.py", line 1762, in analyze_automated
    with h5py.File(data_path, 'r') as f_check:
NameError: name 'h5py' is not defined
/home/chanyoungko/IIT/SpeedEstimation/compare_results.py:810: FutureWarning: You are using `torch.load` with `weights_only=False` (the current default value), which uses the default pickle module implicitly. It is possible to construct malicious pickle data which will execute arbitrary code during unpickling (See https://github.com/pytorch/pytorch/blob/main/SECURITY.md#untrusted-models for more details). In a future release, the default value for `weights_only` will be flipped to `True`. This limits the functions that could be executed during unpickling. Arbitrary objects will no longer be allowed to be loaded via this mode unless they are explicitly allowlisted by the user via `torch.serialization.add_safe_globals`. We recommend you start setting `weights_only=True` for any use case where you don't have full control of the loaded file. Please open an issue on GitHub for any issues related to this experimental feature.
  ckpt = torch.load(model_path, map_location=device)
Traceback (most recent call last):
  File "/home/chanyoungko/IIT/SpeedEstimation/compare_results.py", line 1762, in analyze_automated
    with h5py.File(data_path, 'r') as f_check:
NameError: name 'h5py' is not defined
Traceback (most recent call last):
  File "/home/chanyoungko/IIT/SpeedEstimation/compare_results.py", line 1697, in analyze_automated
    res = load_and_evaluate(exp_path, device, return_seqs=True, return_extras=True)
  File "/home/chanyoungko/IIT/SpeedEstimation/compare_results.py", line 691, in load_and_evaluate
    X_list[i] = (X_list[i] - mean) / scale
ValueError: operands could not be broadcast together with shapes (19149,34) (30,) 
/home/chanyoungko/IIT/SpeedEstimation/compare_results.py:810: FutureWarning: You are using `torch.load` with `weights_only=False` (the current default value), which uses the default pickle module implicitly. It is possible to construct malicious pickle data which will execute arbitrary code during unpickling (See https://github.com/pytorch/pytorch/blob/main/SECURITY.md#untrusted-models for more details). In a future release, the default value for `weights_only` will be flipped to `True`. This limits the functions that could be executed during unpickling. Arbitrary objects will no longer be allowed to be loaded via this mode unless they are explicitly allowlisted by the user via `torch.serialization.add_safe_globals`. We recommend you start setting `weights_only=True` for any use case where you don't have full control of the loaded file. Please open an issue on GitHub for any issues related to this experimental feature.
  ckpt = torch.load(model_path, map_location=device)
Traceback (most recent call last):
  File "/home/chanyoungko/IIT/SpeedEstimation/compare_results.py", line 1762, in analyze_automated
    with h5py.File(data_path, 'r') as f_check:
NameError: name 'h5py' is not defined
/home/chanyoungko/IIT/SpeedEstimation/compare_results.py:810: FutureWarning: You are using `torch.load` with `weights_only=False` (the current default value), which uses the default pickle module implicitly. It is possible to construct malicious pickle data which will execute arbitrary code during unpickling (See https://github.com/pytorch/pytorch/blob/main/SECURITY.md#untrusted-models for more details). In a future release, the default value for `weights_only` will be flipped to `True`. This limits the functions that could be executed during unpickling. Arbitrary objects will no longer be allowed to be loaded via this mode unless they are explicitly allowlisted by the user via `torch.serialization.add_safe_globals`. We recommend you start setting `weights_only=True` for any use case where you don't have full control of the loaded file. Please open an issue on GitHub for any issues related to this experimental feature.
  ckpt = torch.load(model_path, map_location=device)
Traceback (most recent call last):
  File "/home/chanyoungko/IIT/SpeedEstimation/compare_results.py", line 1762, in analyze_automated
    with h5py.File(data_path, 'r') as f_check:
NameError: name 'h5py' is not defined
Traceback (most recent call last):
  File "/home/chanyoungko/IIT/SpeedEstimation/compare_results.py", line 1697, in analyze_automated
    res = load_and_evaluate(exp_path, device, return_seqs=True, return_extras=True)
  File "/home/chanyoungko/IIT/SpeedEstimation/compare_results.py", line 691, in load_and_evaluate
    X_list[i] = (X_list[i] - mean) / scale
ValueError: operands could not be broadcast together with shapes (19149,34) (30,) 
/home/chanyoungko/IIT/SpeedEstimation/compare_results.py:810: FutureWarning: You are using `torch.load` with `weights_only=False` (the current default value), which uses the default pickle module implicitly. It is possible to construct malicious pickle data which will execute arbitrary code during unpickling (See https://github.com/pytorch/pytorch/blob/main/SECURITY.md#untrusted-models for more details). In a future release, the default value for `weights_only` will be flipped to `True`. This limits the functions that could be executed during unpickling. Arbitrary objects will no longer be allowed to be loaded via this mode unless they are explicitly allowlisted by the user via `torch.serialization.add_safe_globals`. We recommend you start setting `weights_only=True` for any use case where you don't have full control of the loaded file. Please open an issue on GitHub for any issues related to this experimental feature.
  ckpt = torch.load(model_path, map_location=device)
Traceback (most recent call last):
  File "/home/chanyoungko/IIT/SpeedEstimation/compare_results.py", line 1762, in analyze_automated
    with h5py.File(data_path, 'r') as f_check:
NameError: name 'h5py' is not defined
/home/chanyoungko/IIT/SpeedEstimation/compare_results.py:810: FutureWarning: You are using `torch.load` with `weights_only=False` (the current default value), which uses the default pickle module implicitly. It is possible to construct malicious pickle data which will execute arbitrary code during unpickling (See https://github.com/pytorch/pytorch/blob/main/SECURITY.md#untrusted-models for more details). In a future release, the default value for `weights_only` will be flipped to `True`. This limits the functions that could be executed during unpickling. Arbitrary objects will no longer be allowed to be loaded via this mode unless they are explicitly allowlisted by the user via `torch.serialization.add_safe_globals`. We recommend you start setting `weights_only=True` for any use case where you don't have full control of the loaded file. Please open an issue on GitHub for any issues related to this experimental feature.
  ckpt = torch.load(model_path, map_location=device)
Traceback (most recent call last):
  File "/home/chanyoungko/IIT/SpeedEstimation/compare_results.py", line 1762, in analyze_automated
    with h5py.File(data_path, 'r') as f_check:
NameError: name 'h5py' is not defined
Traceback (most recent call last):
  File "/home/chanyoungko/IIT/SpeedEstimation/compare_results.py", line 1697, in analyze_automated
    res = load_and_evaluate(exp_path, device, return_seqs=True, return_extras=True)
  File "/home/chanyoungko/IIT/SpeedEstimation/compare_results.py", line 691, in load_and_evaluate
    X_list[i] = (X_list[i] - mean) / scale
ValueError: operands could not be broadcast together with shapes (19149,34) (30,) 
/home/chanyoungko/IIT/SpeedEstimation/compare_results.py:810: FutureWarning: You are using `torch.load` with `weights_only=False` (the current default value), which uses the default pickle module implicitly. It is possible to construct malicious pickle data which will execute arbitrary code during unpickling (See https://github.com/pytorch/pytorch/blob/main/SECURITY.md#untrusted-models for more details). In a future release, the default value for `weights_only` will be flipped to `True`. This limits the functions that could be executed during unpickling. Arbitrary objects will no longer be allowed to be loaded via this mode unless they are explicitly allowlisted by the user via `torch.serialization.add_safe_globals`. We recommend you start setting `weights_only=True` for any use case where you don't have full control of the loaded file. Please open an issue on GitHub for any issues related to this experimental feature.
  ckpt = torch.load(model_path, map_location=device)
/home/chanyoungko/IIT/SpeedEstimation/compare_results.py:349: DeprecationWarning: Conversion of an array with ndim > 0 to a scalar is deprecated, and will error in future. Ensure you extract a single element from your array before performing this operation. (Deprecated NumPy 1.25.)
  sum_pred[t_abs] += val * w
