GPU-0 Total:   0%|          | 0/1 [00:00<?, ?it/s]/home/chanyoungko/IIT/SpeedEstimation/training/trainer.py:529: FutureWarning: `torch.cuda.amp.GradScaler(args...)` is deprecated. Please use `torch.amp.GradScaler('cuda', args...)` instead.
  amp_scaler = torch.cuda.amp.GradScaler(enabled=use_amp)
/home/chanyoungko/IIT/SpeedEstimation/training/trainer.py:588: FutureWarning: `torch.cuda.amp.autocast(args...)` is deprecated. Please use `torch.amp.autocast('cuda', args...)` instead.
  with torch.cuda.amp.autocast(enabled=use_amp):
/home/chanyoungko/.conda/envs/IIT/lib/python3.10/site-packages/torch/nn/modules/loss.py:1100: UserWarning: Using a target size (torch.Size([256, 1, 1])) that is different to the input size (torch.Size([256, 1])). This will likely lead to incorrect results due to broadcasting. Please ensure they have the same size.
  return F.huber_loss(input, target, reduction=self.reduction, delta=self.delta)
/home/chanyoungko/.conda/envs/IIT/lib/python3.10/site-packages/torch/nn/modules/loss.py:1100: UserWarning: Using a target size (torch.Size([137, 1, 1])) that is different to the input size (torch.Size([137, 1])). This will likely lead to incorrect results due to broadcasting. Please ensure they have the same size.
  return F.huber_loss(input, target, reduction=self.reduction, delta=self.delta)
/home/chanyoungko/IIT/SpeedEstimation/training/trainer.py:709: FutureWarning: You are using `torch.load` with `weights_only=False` (the current default value), which uses the default pickle module implicitly. It is possible to construct malicious pickle data which will execute arbitrary code during unpickling (See https://github.com/pytorch/pytorch/blob/main/SECURITY.md#untrusted-models for more details). In a future release, the default value for `weights_only` will be flipped to `True`. This limits the functions that could be executed during unpickling. Arbitrary objects will no longer be allowed to be loaded via this mode unless they are explicitly allowlisted by the user via `torch.serialization.add_safe_globals`. We recommend you start setting `weights_only=True` for any use case where you don't have full control of the loaded file. Please open an issue on GitHub for any issues related to this experimental feature.
  ckpt = torch.load(ckpt_path, map_location=device)
/home/chanyoungko/.conda/envs/IIT/lib/python3.10/site-packages/torch/nn/modules/loss.py:1100: UserWarning: Using a target size (torch.Size([239, 1, 1])) that is different to the input size (torch.Size([239, 1])). This will likely lead to incorrect results due to broadcasting. Please ensure they have the same size.
  return F.huber_loss(input, target, reduction=self.reduction, delta=self.delta)
GPU-0 Total: 100%|██████████| 1/1 [23:13<00:00, 1393.41s/it]GPU-0 Total: 100%|██████████| 1/1 [23:13<00:00, 1393.41s/it]
/home/chanyoungko/IIT/SpeedEstimation/SpeedEstimator_TCN_MLP_experiments.py:519: FutureWarning: You are using `torch.load` with `weights_only=False` (the current default value), which uses the default pickle module implicitly. It is possible to construct malicious pickle data which will execute arbitrary code during unpickling (See https://github.com/pytorch/pytorch/blob/main/SECURITY.md#untrusted-models for more details). In a future release, the default value for `weights_only` will be flipped to `True`. This limits the functions that could be executed during unpickling. Arbitrary objects will no longer be allowed to be loaded via this mode unless they are explicitly allowlisted by the user via `torch.serialization.add_safe_globals`. We recommend you start setting `weights_only=True` for any use case where you don't have full control of the loaded file. Please open an issue on GitHub for any issues related to this experimental feature.
  ckpt = torch.load(best_ckpt, map_location='cpu')
Traceback (most recent call last):
  File "/home/chanyoungko/IIT/SpeedEstimation/SpeedEstimator_TCN_MLP_experiments.py", line 520, in <module>
    best_model.load_state_dict(ckpt['state_dict'])
  File "/home/chanyoungko/.conda/envs/IIT/lib/python3.10/site-packages/torch/nn/modules/module.py", line 2584, in load_state_dict
    raise RuntimeError(
RuntimeError: Error(s) in loading state_dict for TCN_MLP:
	Missing key(s) in state_dict: "head_base.0.weight", "head_base.0.bias", "head_base.1.weight", "head_base.1.bias", "head_base.1.running_mean", "head_base.1.running_var". 
	Unexpected key(s) in state_dict: "gru.weight_ih_l0", "gru.weight_hh_l0", "gru.bias_ih_l0", "gru.bias_hh_l0", "_smooth_conv.weight". 
	size mismatch for head_out.weight: copying a param with shape torch.Size([1, 32]) from checkpoint, the shape in current model is torch.Size([1, 64]).
