No display found. Using non-interactive Agg backend.
[INFO] Resources optimized: 1 GPU, 15 GB RAM, 16 CPU Threads max.
[AUTO] Searching for all subfolders in experiments
[AUTO] Found 27 experiments to analyze.

[1/27] Processing: exp_H2_hybrid_norm_Test-m2_S006_seed42 -> exp_H2_hybrid_norm_Test-m2_S006_seed42
[EVAL] Loaded base defaults from configs/baseline.yaml

============================================================
[EVAL] exp_H2_hybrid_norm_Test-m2_S006_seed42
[EVAL] Config: configs/exp_H2_hybrid_norm.yaml
[EVAL] Data: win_in=300, win_out=1, stride_train=5, stride_eval=1
[EVAL] est_tick_ranges=[5], lpf_cutoff=0.5, lpf_order=4
[EVAL] Loading Test Data for Subject m2_S006...
[DATA] Loading Multi-Source: keys=['m2_']
  -> Source 'm2_': ./combined_data.h5 | Subs: 1
     Loaded 19 trials
[EVAL] Applying scaler from experiments/exp_H2_hybrid_norm_Test-m2_S006_seed42/scaler.npz (mean shape=(34,))
[EVAL] Model: type=TCN_GRU, ch=[32, 32, 64, 64, 128, 128], k=5
[EVAL] Dropout=0.2, head_dropout=0.5, hidden=[64]
[EVAL] use_input_norm=True, norm_type=batch
[EVAL] input_dim=34, output_dim=1, horizon=1
[EVAL] Final y_pred shape: (366545, 1)
[EVAL] Results: MAE=0.0152, RMSE=0.0391, R²=0.9890, Lag=-10.0ms
Saved compare_result/exp_H2_hybrid_norm_Test-m2_S006_seed42/exp_H2_hybrid_norm_Test-m2_S006_seed42/training_curves.png
  [SAVED] Trajectory plot: compare_result/exp_H2_hybrid_norm_Test-m2_S006_seed42/exp_H2_hybrid_norm_Test-m2_S006_seed42/trajectory.png
[INFO] Generating Detailed Grid Plots for exp_H2_hybrid_norm_Test-m2_S006_seed42...
  [SAVED] Detail Plot: compare_result/exp_H2_hybrid_norm_Test-m2_S006_seed42/exp_H2_hybrid_norm_Test-m2_S006_seed42/m2_S006_level_075mps.png
  [SAVED] Detail Plot: compare_result/exp_H2_hybrid_norm_Test-m2_S006_seed42/exp_H2_hybrid_norm_Test-m2_S006_seed42/m2_S006_level_100mps.png
  [SAVED] Detail Plot: compare_result/exp_H2_hybrid_norm_Test-m2_S006_seed42/exp_H2_hybrid_norm_Test-m2_S006_seed42/m2_S006_level_125mps.png
  [SAVED] Detail Plot: compare_result/exp_H2_hybrid_norm_Test-m2_S006_seed42/exp_H2_hybrid_norm_Test-m2_S006_seed42/m2_S006_accel_sine.png
  [SAVED] Detail Plot: compare_result/exp_H2_hybrid_norm_Test-m2_S006_seed42/exp_H2_hybrid_norm_Test-m2_S006_seed42/m2_S006_decline_5deg.png
  [SAVED] Detail Plot: compare_result/exp_H2_hybrid_norm_Test-m2_S006_seed42/exp_H2_hybrid_norm_Test-m2_S006_seed42/m2_S006_incline_10deg.png
  [SAVED] Detail Plot: compare_result/exp_H2_hybrid_norm_Test-m2_S006_seed42/exp_H2_hybrid_norm_Test-m2_S006_seed42/m2_S006_stopandgo.png
  -> Calculating Feature Importance for exp_H2_hybrid_norm_Test-m2_S006_seed42...
  [ERROR] Failed to process exp_H2_hybrid_norm_Test-m2_S006_seed42: name 'h5py' is not defined

[2/27] Processing: exp_F2_global_vel_additive_Test-m2_S003_seed42 -> exp_F2_global_vel_additive_Test-m2_S003_seed42
[EVAL] Loaded base defaults from configs/baseline.yaml

============================================================
[EVAL] exp_F2_global_vel_additive_Test-m2_S003_seed42
[EVAL] Config: configs/exp_F2_global_vel_additive.yaml
[EVAL] Data: win_in=300, win_out=1, stride_train=5, stride_eval=1
[EVAL] est_tick_ranges=[5], lpf_cutoff=0.5, lpf_order=4
[EVAL] Loading Test Data for Subject m2_S003...
[DATA] Loading Multi-Source: keys=['m2_']
  -> Source 'm2_': ./combined_data.h5 | Subs: 1
     Loaded 21 trials
[EVAL] Applying scaler from experiments/exp_F2_global_vel_additive_Test-m2_S003_seed42/scaler.npz (mean shape=(35,))
[EVAL] Model: type=TCN_GRU, ch=[32, 32, 64, 64, 128, 128], k=5
[EVAL] Dropout=0.2, head_dropout=0.5, hidden=[64]
[EVAL] use_input_norm=True, norm_type=batch
[EVAL] input_dim=35, output_dim=1, horizon=1
[EVAL] Final y_pred shape: (389912, 1)
[EVAL] Results: MAE=0.0312, RMSE=0.0702, R²=0.9622, Lag=-0.5ms
Saved compare_result/exp_F2_global_vel_additive_Test-m2_S003_seed42/exp_F2_global_vel_additive_Test-m2_S003_seed42/training_curves.png
  [SAVED] Trajectory plot: compare_result/exp_F2_global_vel_additive_Test-m2_S003_seed42/exp_F2_global_vel_additive_Test-m2_S003_seed42/trajectory.png
[INFO] Generating Detailed Grid Plots for exp_F2_global_vel_additive_Test-m2_S003_seed42...
  [SAVED] Detail Plot: compare_result/exp_F2_global_vel_additive_Test-m2_S003_seed42/exp_F2_global_vel_additive_Test-m2_S003_seed42/m2_S003_level_075mps.png
  [SAVED] Detail Plot: compare_result/exp_F2_global_vel_additive_Test-m2_S003_seed42/exp_F2_global_vel_additive_Test-m2_S003_seed42/m2_S003_level_100mps.png
  [SAVED] Detail Plot: compare_result/exp_F2_global_vel_additive_Test-m2_S003_seed42/exp_F2_global_vel_additive_Test-m2_S003_seed42/m2_S003_level_125mps.png
  [SAVED] Detail Plot: compare_result/exp_F2_global_vel_additive_Test-m2_S003_seed42/exp_F2_global_vel_additive_Test-m2_S003_seed42/m2_S003_accel_sine.png
  [SAVED] Detail Plot: compare_result/exp_F2_global_vel_additive_Test-m2_S003_seed42/exp_F2_global_vel_additive_Test-m2_S003_seed42/m2_S003_decline_5deg.png
  [SAVED] Detail Plot: compare_result/exp_F2_global_vel_additive_Test-m2_S003_seed42/exp_F2_global_vel_additive_Test-m2_S003_seed42/m2_S003_incline_10deg.png
  [SAVED] Detail Plot: compare_result/exp_F2_global_vel_additive_Test-m2_S003_seed42/exp_F2_global_vel_additive_Test-m2_S003_seed42/m2_S003_stopandgo.png
  -> Calculating Feature Importance for exp_F2_global_vel_additive_Test-m2_S003_seed42...
  [ERROR] Failed to process exp_F2_global_vel_additive_Test-m2_S003_seed42: name 'h5py' is not defined

[3/27] Processing: exp_H2_hybrid_norm_Test-m2_S003_seed42 -> exp_H2_hybrid_norm_Test-m2_S003_seed42
[EVAL] Loaded base defaults from configs/baseline.yaml

============================================================
[EVAL] exp_H2_hybrid_norm_Test-m2_S003_seed42
[EVAL] Config: configs/exp_H2_hybrid_norm.yaml
[EVAL] Data: win_in=300, win_out=1, stride_train=5, stride_eval=1
[EVAL] est_tick_ranges=[5], lpf_cutoff=0.5, lpf_order=4
[EVAL] Loading Test Data for Subject m2_S003...
[DATA] Loading Multi-Source: keys=['m2_']
  -> Source 'm2_': ./combined_data.h5 | Subs: 1
     Loaded 21 trials
[EVAL] Applying scaler from experiments/exp_H2_hybrid_norm_Test-m2_S003_seed42/scaler.npz (mean shape=(34,))
[EVAL] Model: type=TCN_GRU, ch=[32, 32, 64, 64, 128, 128], k=5
[EVAL] Dropout=0.2, head_dropout=0.5, hidden=[64]
[EVAL] use_input_norm=True, norm_type=batch
[EVAL] input_dim=34, output_dim=1, horizon=1
[EVAL] Final y_pred shape: (389912, 1)
[EVAL] Results: MAE=0.0272, RMSE=0.0864, R²=0.9428, Lag=2.4ms
Saved compare_result/exp_H2_hybrid_norm_Test-m2_S003_seed42/exp_H2_hybrid_norm_Test-m2_S003_seed42/training_curves.png
  [SAVED] Trajectory plot: compare_result/exp_H2_hybrid_norm_Test-m2_S003_seed42/exp_H2_hybrid_norm_Test-m2_S003_seed42/trajectory.png
[INFO] Generating Detailed Grid Plots for exp_H2_hybrid_norm_Test-m2_S003_seed42...
  [SAVED] Detail Plot: compare_result/exp_H2_hybrid_norm_Test-m2_S003_seed42/exp_H2_hybrid_norm_Test-m2_S003_seed42/m2_S003_level_075mps.png
  [SAVED] Detail Plot: compare_result/exp_H2_hybrid_norm_Test-m2_S003_seed42/exp_H2_hybrid_norm_Test-m2_S003_seed42/m2_S003_level_100mps.png
  [SAVED] Detail Plot: compare_result/exp_H2_hybrid_norm_Test-m2_S003_seed42/exp_H2_hybrid_norm_Test-m2_S003_seed42/m2_S003_level_125mps.png
  [SAVED] Detail Plot: compare_result/exp_H2_hybrid_norm_Test-m2_S003_seed42/exp_H2_hybrid_norm_Test-m2_S003_seed42/m2_S003_accel_sine.png
  [SAVED] Detail Plot: compare_result/exp_H2_hybrid_norm_Test-m2_S003_seed42/exp_H2_hybrid_norm_Test-m2_S003_seed42/m2_S003_decline_5deg.png
  [SAVED] Detail Plot: compare_result/exp_H2_hybrid_norm_Test-m2_S003_seed42/exp_H2_hybrid_norm_Test-m2_S003_seed42/m2_S003_incline_10deg.png
  [SAVED] Detail Plot: compare_result/exp_H2_hybrid_norm_Test-m2_S003_seed42/exp_H2_hybrid_norm_Test-m2_S003_seed42/m2_S003_stopandgo.png
  -> Calculating Feature Importance for exp_H2_hybrid_norm_Test-m2_S003_seed42...
  [ERROR] Failed to process exp_H2_hybrid_norm_Test-m2_S003_seed42: name 'h5py' is not defined

[4/27] Processing: exp_G2_no_mocap_exo_angles_Test-m2_S006_seed42 -> exp_G2_no_mocap_exo_angles_Test-m2_S006_seed42
[EVAL] Loaded base defaults from configs/baseline.yaml

============================================================
[EVAL] exp_G2_no_mocap_exo_angles_Test-m2_S006_seed42
[EVAL] Config: configs/exp_G2_no_mocap_exo_angles.yaml
[EVAL] Data: win_in=300, win_out=1, stride_train=5, stride_eval=1
[EVAL] est_tick_ranges=[5], lpf_cutoff=0.5, lpf_order=4
[EVAL] Loading Test Data for Subject m2_S006...
[DATA] Loading Multi-Source: keys=['m2_']
  -> Source 'm2_': ./combined_data.h5 | Subs: 1
     Loaded 19 trials
[EVAL] Applying scaler from experiments/exp_G2_no_mocap_exo_angles_Test-m2_S006_seed42/scaler.npz (mean shape=(18,))
[EVAL] Model: type=TCN_GRU, ch=[32, 32, 64, 64, 128, 128], k=5
[EVAL] Dropout=0.2, head_dropout=0.5, hidden=[64]
[EVAL] use_input_norm=True, norm_type=batch
[EVAL] input_dim=18, output_dim=1, horizon=1
[EVAL] Final y_pred shape: (366545, 1)
[EVAL] Results: MAE=0.0391, RMSE=0.0762, R²=0.9584, Lag=1.1ms
Saved compare_result/exp_G2_no_mocap_exo_angles_Test-m2_S006_seed42/exp_G2_no_mocap_exo_angles_Test-m2_S006_seed42/training_curves.png
  [SAVED] Trajectory plot: compare_result/exp_G2_no_mocap_exo_angles_Test-m2_S006_seed42/exp_G2_no_mocap_exo_angles_Test-m2_S006_seed42/trajectory.png
[INFO] Generating Detailed Grid Plots for exp_G2_no_mocap_exo_angles_Test-m2_S006_seed42...
  [SAVED] Detail Plot: compare_result/exp_G2_no_mocap_exo_angles_Test-m2_S006_seed42/exp_G2_no_mocap_exo_angles_Test-m2_S006_seed42/m2_S006_level_075mps.png
  [SAVED] Detail Plot: compare_result/exp_G2_no_mocap_exo_angles_Test-m2_S006_seed42/exp_G2_no_mocap_exo_angles_Test-m2_S006_seed42/m2_S006_level_100mps.png
  [SAVED] Detail Plot: compare_result/exp_G2_no_mocap_exo_angles_Test-m2_S006_seed42/exp_G2_no_mocap_exo_angles_Test-m2_S006_seed42/m2_S006_level_125mps.png
  [SAVED] Detail Plot: compare_result/exp_G2_no_mocap_exo_angles_Test-m2_S006_seed42/exp_G2_no_mocap_exo_angles_Test-m2_S006_seed42/m2_S006_accel_sine.png
  [SAVED] Detail Plot: compare_result/exp_G2_no_mocap_exo_angles_Test-m2_S006_seed42/exp_G2_no_mocap_exo_angles_Test-m2_S006_seed42/m2_S006_decline_5deg.png
  [SAVED] Detail Plot: compare_result/exp_G2_no_mocap_exo_angles_Test-m2_S006_seed42/exp_G2_no_mocap_exo_angles_Test-m2_S006_seed42/m2_S006_incline_10deg.png
  [SAVED] Detail Plot: compare_result/exp_G2_no_mocap_exo_angles_Test-m2_S006_seed42/exp_G2_no_mocap_exo_angles_Test-m2_S006_seed42/m2_S006_stopandgo.png
  -> Calculating Feature Importance for exp_G2_no_mocap_exo_angles_Test-m2_S006_seed42...
  [ERROR] Failed to process exp_G2_no_mocap_exo_angles_Test-m2_S006_seed42: name 'h5py' is not defined

[5/27] Processing: baseline_Test-m2_S008_seed42 -> baseline_Test-m2_S008_seed42
[EVAL] Loaded base defaults from configs/baseline.yaml

============================================================
[EVAL] baseline_Test-m2_S008_seed42
[EVAL] Config: configs/baseline.yaml
[EVAL] Data: win_in=300, win_out=1, stride_train=5, stride_eval=1
[EVAL] est_tick_ranges=[5], lpf_cutoff=0.5, lpf_order=4
[EVAL] Loading Test Data for Subject m2_S008...
[DATA] Loading Multi-Source: keys=['m2_']
  -> Source 'm2_': ./combined_data.h5 | Subs: 1
     Loaded 20 trials
[EVAL] Applying scaler from experiments/baseline_Test-m2_S008_seed42/scaler.npz (mean shape=(34,))
[EVAL] Model: type=TCN_GRU, ch=[32, 32, 64, 64, 128, 128], k=5
[EVAL] Dropout=0.2, head_dropout=0.5, hidden=[64]
[EVAL] use_input_norm=True, norm_type=batch
[EVAL] input_dim=34, output_dim=1, horizon=1
[EVAL] Final y_pred shape: (377475, 1)
[EVAL] Results: MAE=0.0108, RMSE=0.0281, R²=0.9941, Lag=-1.0ms
Saved compare_result/baseline_Test-m2_S008_seed42/baseline_Test-m2_S008_seed42/training_curves.png
  [SAVED] Trajectory plot: compare_result/baseline_Test-m2_S008_seed42/baseline_Test-m2_S008_seed42/trajectory.png
[INFO] Generating Detailed Grid Plots for baseline_Test-m2_S008_seed42...
  [SAVED] Detail Plot: compare_result/baseline_Test-m2_S008_seed42/baseline_Test-m2_S008_seed42/m2_S008_level_075mps.png
  [SAVED] Detail Plot: compare_result/baseline_Test-m2_S008_seed42/baseline_Test-m2_S008_seed42/m2_S008_level_100mps.png
  [SAVED] Detail Plot: compare_result/baseline_Test-m2_S008_seed42/baseline_Test-m2_S008_seed42/m2_S008_level_125mps.png
  [SAVED] Detail Plot: compare_result/baseline_Test-m2_S008_seed42/baseline_Test-m2_S008_seed42/m2_S008_accel_sine.png
  [SAVED] Detail Plot: compare_result/baseline_Test-m2_S008_seed42/baseline_Test-m2_S008_seed42/m2_S008_decline_5deg.png
  [SAVED] Detail Plot: compare_result/baseline_Test-m2_S008_seed42/baseline_Test-m2_S008_seed42/m2_S008_incline_10deg.png
  [SAVED] Detail Plot: compare_result/baseline_Test-m2_S008_seed42/baseline_Test-m2_S008_seed42/m2_S008_stopandgo.png
  -> Calculating Feature Importance for baseline_Test-m2_S008_seed42...
  [ERROR] Failed to process baseline_Test-m2_S008_seed42: name 'h5py' is not defined

[6/27] Processing: exp_G3_no_grf_enhanced_Test-m2_S006_seed42 -> exp_G3_no_grf_enhanced_Test-m2_S006_seed42
[EVAL] Loaded base defaults from configs/baseline.yaml

============================================================
[EVAL] exp_G3_no_grf_enhanced_Test-m2_S006_seed42
[EVAL] Config: configs/exp_G3_no_grf_enhanced.yaml
[EVAL] Data: win_in=300, win_out=1, stride_train=5, stride_eval=1
[EVAL] est_tick_ranges=[5], lpf_cutoff=0.5, lpf_order=4
[EVAL] Loading Test Data for Subject m2_S006...
[DATA] Loading Multi-Source: keys=['m2_']
  -> Source 'm2_': ./combined_data.h5 | Subs: 1
     Loaded 19 trials
[EVAL] Applying scaler from experiments/exp_G3_no_grf_enhanced_Test-m2_S006_seed42/scaler.npz (mean shape=(26,))
[EVAL] Model: type=TCN_GRU, ch=[32, 32, 64, 64, 128, 128], k=5
[EVAL] Dropout=0.2, head_dropout=0.5, hidden=[64]
[EVAL] use_input_norm=True, norm_type=batch
[EVAL] input_dim=26, output_dim=1, horizon=1
[EVAL] Final y_pred shape: (366545, 1)
[EVAL] Results: MAE=0.0127, RMSE=0.0279, R²=0.9944, Lag=-1.1ms
Saved compare_result/exp_G3_no_grf_enhanced_Test-m2_S006_seed42/exp_G3_no_grf_enhanced_Test-m2_S006_seed42/training_curves.png
  [SAVED] Trajectory plot: compare_result/exp_G3_no_grf_enhanced_Test-m2_S006_seed42/exp_G3_no_grf_enhanced_Test-m2_S006_seed42/trajectory.png
[INFO] Generating Detailed Grid Plots for exp_G3_no_grf_enhanced_Test-m2_S006_seed42...
  [SAVED] Detail Plot: compare_result/exp_G3_no_grf_enhanced_Test-m2_S006_seed42/exp_G3_no_grf_enhanced_Test-m2_S006_seed42/m2_S006_level_075mps.png
  [SAVED] Detail Plot: compare_result/exp_G3_no_grf_enhanced_Test-m2_S006_seed42/exp_G3_no_grf_enhanced_Test-m2_S006_seed42/m2_S006_level_100mps.png
  [SAVED] Detail Plot: compare_result/exp_G3_no_grf_enhanced_Test-m2_S006_seed42/exp_G3_no_grf_enhanced_Test-m2_S006_seed42/m2_S006_level_125mps.png
  [SAVED] Detail Plot: compare_result/exp_G3_no_grf_enhanced_Test-m2_S006_seed42/exp_G3_no_grf_enhanced_Test-m2_S006_seed42/m2_S006_accel_sine.png
  [SAVED] Detail Plot: compare_result/exp_G3_no_grf_enhanced_Test-m2_S006_seed42/exp_G3_no_grf_enhanced_Test-m2_S006_seed42/m2_S006_decline_5deg.png
  [SAVED] Detail Plot: compare_result/exp_G3_no_grf_enhanced_Test-m2_S006_seed42/exp_G3_no_grf_enhanced_Test-m2_S006_seed42/m2_S006_incline_10deg.png
  [SAVED] Detail Plot: compare_result/exp_G3_no_grf_enhanced_Test-m2_S006_seed42/exp_G3_no_grf_enhanced_Test-m2_S006_seed42/m2_S006_stopandgo.png
  -> Calculating Feature Importance for exp_G3_no_grf_enhanced_Test-m2_S006_seed42...
  [ERROR] Failed to process exp_G3_no_grf_enhanced_Test-m2_S006_seed42: name 'h5py' is not defined

[7/27] Processing: exp_F3_global_full_additive_Test-m2_S003_seed42 -> exp_F3_global_full_additive_Test-m2_S003_seed42
[EVAL] Loaded base defaults from configs/baseline.yaml

============================================================
[EVAL] exp_F3_global_full_additive_Test-m2_S003_seed42
[EVAL] Config: configs/exp_F3_global_full_additive.yaml
[EVAL] Data: win_in=300, win_out=1, stride_train=5, stride_eval=1
[EVAL] est_tick_ranges=[5], lpf_cutoff=0.5, lpf_order=4
[EVAL] Loading Test Data for Subject m2_S003...
[DATA] Loading Multi-Source: keys=['m2_']
  -> Source 'm2_': ./combined_data.h5 | Subs: 1
     Loaded 21 trials
[EVAL] Applying scaler from experiments/exp_F3_global_full_additive_Test-m2_S003_seed42/scaler.npz (mean shape=(37,))
[EVAL] Model: type=TCN_GRU, ch=[32, 32, 64, 64, 128, 128], k=5
[EVAL] Dropout=0.2, head_dropout=0.5, hidden=[64]
[EVAL] use_input_norm=True, norm_type=batch
[EVAL] input_dim=37, output_dim=1, horizon=1
[EVAL] Final y_pred shape: (389912, 1)
[EVAL] Results: MAE=0.0645, RMSE=0.1943, R²=0.7107, Lag=6.2ms
Saved compare_result/exp_F3_global_full_additive_Test-m2_S003_seed42/exp_F3_global_full_additive_Test-m2_S003_seed42/training_curves.png
  [SAVED] Trajectory plot: compare_result/exp_F3_global_full_additive_Test-m2_S003_seed42/exp_F3_global_full_additive_Test-m2_S003_seed42/trajectory.png
[INFO] Generating Detailed Grid Plots for exp_F3_global_full_additive_Test-m2_S003_seed42...
  [SAVED] Detail Plot: compare_result/exp_F3_global_full_additive_Test-m2_S003_seed42/exp_F3_global_full_additive_Test-m2_S003_seed42/m2_S003_level_075mps.png
  [SAVED] Detail Plot: compare_result/exp_F3_global_full_additive_Test-m2_S003_seed42/exp_F3_global_full_additive_Test-m2_S003_seed42/m2_S003_level_100mps.png
  [SAVED] Detail Plot: compare_result/exp_F3_global_full_additive_Test-m2_S003_seed42/exp_F3_global_full_additive_Test-m2_S003_seed42/m2_S003_level_125mps.png
  [SAVED] Detail Plot: compare_result/exp_F3_global_full_additive_Test-m2_S003_seed42/exp_F3_global_full_additive_Test-m2_S003_seed42/m2_S003_accel_sine.png
  [SAVED] Detail Plot: compare_result/exp_F3_global_full_additive_Test-m2_S003_seed42/exp_F3_global_full_additive_Test-m2_S003_seed42/m2_S003_decline_5deg.png
  [SAVED] Detail Plot: compare_result/exp_F3_global_full_additive_Test-m2_S003_seed42/exp_F3_global_full_additive_Test-m2_S003_seed42/m2_S003_incline_10deg.png
  [SAVED] Detail Plot: compare_result/exp_F3_global_full_additive_Test-m2_S003_seed42/exp_F3_global_full_additive_Test-m2_S003_seed42/m2_S003_stopandgo.png
  -> Calculating Feature Importance for exp_F3_global_full_additive_Test-m2_S003_seed42...
  [ERROR] Failed to process exp_F3_global_full_additive_Test-m2_S003_seed42: name 'h5py' is not defined

[8/27] Processing: exp_G3_no_grf_enhanced_Test-m2_S003_seed42 -> exp_G3_no_grf_enhanced_Test-m2_S003_seed42
[EVAL] Loaded base defaults from configs/baseline.yaml

============================================================
[EVAL] exp_G3_no_grf_enhanced_Test-m2_S003_seed42
[EVAL] Config: configs/exp_G3_no_grf_enhanced.yaml
[EVAL] Data: win_in=300, win_out=1, stride_train=5, stride_eval=1
[EVAL] est_tick_ranges=[5], lpf_cutoff=0.5, lpf_order=4
[EVAL] Loading Test Data for Subject m2_S003...
[DATA] Loading Multi-Source: keys=['m2_']
  -> Source 'm2_': ./combined_data.h5 | Subs: 1
     Loaded 21 trials
[EVAL] Applying scaler from experiments/exp_G3_no_grf_enhanced_Test-m2_S003_seed42/scaler.npz (mean shape=(26,))
[EVAL] Model: type=TCN_GRU, ch=[32, 32, 64, 64, 128, 128], k=5
[EVAL] Dropout=0.2, head_dropout=0.5, hidden=[64]
[EVAL] use_input_norm=True, norm_type=batch
[EVAL] input_dim=26, output_dim=1, horizon=1
[EVAL] Final y_pred shape: (389912, 1)
[EVAL] Results: MAE=0.0354, RMSE=0.0841, R²=0.9458, Lag=6.7ms
Saved compare_result/exp_G3_no_grf_enhanced_Test-m2_S003_seed42/exp_G3_no_grf_enhanced_Test-m2_S003_seed42/training_curves.png
  [SAVED] Trajectory plot: compare_result/exp_G3_no_grf_enhanced_Test-m2_S003_seed42/exp_G3_no_grf_enhanced_Test-m2_S003_seed42/trajectory.png
[INFO] Generating Detailed Grid Plots for exp_G3_no_grf_enhanced_Test-m2_S003_seed42...
  [SAVED] Detail Plot: compare_result/exp_G3_no_grf_enhanced_Test-m2_S003_seed42/exp_G3_no_grf_enhanced_Test-m2_S003_seed42/m2_S003_level_075mps.png
  [SAVED] Detail Plot: compare_result/exp_G3_no_grf_enhanced_Test-m2_S003_seed42/exp_G3_no_grf_enhanced_Test-m2_S003_seed42/m2_S003_level_100mps.png
  [SAVED] Detail Plot: compare_result/exp_G3_no_grf_enhanced_Test-m2_S003_seed42/exp_G3_no_grf_enhanced_Test-m2_S003_seed42/m2_S003_level_125mps.png
  [SAVED] Detail Plot: compare_result/exp_G3_no_grf_enhanced_Test-m2_S003_seed42/exp_G3_no_grf_enhanced_Test-m2_S003_seed42/m2_S003_accel_sine.png
  [SAVED] Detail Plot: compare_result/exp_G3_no_grf_enhanced_Test-m2_S003_seed42/exp_G3_no_grf_enhanced_Test-m2_S003_seed42/m2_S003_decline_5deg.png
  [SAVED] Detail Plot: compare_result/exp_G3_no_grf_enhanced_Test-m2_S003_seed42/exp_G3_no_grf_enhanced_Test-m2_S003_seed42/m2_S003_incline_10deg.png
  [SAVED] Detail Plot: compare_result/exp_G3_no_grf_enhanced_Test-m2_S003_seed42/exp_G3_no_grf_enhanced_Test-m2_S003_seed42/m2_S003_stopandgo.png
  -> Calculating Feature Importance for exp_G3_no_grf_enhanced_Test-m2_S003_seed42...
  [ERROR] Failed to process exp_G3_no_grf_enhanced_Test-m2_S003_seed42: name 'h5py' is not defined

[9/27] Processing: exp_G2_no_mocap_exo_angles_Test-m2_S008_seed42 -> exp_G2_no_mocap_exo_angles_Test-m2_S008_seed42
[EVAL] Loaded base defaults from configs/baseline.yaml

============================================================
[EVAL] exp_G2_no_mocap_exo_angles_Test-m2_S008_seed42
[EVAL] Config: configs/exp_G2_no_mocap_exo_angles.yaml
[EVAL] Data: win_in=300, win_out=1, stride_train=5, stride_eval=1
[EVAL] est_tick_ranges=[5], lpf_cutoff=0.5, lpf_order=4
[EVAL] Loading Test Data for Subject m2_S008...
[DATA] Loading Multi-Source: keys=['m2_']
  -> Source 'm2_': ./combined_data.h5 | Subs: 1
     Loaded 20 trials
[EVAL] Applying scaler from experiments/exp_G2_no_mocap_exo_angles_Test-m2_S008_seed42/scaler.npz (mean shape=(18,))
[EVAL] Model: type=TCN_GRU, ch=[32, 32, 64, 64, 128, 128], k=5
[EVAL] Dropout=0.2, head_dropout=0.5, hidden=[64]
[EVAL] use_input_norm=True, norm_type=batch
[EVAL] input_dim=18, output_dim=1, horizon=1
[EVAL] Final y_pred shape: (377475, 1)
[EVAL] Results: MAE=0.0303, RMSE=0.0673, R²=0.9660, Lag=0.0ms
Saved compare_result/exp_G2_no_mocap_exo_angles_Test-m2_S008_seed42/exp_G2_no_mocap_exo_angles_Test-m2_S008_seed42/training_curves.png
  [SAVED] Trajectory plot: compare_result/exp_G2_no_mocap_exo_angles_Test-m2_S008_seed42/exp_G2_no_mocap_exo_angles_Test-m2_S008_seed42/trajectory.png
[INFO] Generating Detailed Grid Plots for exp_G2_no_mocap_exo_angles_Test-m2_S008_seed42...
  [SAVED] Detail Plot: compare_result/exp_G2_no_mocap_exo_angles_Test-m2_S008_seed42/exp_G2_no_mocap_exo_angles_Test-m2_S008_seed42/m2_S008_level_075mps.png
  [SAVED] Detail Plot: compare_result/exp_G2_no_mocap_exo_angles_Test-m2_S008_seed42/exp_G2_no_mocap_exo_angles_Test-m2_S008_seed42/m2_S008_level_100mps.png
  [SAVED] Detail Plot: compare_result/exp_G2_no_mocap_exo_angles_Test-m2_S008_seed42/exp_G2_no_mocap_exo_angles_Test-m2_S008_seed42/m2_S008_level_125mps.png
  [SAVED] Detail Plot: compare_result/exp_G2_no_mocap_exo_angles_Test-m2_S008_seed42/exp_G2_no_mocap_exo_angles_Test-m2_S008_seed42/m2_S008_accel_sine.png
  [SAVED] Detail Plot: compare_result/exp_G2_no_mocap_exo_angles_Test-m2_S008_seed42/exp_G2_no_mocap_exo_angles_Test-m2_S008_seed42/m2_S008_decline_5deg.png
  [SAVED] Detail Plot: compare_result/exp_G2_no_mocap_exo_angles_Test-m2_S008_seed42/exp_G2_no_mocap_exo_angles_Test-m2_S008_seed42/m2_S008_incline_10deg.png
  [SAVED] Detail Plot: compare_result/exp_G2_no_mocap_exo_angles_Test-m2_S008_seed42/exp_G2_no_mocap_exo_angles_Test-m2_S008_seed42/m2_S008_stopandgo.png
  -> Calculating Feature Importance for exp_G2_no_mocap_exo_angles_Test-m2_S008_seed42...
  [ERROR] Failed to process exp_G2_no_mocap_exo_angles_Test-m2_S008_seed42: name 'h5py' is not defined

[10/27] Processing: exp_G1_no_mocap_enhanced_Test-m2_S006_seed42 -> exp_G1_no_mocap_enhanced_Test-m2_S006_seed42
[EVAL] Loaded base defaults from configs/baseline.yaml

============================================================
[EVAL] exp_G1_no_mocap_enhanced_Test-m2_S006_seed42
[EVAL] Config: configs/exp_G1_no_mocap_enhanced.yaml
[EVAL] Data: win_in=300, win_out=1, stride_train=5, stride_eval=1
[EVAL] est_tick_ranges=[5], lpf_cutoff=0.5, lpf_order=4
[EVAL] Loading Test Data for Subject m2_S006...
[DATA] Loading Multi-Source: keys=['m2_']
  -> Source 'm2_': ./combined_data.h5 | Subs: 1
     Loaded 19 trials
[EVAL] Applying scaler from experiments/exp_G1_no_mocap_enhanced_Test-m2_S006_seed42/scaler.npz (mean shape=(16,))
[EVAL] Model: type=TCN_GRU, ch=[32, 32, 64, 64, 128, 128], k=5
[EVAL] Dropout=0.2, head_dropout=0.5, hidden=[64]
[EVAL] use_input_norm=True, norm_type=batch
[EVAL] input_dim=16, output_dim=1, horizon=1
[EVAL] Final y_pred shape: (366545, 1)
[EVAL] Results: MAE=0.0116, RMSE=0.0311, R²=0.9931, Lag=-2.6ms
Saved compare_result/exp_G1_no_mocap_enhanced_Test-m2_S006_seed42/exp_G1_no_mocap_enhanced_Test-m2_S006_seed42/training_curves.png
  [SAVED] Trajectory plot: compare_result/exp_G1_no_mocap_enhanced_Test-m2_S006_seed42/exp_G1_no_mocap_enhanced_Test-m2_S006_seed42/trajectory.png
[INFO] Generating Detailed Grid Plots for exp_G1_no_mocap_enhanced_Test-m2_S006_seed42...
  [SAVED] Detail Plot: compare_result/exp_G1_no_mocap_enhanced_Test-m2_S006_seed42/exp_G1_no_mocap_enhanced_Test-m2_S006_seed42/m2_S006_level_075mps.png
  [SAVED] Detail Plot: compare_result/exp_G1_no_mocap_enhanced_Test-m2_S006_seed42/exp_G1_no_mocap_enhanced_Test-m2_S006_seed42/m2_S006_level_100mps.png
  [SAVED] Detail Plot: compare_result/exp_G1_no_mocap_enhanced_Test-m2_S006_seed42/exp_G1_no_mocap_enhanced_Test-m2_S006_seed42/m2_S006_level_125mps.png
  [SAVED] Detail Plot: compare_result/exp_G1_no_mocap_enhanced_Test-m2_S006_seed42/exp_G1_no_mocap_enhanced_Test-m2_S006_seed42/m2_S006_accel_sine.png
  [SAVED] Detail Plot: compare_result/exp_G1_no_mocap_enhanced_Test-m2_S006_seed42/exp_G1_no_mocap_enhanced_Test-m2_S006_seed42/m2_S006_decline_5deg.png
  [SAVED] Detail Plot: compare_result/exp_G1_no_mocap_enhanced_Test-m2_S006_seed42/exp_G1_no_mocap_enhanced_Test-m2_S006_seed42/m2_S006_incline_10deg.png
  [SAVED] Detail Plot: compare_result/exp_G1_no_mocap_enhanced_Test-m2_S006_seed42/exp_G1_no_mocap_enhanced_Test-m2_S006_seed42/m2_S006_stopandgo.png
  -> Calculating Feature Importance for exp_G1_no_mocap_enhanced_Test-m2_S006_seed42...
  [ERROR] Failed to process exp_G1_no_mocap_enhanced_Test-m2_S006_seed42: name 'h5py' is not defined

[11/27] Processing: exp_F2_global_vel_additive_Test-m2_S008_seed42 -> exp_F2_global_vel_additive_Test-m2_S008_seed42
[EVAL] Loaded base defaults from configs/baseline.yaml

============================================================
[EVAL] exp_F2_global_vel_additive_Test-m2_S008_seed42
[EVAL] Config: configs/exp_F2_global_vel_additive.yaml
[EVAL] Data: win_in=300, win_out=1, stride_train=5, stride_eval=1
[EVAL] est_tick_ranges=[5], lpf_cutoff=0.5, lpf_order=4
[EVAL] Loading Test Data for Subject m2_S008...
[DATA] Loading Multi-Source: keys=['m2_']
  -> Source 'm2_': ./combined_data.h5 | Subs: 1
     Loaded 20 trials
[EVAL] Applying scaler from experiments/exp_F2_global_vel_additive_Test-m2_S008_seed42/scaler.npz (mean shape=(35,))
[EVAL] Model: type=TCN_GRU, ch=[32, 32, 64, 64, 128, 128], k=5
[EVAL] Dropout=0.2, head_dropout=0.5, hidden=[64]
[EVAL] use_input_norm=True, norm_type=batch
[EVAL] input_dim=35, output_dim=1, horizon=1
[EVAL] Final y_pred shape: (377475, 1)
[EVAL] Results: MAE=0.0181, RMSE=0.0428, R²=0.9862, Lag=0.0ms
Saved compare_result/exp_F2_global_vel_additive_Test-m2_S008_seed42/exp_F2_global_vel_additive_Test-m2_S008_seed42/training_curves.png
  [SAVED] Trajectory plot: compare_result/exp_F2_global_vel_additive_Test-m2_S008_seed42/exp_F2_global_vel_additive_Test-m2_S008_seed42/trajectory.png
[INFO] Generating Detailed Grid Plots for exp_F2_global_vel_additive_Test-m2_S008_seed42...
  [SAVED] Detail Plot: compare_result/exp_F2_global_vel_additive_Test-m2_S008_seed42/exp_F2_global_vel_additive_Test-m2_S008_seed42/m2_S008_level_075mps.png
  [SAVED] Detail Plot: compare_result/exp_F2_global_vel_additive_Test-m2_S008_seed42/exp_F2_global_vel_additive_Test-m2_S008_seed42/m2_S008_level_100mps.png
  [SAVED] Detail Plot: compare_result/exp_F2_global_vel_additive_Test-m2_S008_seed42/exp_F2_global_vel_additive_Test-m2_S008_seed42/m2_S008_level_125mps.png
  [SAVED] Detail Plot: compare_result/exp_F2_global_vel_additive_Test-m2_S008_seed42/exp_F2_global_vel_additive_Test-m2_S008_seed42/m2_S008_accel_sine.png
  [SAVED] Detail Plot: compare_result/exp_F2_global_vel_additive_Test-m2_S008_seed42/exp_F2_global_vel_additive_Test-m2_S008_seed42/m2_S008_decline_5deg.png
  [SAVED] Detail Plot: compare_result/exp_F2_global_vel_additive_Test-m2_S008_seed42/exp_F2_global_vel_additive_Test-m2_S008_seed42/m2_S008_incline_10deg.png
  [SAVED] Detail Plot: compare_result/exp_F2_global_vel_additive_Test-m2_S008_seed42/exp_F2_global_vel_additive_Test-m2_S008_seed42/m2_S008_stopandgo.png
  -> Calculating Feature Importance for exp_F2_global_vel_additive_Test-m2_S008_seed42...
  [ERROR] Failed to process exp_F2_global_vel_additive_Test-m2_S008_seed42: name 'h5py' is not defined

[12/27] Processing: baseline_Test-m2_S006_seed42 -> baseline_Test-m2_S006_seed42
[EVAL] Loaded base defaults from configs/baseline.yaml

============================================================
[EVAL] baseline_Test-m2_S006_seed42
[EVAL] Config: configs/baseline.yaml
[EVAL] Data: win_in=300, win_out=1, stride_train=5, stride_eval=1
[EVAL] est_tick_ranges=[5], lpf_cutoff=0.5, lpf_order=4
[EVAL] Loading Test Data for Subject m2_S006...
[DATA] Loading Multi-Source: keys=['m2_']
  -> Source 'm2_': ./combined_data.h5 | Subs: 1
     Loaded 19 trials
[EVAL] Applying scaler from experiments/baseline_Test-m2_S006_seed42/scaler.npz (mean shape=(34,))
[EVAL] Model: type=TCN_GRU, ch=[32, 32, 64, 64, 128, 128], k=5
[EVAL] Dropout=0.2, head_dropout=0.5, hidden=[64]
[EVAL] use_input_norm=True, norm_type=batch
[EVAL] input_dim=34, output_dim=1, horizon=1
[EVAL] Final y_pred shape: (366545, 1)
[EVAL] Results: MAE=0.0164, RMSE=0.0353, R²=0.9910, Lag=-8.4ms
Saved compare_result/baseline_Test-m2_S006_seed42/baseline_Test-m2_S006_seed42/training_curves.png
  [SAVED] Trajectory plot: compare_result/baseline_Test-m2_S006_seed42/baseline_Test-m2_S006_seed42/trajectory.png
[INFO] Generating Detailed Grid Plots for baseline_Test-m2_S006_seed42...
  [SAVED] Detail Plot: compare_result/baseline_Test-m2_S006_seed42/baseline_Test-m2_S006_seed42/m2_S006_level_075mps.png
  [SAVED] Detail Plot: compare_result/baseline_Test-m2_S006_seed42/baseline_Test-m2_S006_seed42/m2_S006_level_100mps.png
  [SAVED] Detail Plot: compare_result/baseline_Test-m2_S006_seed42/baseline_Test-m2_S006_seed42/m2_S006_level_125mps.png
  [SAVED] Detail Plot: compare_result/baseline_Test-m2_S006_seed42/baseline_Test-m2_S006_seed42/m2_S006_accel_sine.png
  [SAVED] Detail Plot: compare_result/baseline_Test-m2_S006_seed42/baseline_Test-m2_S006_seed42/m2_S006_decline_5deg.png
  [SAVED] Detail Plot: compare_result/baseline_Test-m2_S006_seed42/baseline_Test-m2_S006_seed42/m2_S006_incline_10deg.png
  [SAVED] Detail Plot: compare_result/baseline_Test-m2_S006_seed42/baseline_Test-m2_S006_seed42/m2_S006_stopandgo.png
  -> Calculating Feature Importance for baseline_Test-m2_S006_seed42...
  [ERROR] Failed to process baseline_Test-m2_S006_seed42: name 'h5py' is not defined

[13/27] Processing: baseline_Test-m2_S003_seed42 -> baseline_Test-m2_S003_seed42
[EVAL] Loaded base defaults from configs/baseline.yaml

============================================================
[EVAL] baseline_Test-m2_S003_seed42
[EVAL] Config: configs/baseline.yaml
[EVAL] Data: win_in=300, win_out=1, stride_train=5, stride_eval=1
[EVAL] est_tick_ranges=[5], lpf_cutoff=0.5, lpf_order=4
[EVAL] Loading Test Data for Subject m2_S003...
[DATA] Loading Multi-Source: keys=['m2_']
  -> Source 'm2_': ./combined_data.h5 | Subs: 1
     Loaded 21 trials
[EVAL] Applying scaler from experiments/baseline_Test-m2_S003_seed42/scaler.npz (mean shape=(34,))
[EVAL] Model: type=TCN_GRU, ch=[32, 32, 64, 64, 128, 128], k=5
[EVAL] Dropout=0.2, head_dropout=0.5, hidden=[64]
[EVAL] use_input_norm=True, norm_type=batch
[EVAL] input_dim=34, output_dim=1, horizon=1
[EVAL] Final y_pred shape: (389912, 1)
[EVAL] Results: MAE=0.0332, RMSE=0.0835, R²=0.9465, Lag=11.4ms
Saved compare_result/baseline_Test-m2_S003_seed42/baseline_Test-m2_S003_seed42/training_curves.png
  [SAVED] Trajectory plot: compare_result/baseline_Test-m2_S003_seed42/baseline_Test-m2_S003_seed42/trajectory.png
[INFO] Generating Detailed Grid Plots for baseline_Test-m2_S003_seed42...
  [SAVED] Detail Plot: compare_result/baseline_Test-m2_S003_seed42/baseline_Test-m2_S003_seed42/m2_S003_level_075mps.png
  [SAVED] Detail Plot: compare_result/baseline_Test-m2_S003_seed42/baseline_Test-m2_S003_seed42/m2_S003_level_100mps.png
  [SAVED] Detail Plot: compare_result/baseline_Test-m2_S003_seed42/baseline_Test-m2_S003_seed42/m2_S003_level_125mps.png
  [SAVED] Detail Plot: compare_result/baseline_Test-m2_S003_seed42/baseline_Test-m2_S003_seed42/m2_S003_accel_sine.png
  [SAVED] Detail Plot: compare_result/baseline_Test-m2_S003_seed42/baseline_Test-m2_S003_seed42/m2_S003_decline_5deg.png
  [SAVED] Detail Plot: compare_result/baseline_Test-m2_S003_seed42/baseline_Test-m2_S003_seed42/m2_S003_incline_10deg.png
  [SAVED] Detail Plot: compare_result/baseline_Test-m2_S003_seed42/baseline_Test-m2_S003_seed42/m2_S003_stopandgo.png
  -> Calculating Feature Importance for baseline_Test-m2_S003_seed42...
  [ERROR] Failed to process baseline_Test-m2_S003_seed42: name 'h5py' is not defined

[14/27] Processing: exp_G2_no_mocap_exo_angles_Test-m2_S003_seed42 -> exp_G2_no_mocap_exo_angles_Test-m2_S003_seed42
[EVAL] Loaded base defaults from configs/baseline.yaml

============================================================
[EVAL] exp_G2_no_mocap_exo_angles_Test-m2_S003_seed42
[EVAL] Config: configs/exp_G2_no_mocap_exo_angles.yaml
[EVAL] Data: win_in=300, win_out=1, stride_train=5, stride_eval=1
[EVAL] est_tick_ranges=[5], lpf_cutoff=0.5, lpf_order=4
[EVAL] Loading Test Data for Subject m2_S003...
[DATA] Loading Multi-Source: keys=['m2_']
  -> Source 'm2_': ./combined_data.h5 | Subs: 1
     Loaded 21 trials
[EVAL] Applying scaler from experiments/exp_G2_no_mocap_exo_angles_Test-m2_S003_seed42/scaler.npz (mean shape=(18,))
[EVAL] Model: type=TCN_GRU, ch=[32, 32, 64, 64, 128, 128], k=5
[EVAL] Dropout=0.2, head_dropout=0.5, hidden=[64]
[EVAL] use_input_norm=True, norm_type=batch
[EVAL] input_dim=18, output_dim=1, horizon=1
[EVAL] Final y_pred shape: (389912, 1)
[EVAL] Results: MAE=0.0369, RMSE=0.1048, R²=0.9158, Lag=7.1ms
Saved compare_result/exp_G2_no_mocap_exo_angles_Test-m2_S003_seed42/exp_G2_no_mocap_exo_angles_Test-m2_S003_seed42/training_curves.png
  [SAVED] Trajectory plot: compare_result/exp_G2_no_mocap_exo_angles_Test-m2_S003_seed42/exp_G2_no_mocap_exo_angles_Test-m2_S003_seed42/trajectory.png
[INFO] Generating Detailed Grid Plots for exp_G2_no_mocap_exo_angles_Test-m2_S003_seed42...
  [SAVED] Detail Plot: compare_result/exp_G2_no_mocap_exo_angles_Test-m2_S003_seed42/exp_G2_no_mocap_exo_angles_Test-m2_S003_seed42/m2_S003_level_075mps.png
  [SAVED] Detail Plot: compare_result/exp_G2_no_mocap_exo_angles_Test-m2_S003_seed42/exp_G2_no_mocap_exo_angles_Test-m2_S003_seed42/m2_S003_level_100mps.png
  [SAVED] Detail Plot: compare_result/exp_G2_no_mocap_exo_angles_Test-m2_S003_seed42/exp_G2_no_mocap_exo_angles_Test-m2_S003_seed42/m2_S003_level_125mps.png
  [SAVED] Detail Plot: compare_result/exp_G2_no_mocap_exo_angles_Test-m2_S003_seed42/exp_G2_no_mocap_exo_angles_Test-m2_S003_seed42/m2_S003_accel_sine.png
  [SAVED] Detail Plot: compare_result/exp_G2_no_mocap_exo_angles_Test-m2_S003_seed42/exp_G2_no_mocap_exo_angles_Test-m2_S003_seed42/m2_S003_decline_5deg.png
  [SAVED] Detail Plot: compare_result/exp_G2_no_mocap_exo_angles_Test-m2_S003_seed42/exp_G2_no_mocap_exo_angles_Test-m2_S003_seed42/m2_S003_incline_10deg.png
  [SAVED] Detail Plot: compare_result/exp_G2_no_mocap_exo_angles_Test-m2_S003_seed42/exp_G2_no_mocap_exo_angles_Test-m2_S003_seed42/m2_S003_stopandgo.png
  -> Calculating Feature Importance for exp_G2_no_mocap_exo_angles_Test-m2_S003_seed42...
  [ERROR] Failed to process exp_G2_no_mocap_exo_angles_Test-m2_S003_seed42: name 'h5py' is not defined

[15/27] Processing: exp_F1_global_acc_additive_Test-m2_S003_seed42 -> exp_F1_global_acc_additive_Test-m2_S003_seed42
[EVAL] Loaded base defaults from configs/baseline.yaml

============================================================
[EVAL] exp_F1_global_acc_additive_Test-m2_S003_seed42
[EVAL] Config: configs/exp_F1_global_acc_additive.yaml
[EVAL] Data: win_in=300, win_out=1, stride_train=5, stride_eval=1
[EVAL] est_tick_ranges=[5], lpf_cutoff=0.5, lpf_order=4
[EVAL] Loading Test Data for Subject m2_S003...
[DATA] Loading Multi-Source: keys=['m2_']
  -> Source 'm2_': ./combined_data.h5 | Subs: 1
     Loaded 21 trials
[EVAL] Applying scaler from experiments/exp_F1_global_acc_additive_Test-m2_S003_seed42/scaler.npz (mean shape=(35,))
[EVAL] Model: type=TCN_GRU, ch=[32, 32, 64, 64, 128, 128], k=5
[EVAL] Dropout=0.2, head_dropout=0.5, hidden=[64]
[EVAL] use_input_norm=True, norm_type=batch
[EVAL] input_dim=35, output_dim=1, horizon=1
[EVAL] Final y_pred shape: (389912, 1)
[EVAL] Results: MAE=0.0317, RMSE=0.0787, R²=0.9525, Lag=-7.1ms
Saved compare_result/exp_F1_global_acc_additive_Test-m2_S003_seed42/exp_F1_global_acc_additive_Test-m2_S003_seed42/training_curves.png
  [SAVED] Trajectory plot: compare_result/exp_F1_global_acc_additive_Test-m2_S003_seed42/exp_F1_global_acc_additive_Test-m2_S003_seed42/trajectory.png
[INFO] Generating Detailed Grid Plots for exp_F1_global_acc_additive_Test-m2_S003_seed42...
  [SAVED] Detail Plot: compare_result/exp_F1_global_acc_additive_Test-m2_S003_seed42/exp_F1_global_acc_additive_Test-m2_S003_seed42/m2_S003_level_075mps.png
  [SAVED] Detail Plot: compare_result/exp_F1_global_acc_additive_Test-m2_S003_seed42/exp_F1_global_acc_additive_Test-m2_S003_seed42/m2_S003_level_100mps.png
  [SAVED] Detail Plot: compare_result/exp_F1_global_acc_additive_Test-m2_S003_seed42/exp_F1_global_acc_additive_Test-m2_S003_seed42/m2_S003_level_125mps.png
  [SAVED] Detail Plot: compare_result/exp_F1_global_acc_additive_Test-m2_S003_seed42/exp_F1_global_acc_additive_Test-m2_S003_seed42/m2_S003_accel_sine.png
  [SAVED] Detail Plot: compare_result/exp_F1_global_acc_additive_Test-m2_S003_seed42/exp_F1_global_acc_additive_Test-m2_S003_seed42/m2_S003_decline_5deg.png
  [SAVED] Detail Plot: compare_result/exp_F1_global_acc_additive_Test-m2_S003_seed42/exp_F1_global_acc_additive_Test-m2_S003_seed42/m2_S003_incline_10deg.png
  [SAVED] Detail Plot: compare_result/exp_F1_global_acc_additive_Test-m2_S003_seed42/exp_F1_global_acc_additive_Test-m2_S003_seed42/m2_S003_stopandgo.png
  -> Calculating Feature Importance for exp_F1_global_acc_additive_Test-m2_S003_seed42...
  [ERROR] Failed to process exp_F1_global_acc_additive_Test-m2_S003_seed42: name 'h5py' is not defined

[16/27] Processing: exp_H1_stride_frequency_Test-m2_S008_seed42 -> exp_H1_stride_frequency_Test-m2_S008_seed42
[EVAL] Loaded base defaults from configs/baseline.yaml

============================================================
[EVAL] exp_H1_stride_frequency_Test-m2_S008_seed42
[EVAL] Config: configs/exp_H1_stride_frequency.yaml
[EVAL] Data: win_in=300, win_out=1, stride_train=5, stride_eval=1
[EVAL] est_tick_ranges=[5], lpf_cutoff=0.5, lpf_order=4
[EVAL] Loading Test Data for Subject m2_S008...
[DATA] Loading Multi-Source: keys=['m2_']
  -> Source 'm2_': ./combined_data.h5 | Subs: 1
     Loaded 20 trials
[EVAL] Applying scaler from experiments/exp_H1_stride_frequency_Test-m2_S008_seed42/scaler.npz (mean shape=(36,))
[EVAL] Model: type=TCN_GRU, ch=[32, 32, 64, 64, 128, 128], k=5
[EVAL] Dropout=0.2, head_dropout=0.5, hidden=[64]
[EVAL] use_input_norm=True, norm_type=batch
[EVAL] input_dim=36, output_dim=1, horizon=1
[EVAL] Final y_pred shape: (377475, 1)
[EVAL] Results: MAE=0.0409, RMSE=0.0830, R²=0.9482, Lag=0.5ms
Saved compare_result/exp_H1_stride_frequency_Test-m2_S008_seed42/exp_H1_stride_frequency_Test-m2_S008_seed42/training_curves.png
  [SAVED] Trajectory plot: compare_result/exp_H1_stride_frequency_Test-m2_S008_seed42/exp_H1_stride_frequency_Test-m2_S008_seed42/trajectory.png
[INFO] Generating Detailed Grid Plots for exp_H1_stride_frequency_Test-m2_S008_seed42...
  [SAVED] Detail Plot: compare_result/exp_H1_stride_frequency_Test-m2_S008_seed42/exp_H1_stride_frequency_Test-m2_S008_seed42/m2_S008_level_075mps.png
  [SAVED] Detail Plot: compare_result/exp_H1_stride_frequency_Test-m2_S008_seed42/exp_H1_stride_frequency_Test-m2_S008_seed42/m2_S008_level_100mps.png
  [SAVED] Detail Plot: compare_result/exp_H1_stride_frequency_Test-m2_S008_seed42/exp_H1_stride_frequency_Test-m2_S008_seed42/m2_S008_level_125mps.png
  [SAVED] Detail Plot: compare_result/exp_H1_stride_frequency_Test-m2_S008_seed42/exp_H1_stride_frequency_Test-m2_S008_seed42/m2_S008_accel_sine.png
  [SAVED] Detail Plot: compare_result/exp_H1_stride_frequency_Test-m2_S008_seed42/exp_H1_stride_frequency_Test-m2_S008_seed42/m2_S008_decline_5deg.png
  [SAVED] Detail Plot: compare_result/exp_H1_stride_frequency_Test-m2_S008_seed42/exp_H1_stride_frequency_Test-m2_S008_seed42/m2_S008_incline_10deg.png
  [SAVED] Detail Plot: compare_result/exp_H1_stride_frequency_Test-m2_S008_seed42/exp_H1_stride_frequency_Test-m2_S008_seed42/m2_S008_stopandgo.png
  -> Calculating Feature Importance for exp_H1_stride_frequency_Test-m2_S008_seed42...
  [ERROR] Failed to process exp_H1_stride_frequency_Test-m2_S008_seed42: name 'h5py' is not defined

[17/27] Processing: exp_F2_global_vel_additive_Test-m2_S006_seed42 -> exp_F2_global_vel_additive_Test-m2_S006_seed42
[EVAL] Loaded base defaults from configs/baseline.yaml

============================================================
[EVAL] exp_F2_global_vel_additive_Test-m2_S006_seed42
[EVAL] Config: configs/exp_F2_global_vel_additive.yaml
[EVAL] Data: win_in=300, win_out=1, stride_train=5, stride_eval=1
[EVAL] est_tick_ranges=[5], lpf_cutoff=0.5, lpf_order=4
[EVAL] Loading Test Data for Subject m2_S006...
[DATA] Loading Multi-Source: keys=['m2_']
  -> Source 'm2_': ./combined_data.h5 | Subs: 1
     Loaded 19 trials
[EVAL] Applying scaler from experiments/exp_F2_global_vel_additive_Test-m2_S006_seed42/scaler.npz (mean shape=(35,))
[EVAL] Model: type=TCN_GRU, ch=[32, 32, 64, 64, 128, 128], k=5
[EVAL] Dropout=0.2, head_dropout=0.5, hidden=[64]
[EVAL] use_input_norm=True, norm_type=batch
[EVAL] input_dim=35, output_dim=1, horizon=1
[EVAL] Final y_pred shape: (366545, 1)
[EVAL] Results: MAE=0.0129, RMSE=0.0245, R²=0.9957, Lag=-11.6ms
Saved compare_result/exp_F2_global_vel_additive_Test-m2_S006_seed42/exp_F2_global_vel_additive_Test-m2_S006_seed42/training_curves.png
  [SAVED] Trajectory plot: compare_result/exp_F2_global_vel_additive_Test-m2_S006_seed42/exp_F2_global_vel_additive_Test-m2_S006_seed42/trajectory.png
[INFO] Generating Detailed Grid Plots for exp_F2_global_vel_additive_Test-m2_S006_seed42...
  [SAVED] Detail Plot: compare_result/exp_F2_global_vel_additive_Test-m2_S006_seed42/exp_F2_global_vel_additive_Test-m2_S006_seed42/m2_S006_level_075mps.png
  [SAVED] Detail Plot: compare_result/exp_F2_global_vel_additive_Test-m2_S006_seed42/exp_F2_global_vel_additive_Test-m2_S006_seed42/m2_S006_level_100mps.png
  [SAVED] Detail Plot: compare_result/exp_F2_global_vel_additive_Test-m2_S006_seed42/exp_F2_global_vel_additive_Test-m2_S006_seed42/m2_S006_level_125mps.png
  [SAVED] Detail Plot: compare_result/exp_F2_global_vel_additive_Test-m2_S006_seed42/exp_F2_global_vel_additive_Test-m2_S006_seed42/m2_S006_accel_sine.png
  [SAVED] Detail Plot: compare_result/exp_F2_global_vel_additive_Test-m2_S006_seed42/exp_F2_global_vel_additive_Test-m2_S006_seed42/m2_S006_decline_5deg.png
  [SAVED] Detail Plot: compare_result/exp_F2_global_vel_additive_Test-m2_S006_seed42/exp_F2_global_vel_additive_Test-m2_S006_seed42/m2_S006_incline_10deg.png
  [SAVED] Detail Plot: compare_result/exp_F2_global_vel_additive_Test-m2_S006_seed42/exp_F2_global_vel_additive_Test-m2_S006_seed42/m2_S006_stopandgo.png
  -> Calculating Feature Importance for exp_F2_global_vel_additive_Test-m2_S006_seed42...
  [ERROR] Failed to process exp_F2_global_vel_additive_Test-m2_S006_seed42: name 'h5py' is not defined

[18/27] Processing: exp_H1_stride_frequency_Test-m2_S006_seed42 -> exp_H1_stride_frequency_Test-m2_S006_seed42
[EVAL] Loaded base defaults from configs/baseline.yaml

============================================================
[EVAL] exp_H1_stride_frequency_Test-m2_S006_seed42
[EVAL] Config: configs/exp_H1_stride_frequency.yaml
[EVAL] Data: win_in=300, win_out=1, stride_train=5, stride_eval=1
[EVAL] est_tick_ranges=[5], lpf_cutoff=0.5, lpf_order=4
[EVAL] Loading Test Data for Subject m2_S006...
[DATA] Loading Multi-Source: keys=['m2_']
  -> Source 'm2_': ./combined_data.h5 | Subs: 1
     Loaded 19 trials
[EVAL] Applying scaler from experiments/exp_H1_stride_frequency_Test-m2_S006_seed42/scaler.npz (mean shape=(36,))
[EVAL] Model: type=TCN_GRU, ch=[32, 32, 64, 64, 128, 128], k=5
[EVAL] Dropout=0.2, head_dropout=0.5, hidden=[64]
[EVAL] use_input_norm=True, norm_type=batch
[EVAL] input_dim=36, output_dim=1, horizon=1
[EVAL] Final y_pred shape: (366545, 1)
[EVAL] Results: MAE=0.0158, RMSE=0.0300, R²=0.9936, Lag=-14.7ms
Saved compare_result/exp_H1_stride_frequency_Test-m2_S006_seed42/exp_H1_stride_frequency_Test-m2_S006_seed42/training_curves.png
  [SAVED] Trajectory plot: compare_result/exp_H1_stride_frequency_Test-m2_S006_seed42/exp_H1_stride_frequency_Test-m2_S006_seed42/trajectory.png
[INFO] Generating Detailed Grid Plots for exp_H1_stride_frequency_Test-m2_S006_seed42...
  [SAVED] Detail Plot: compare_result/exp_H1_stride_frequency_Test-m2_S006_seed42/exp_H1_stride_frequency_Test-m2_S006_seed42/m2_S006_level_075mps.png
  [SAVED] Detail Plot: compare_result/exp_H1_stride_frequency_Test-m2_S006_seed42/exp_H1_stride_frequency_Test-m2_S006_seed42/m2_S006_level_100mps.png
  [SAVED] Detail Plot: compare_result/exp_H1_stride_frequency_Test-m2_S006_seed42/exp_H1_stride_frequency_Test-m2_S006_seed42/m2_S006_level_125mps.png
  [SAVED] Detail Plot: compare_result/exp_H1_stride_frequency_Test-m2_S006_seed42/exp_H1_stride_frequency_Test-m2_S006_seed42/m2_S006_accel_sine.png
  [SAVED] Detail Plot: compare_result/exp_H1_stride_frequency_Test-m2_S006_seed42/exp_H1_stride_frequency_Test-m2_S006_seed42/m2_S006_decline_5deg.png
  [SAVED] Detail Plot: compare_result/exp_H1_stride_frequency_Test-m2_S006_seed42/exp_H1_stride_frequency_Test-m2_S006_seed42/m2_S006_incline_10deg.png
  [SAVED] Detail Plot: compare_result/exp_H1_stride_frequency_Test-m2_S006_seed42/exp_H1_stride_frequency_Test-m2_S006_seed42/m2_S006_stopandgo.png
  -> Calculating Feature Importance for exp_H1_stride_frequency_Test-m2_S006_seed42...
  [ERROR] Failed to process exp_H1_stride_frequency_Test-m2_S006_seed42: name 'h5py' is not defined

[19/27] Processing: exp_G1_no_mocap_enhanced_Test-m2_S003_seed42 -> exp_G1_no_mocap_enhanced_Test-m2_S003_seed42
[EVAL] Loaded base defaults from configs/baseline.yaml

============================================================
[EVAL] exp_G1_no_mocap_enhanced_Test-m2_S003_seed42
[EVAL] Config: configs/exp_G1_no_mocap_enhanced.yaml
[EVAL] Data: win_in=300, win_out=1, stride_train=5, stride_eval=1
[EVAL] est_tick_ranges=[5], lpf_cutoff=0.5, lpf_order=4
[EVAL] Loading Test Data for Subject m2_S003...
[DATA] Loading Multi-Source: keys=['m2_']
  -> Source 'm2_': ./combined_data.h5 | Subs: 1
     Loaded 21 trials
[EVAL] Applying scaler from experiments/exp_G1_no_mocap_enhanced_Test-m2_S003_seed42/scaler.npz (mean shape=(16,))
[EVAL] Model: type=TCN_GRU, ch=[32, 32, 64, 64, 128, 128], k=5
[EVAL] Dropout=0.2, head_dropout=0.5, hidden=[64]
[EVAL] use_input_norm=True, norm_type=batch
[EVAL] input_dim=16, output_dim=1, horizon=1
[EVAL] Final y_pred shape: (389912, 1)
[EVAL] Results: MAE=0.0313, RMSE=0.0923, R²=0.9347, Lag=31.0ms
Saved compare_result/exp_G1_no_mocap_enhanced_Test-m2_S003_seed42/exp_G1_no_mocap_enhanced_Test-m2_S003_seed42/training_curves.png
  [SAVED] Trajectory plot: compare_result/exp_G1_no_mocap_enhanced_Test-m2_S003_seed42/exp_G1_no_mocap_enhanced_Test-m2_S003_seed42/trajectory.png
[INFO] Generating Detailed Grid Plots for exp_G1_no_mocap_enhanced_Test-m2_S003_seed42...
  [SAVED] Detail Plot: compare_result/exp_G1_no_mocap_enhanced_Test-m2_S003_seed42/exp_G1_no_mocap_enhanced_Test-m2_S003_seed42/m2_S003_level_075mps.png
  [SAVED] Detail Plot: compare_result/exp_G1_no_mocap_enhanced_Test-m2_S003_seed42/exp_G1_no_mocap_enhanced_Test-m2_S003_seed42/m2_S003_level_100mps.png
  [SAVED] Detail Plot: compare_result/exp_G1_no_mocap_enhanced_Test-m2_S003_seed42/exp_G1_no_mocap_enhanced_Test-m2_S003_seed42/m2_S003_level_125mps.png
  [SAVED] Detail Plot: compare_result/exp_G1_no_mocap_enhanced_Test-m2_S003_seed42/exp_G1_no_mocap_enhanced_Test-m2_S003_seed42/m2_S003_accel_sine.png
  [SAVED] Detail Plot: compare_result/exp_G1_no_mocap_enhanced_Test-m2_S003_seed42/exp_G1_no_mocap_enhanced_Test-m2_S003_seed42/m2_S003_decline_5deg.png
  [SAVED] Detail Plot: compare_result/exp_G1_no_mocap_enhanced_Test-m2_S003_seed42/exp_G1_no_mocap_enhanced_Test-m2_S003_seed42/m2_S003_incline_10deg.png
  [SAVED] Detail Plot: compare_result/exp_G1_no_mocap_enhanced_Test-m2_S003_seed42/exp_G1_no_mocap_enhanced_Test-m2_S003_seed42/m2_S003_stopandgo.png
  -> Calculating Feature Importance for exp_G1_no_mocap_enhanced_Test-m2_S003_seed42...
  [ERROR] Failed to process exp_G1_no_mocap_enhanced_Test-m2_S003_seed42: name 'h5py' is not defined

[20/27] Processing: exp_F3_global_full_additive_Test-m2_S006_seed42 -> exp_F3_global_full_additive_Test-m2_S006_seed42
[EVAL] Loaded base defaults from configs/baseline.yaml

============================================================
[EVAL] exp_F3_global_full_additive_Test-m2_S006_seed42
[EVAL] Config: configs/exp_F3_global_full_additive.yaml
[EVAL] Data: win_in=300, win_out=1, stride_train=5, stride_eval=1
[EVAL] est_tick_ranges=[5], lpf_cutoff=0.5, lpf_order=4
[EVAL] Loading Test Data for Subject m2_S006...
[DATA] Loading Multi-Source: keys=['m2_']
  -> Source 'm2_': ./combined_data.h5 | Subs: 1
     Loaded 19 trials
[EVAL] Applying scaler from experiments/exp_F3_global_full_additive_Test-m2_S006_seed42/scaler.npz (mean shape=(37,))
[EVAL] Model: type=TCN_GRU, ch=[32, 32, 64, 64, 128, 128], k=5
[EVAL] Dropout=0.2, head_dropout=0.5, hidden=[64]
[EVAL] use_input_norm=True, norm_type=batch
[EVAL] input_dim=37, output_dim=1, horizon=1
[EVAL] Final y_pred shape: (366545, 1)
[EVAL] Results: MAE=0.0136, RMSE=0.0317, R²=0.9928, Lag=-13.2ms
Saved compare_result/exp_F3_global_full_additive_Test-m2_S006_seed42/exp_F3_global_full_additive_Test-m2_S006_seed42/training_curves.png
  [SAVED] Trajectory plot: compare_result/exp_F3_global_full_additive_Test-m2_S006_seed42/exp_F3_global_full_additive_Test-m2_S006_seed42/trajectory.png
[INFO] Generating Detailed Grid Plots for exp_F3_global_full_additive_Test-m2_S006_seed42...
  [SAVED] Detail Plot: compare_result/exp_F3_global_full_additive_Test-m2_S006_seed42/exp_F3_global_full_additive_Test-m2_S006_seed42/m2_S006_level_075mps.png
  [SAVED] Detail Plot: compare_result/exp_F3_global_full_additive_Test-m2_S006_seed42/exp_F3_global_full_additive_Test-m2_S006_seed42/m2_S006_level_100mps.png
  [SAVED] Detail Plot: compare_result/exp_F3_global_full_additive_Test-m2_S006_seed42/exp_F3_global_full_additive_Test-m2_S006_seed42/m2_S006_level_125mps.png
  [SAVED] Detail Plot: compare_result/exp_F3_global_full_additive_Test-m2_S006_seed42/exp_F3_global_full_additive_Test-m2_S006_seed42/m2_S006_accel_sine.png
  [SAVED] Detail Plot: compare_result/exp_F3_global_full_additive_Test-m2_S006_seed42/exp_F3_global_full_additive_Test-m2_S006_seed42/m2_S006_decline_5deg.png
  [SAVED] Detail Plot: compare_result/exp_F3_global_full_additive_Test-m2_S006_seed42/exp_F3_global_full_additive_Test-m2_S006_seed42/m2_S006_incline_10deg.png
  [SAVED] Detail Plot: compare_result/exp_F3_global_full_additive_Test-m2_S006_seed42/exp_F3_global_full_additive_Test-m2_S006_seed42/m2_S006_stopandgo.png
  -> Calculating Feature Importance for exp_F3_global_full_additive_Test-m2_S006_seed42...
  [ERROR] Failed to process exp_F3_global_full_additive_Test-m2_S006_seed42: name 'h5py' is not defined

[21/27] Processing: exp_F3_global_full_additive_Test-m2_S008_seed42 -> exp_F3_global_full_additive_Test-m2_S008_seed42
[EVAL] Loaded base defaults from configs/baseline.yaml

============================================================
[EVAL] exp_F3_global_full_additive_Test-m2_S008_seed42
[EVAL] Config: configs/exp_F3_global_full_additive.yaml
[EVAL] Data: win_in=300, win_out=1, stride_train=5, stride_eval=1
[EVAL] est_tick_ranges=[5], lpf_cutoff=0.5, lpf_order=4
[EVAL] Loading Test Data for Subject m2_S008...
[DATA] Loading Multi-Source: keys=['m2_']
  -> Source 'm2_': ./combined_data.h5 | Subs: 1
     Loaded 20 trials
[EVAL] Applying scaler from experiments/exp_F3_global_full_additive_Test-m2_S008_seed42/scaler.npz (mean shape=(37,))
[EVAL] Model: type=TCN_GRU, ch=[32, 32, 64, 64, 128, 128], k=5
[EVAL] Dropout=0.2, head_dropout=0.5, hidden=[64]
[EVAL] use_input_norm=True, norm_type=batch
[EVAL] input_dim=37, output_dim=1, horizon=1
[EVAL] Final y_pred shape: (377475, 1)
[EVAL] Results: MAE=0.0220, RMSE=0.0428, R²=0.9862, Lag=0.0ms
Saved compare_result/exp_F3_global_full_additive_Test-m2_S008_seed42/exp_F3_global_full_additive_Test-m2_S008_seed42/training_curves.png
  [SAVED] Trajectory plot: compare_result/exp_F3_global_full_additive_Test-m2_S008_seed42/exp_F3_global_full_additive_Test-m2_S008_seed42/trajectory.png
[INFO] Generating Detailed Grid Plots for exp_F3_global_full_additive_Test-m2_S008_seed42...
  [SAVED] Detail Plot: compare_result/exp_F3_global_full_additive_Test-m2_S008_seed42/exp_F3_global_full_additive_Test-m2_S008_seed42/m2_S008_level_075mps.png
  [SAVED] Detail Plot: compare_result/exp_F3_global_full_additive_Test-m2_S008_seed42/exp_F3_global_full_additive_Test-m2_S008_seed42/m2_S008_level_100mps.png
  [SAVED] Detail Plot: compare_result/exp_F3_global_full_additive_Test-m2_S008_seed42/exp_F3_global_full_additive_Test-m2_S008_seed42/m2_S008_level_125mps.png
  [SAVED] Detail Plot: compare_result/exp_F3_global_full_additive_Test-m2_S008_seed42/exp_F3_global_full_additive_Test-m2_S008_seed42/m2_S008_accel_sine.png
  [SAVED] Detail Plot: compare_result/exp_F3_global_full_additive_Test-m2_S008_seed42/exp_F3_global_full_additive_Test-m2_S008_seed42/m2_S008_decline_5deg.png
  [SAVED] Detail Plot: compare_result/exp_F3_global_full_additive_Test-m2_S008_seed42/exp_F3_global_full_additive_Test-m2_S008_seed42/m2_S008_incline_10deg.png
  [SAVED] Detail Plot: compare_result/exp_F3_global_full_additive_Test-m2_S008_seed42/exp_F3_global_full_additive_Test-m2_S008_seed42/m2_S008_stopandgo.png
  -> Calculating Feature Importance for exp_F3_global_full_additive_Test-m2_S008_seed42...
  [ERROR] Failed to process exp_F3_global_full_additive_Test-m2_S008_seed42: name 'h5py' is not defined

[22/27] Processing: exp_G3_no_grf_enhanced_Test-m2_S008_seed42 -> exp_G3_no_grf_enhanced_Test-m2_S008_seed42
[EVAL] Loaded base defaults from configs/baseline.yaml

============================================================
[EVAL] exp_G3_no_grf_enhanced_Test-m2_S008_seed42
[EVAL] Config: configs/exp_G3_no_grf_enhanced.yaml
[EVAL] Data: win_in=300, win_out=1, stride_train=5, stride_eval=1
[EVAL] est_tick_ranges=[5], lpf_cutoff=0.5, lpf_order=4
[EVAL] Loading Test Data for Subject m2_S008...
[DATA] Loading Multi-Source: keys=['m2_']
  -> Source 'm2_': ./combined_data.h5 | Subs: 1
     Loaded 20 trials
[EVAL] Applying scaler from experiments/exp_G3_no_grf_enhanced_Test-m2_S008_seed42/scaler.npz (mean shape=(26,))
[EVAL] Model: type=TCN_GRU, ch=[32, 32, 64, 64, 128, 128], k=5
[EVAL] Dropout=0.2, head_dropout=0.5, hidden=[64]
[EVAL] use_input_norm=True, norm_type=batch
[EVAL] input_dim=26, output_dim=1, horizon=1
[EVAL] Final y_pred shape: (377475, 1)
[EVAL] Results: MAE=0.0285, RMSE=0.0633, R²=0.9699, Lag=0.0ms
Saved compare_result/exp_G3_no_grf_enhanced_Test-m2_S008_seed42/exp_G3_no_grf_enhanced_Test-m2_S008_seed42/training_curves.png
  [SAVED] Trajectory plot: compare_result/exp_G3_no_grf_enhanced_Test-m2_S008_seed42/exp_G3_no_grf_enhanced_Test-m2_S008_seed42/trajectory.png
[INFO] Generating Detailed Grid Plots for exp_G3_no_grf_enhanced_Test-m2_S008_seed42...
  [SAVED] Detail Plot: compare_result/exp_G3_no_grf_enhanced_Test-m2_S008_seed42/exp_G3_no_grf_enhanced_Test-m2_S008_seed42/m2_S008_level_075mps.png
  [SAVED] Detail Plot: compare_result/exp_G3_no_grf_enhanced_Test-m2_S008_seed42/exp_G3_no_grf_enhanced_Test-m2_S008_seed42/m2_S008_level_100mps.png
  [SAVED] Detail Plot: compare_result/exp_G3_no_grf_enhanced_Test-m2_S008_seed42/exp_G3_no_grf_enhanced_Test-m2_S008_seed42/m2_S008_level_125mps.png
  [SAVED] Detail Plot: compare_result/exp_G3_no_grf_enhanced_Test-m2_S008_seed42/exp_G3_no_grf_enhanced_Test-m2_S008_seed42/m2_S008_accel_sine.png
  [SAVED] Detail Plot: compare_result/exp_G3_no_grf_enhanced_Test-m2_S008_seed42/exp_G3_no_grf_enhanced_Test-m2_S008_seed42/m2_S008_decline_5deg.png
  [SAVED] Detail Plot: compare_result/exp_G3_no_grf_enhanced_Test-m2_S008_seed42/exp_G3_no_grf_enhanced_Test-m2_S008_seed42/m2_S008_incline_10deg.png
  [SAVED] Detail Plot: compare_result/exp_G3_no_grf_enhanced_Test-m2_S008_seed42/exp_G3_no_grf_enhanced_Test-m2_S008_seed42/m2_S008_stopandgo.png
  -> Calculating Feature Importance for exp_G3_no_grf_enhanced_Test-m2_S008_seed42...
  [ERROR] Failed to process exp_G3_no_grf_enhanced_Test-m2_S008_seed42: name 'h5py' is not defined

[23/27] Processing: exp_F1_global_acc_additive_Test-m2_S008_seed42 -> exp_F1_global_acc_additive_Test-m2_S008_seed42
[EVAL] Loaded base defaults from configs/baseline.yaml

============================================================
[EVAL] exp_F1_global_acc_additive_Test-m2_S008_seed42
[EVAL] Config: configs/exp_F1_global_acc_additive.yaml
[EVAL] Data: win_in=300, win_out=1, stride_train=5, stride_eval=1
[EVAL] est_tick_ranges=[5], lpf_cutoff=0.5, lpf_order=4
[EVAL] Loading Test Data for Subject m2_S008...
[DATA] Loading Multi-Source: keys=['m2_']
  -> Source 'm2_': ./combined_data.h5 | Subs: 1
     Loaded 20 trials
[EVAL] Applying scaler from experiments/exp_F1_global_acc_additive_Test-m2_S008_seed42/scaler.npz (mean shape=(35,))
[EVAL] Model: type=TCN_GRU, ch=[32, 32, 64, 64, 128, 128], k=5
[EVAL] Dropout=0.2, head_dropout=0.5, hidden=[64]
[EVAL] use_input_norm=True, norm_type=batch
[EVAL] input_dim=35, output_dim=1, horizon=1
[EVAL] Final y_pred shape: (377475, 1)
[EVAL] Results: MAE=0.0106, RMSE=0.0286, R²=0.9939, Lag=0.0ms
Saved compare_result/exp_F1_global_acc_additive_Test-m2_S008_seed42/exp_F1_global_acc_additive_Test-m2_S008_seed42/training_curves.png
  [SAVED] Trajectory plot: compare_result/exp_F1_global_acc_additive_Test-m2_S008_seed42/exp_F1_global_acc_additive_Test-m2_S008_seed42/trajectory.png
[INFO] Generating Detailed Grid Plots for exp_F1_global_acc_additive_Test-m2_S008_seed42...
  [SAVED] Detail Plot: compare_result/exp_F1_global_acc_additive_Test-m2_S008_seed42/exp_F1_global_acc_additive_Test-m2_S008_seed42/m2_S008_level_075mps.png
  [SAVED] Detail Plot: compare_result/exp_F1_global_acc_additive_Test-m2_S008_seed42/exp_F1_global_acc_additive_Test-m2_S008_seed42/m2_S008_level_100mps.png
  [SAVED] Detail Plot: compare_result/exp_F1_global_acc_additive_Test-m2_S008_seed42/exp_F1_global_acc_additive_Test-m2_S008_seed42/m2_S008_level_125mps.png
  [SAVED] Detail Plot: compare_result/exp_F1_global_acc_additive_Test-m2_S008_seed42/exp_F1_global_acc_additive_Test-m2_S008_seed42/m2_S008_accel_sine.png
  [SAVED] Detail Plot: compare_result/exp_F1_global_acc_additive_Test-m2_S008_seed42/exp_F1_global_acc_additive_Test-m2_S008_seed42/m2_S008_decline_5deg.png
  [SAVED] Detail Plot: compare_result/exp_F1_global_acc_additive_Test-m2_S008_seed42/exp_F1_global_acc_additive_Test-m2_S008_seed42/m2_S008_incline_10deg.png
  [SAVED] Detail Plot: compare_result/exp_F1_global_acc_additive_Test-m2_S008_seed42/exp_F1_global_acc_additive_Test-m2_S008_seed42/m2_S008_stopandgo.png
  -> Calculating Feature Importance for exp_F1_global_acc_additive_Test-m2_S008_seed42...
  [ERROR] Failed to process exp_F1_global_acc_additive_Test-m2_S008_seed42: name 'h5py' is not defined

[24/27] Processing: exp_H1_stride_frequency_Test-m2_S003_seed42 -> exp_H1_stride_frequency_Test-m2_S003_seed42
[EVAL] Loaded base defaults from configs/baseline.yaml

============================================================
[EVAL] exp_H1_stride_frequency_Test-m2_S003_seed42
[EVAL] Config: configs/exp_H1_stride_frequency.yaml
[EVAL] Data: win_in=300, win_out=1, stride_train=5, stride_eval=1
[EVAL] est_tick_ranges=[5], lpf_cutoff=0.5, lpf_order=4
[EVAL] Loading Test Data for Subject m2_S003...
[DATA] Loading Multi-Source: keys=['m2_']
  -> Source 'm2_': ./combined_data.h5 | Subs: 1
     Loaded 21 trials
[EVAL] Applying scaler from experiments/exp_H1_stride_frequency_Test-m2_S003_seed42/scaler.npz (mean shape=(36,))
[EVAL] Model: type=TCN_GRU, ch=[32, 32, 64, 64, 128, 128], k=5
[EVAL] Dropout=0.2, head_dropout=0.5, hidden=[64]
[EVAL] use_input_norm=True, norm_type=batch
[EVAL] input_dim=36, output_dim=1, horizon=1
[EVAL] Final y_pred shape: (389912, 1)
[EVAL] Results: MAE=0.0273, RMSE=0.0744, R²=0.9576, Lag=0.0ms
Saved compare_result/exp_H1_stride_frequency_Test-m2_S003_seed42/exp_H1_stride_frequency_Test-m2_S003_seed42/training_curves.png
  [SAVED] Trajectory plot: compare_result/exp_H1_stride_frequency_Test-m2_S003_seed42/exp_H1_stride_frequency_Test-m2_S003_seed42/trajectory.png
[INFO] Generating Detailed Grid Plots for exp_H1_stride_frequency_Test-m2_S003_seed42...
  [SAVED] Detail Plot: compare_result/exp_H1_stride_frequency_Test-m2_S003_seed42/exp_H1_stride_frequency_Test-m2_S003_seed42/m2_S003_level_075mps.png
  [SAVED] Detail Plot: compare_result/exp_H1_stride_frequency_Test-m2_S003_seed42/exp_H1_stride_frequency_Test-m2_S003_seed42/m2_S003_level_100mps.png
  [SAVED] Detail Plot: compare_result/exp_H1_stride_frequency_Test-m2_S003_seed42/exp_H1_stride_frequency_Test-m2_S003_seed42/m2_S003_level_125mps.png
  [SAVED] Detail Plot: compare_result/exp_H1_stride_frequency_Test-m2_S003_seed42/exp_H1_stride_frequency_Test-m2_S003_seed42/m2_S003_accel_sine.png
  [SAVED] Detail Plot: compare_result/exp_H1_stride_frequency_Test-m2_S003_seed42/exp_H1_stride_frequency_Test-m2_S003_seed42/m2_S003_decline_5deg.png
  [SAVED] Detail Plot: compare_result/exp_H1_stride_frequency_Test-m2_S003_seed42/exp_H1_stride_frequency_Test-m2_S003_seed42/m2_S003_incline_10deg.png
  [SAVED] Detail Plot: compare_result/exp_H1_stride_frequency_Test-m2_S003_seed42/exp_H1_stride_frequency_Test-m2_S003_seed42/m2_S003_stopandgo.png
  -> Calculating Feature Importance for exp_H1_stride_frequency_Test-m2_S003_seed42...
  [ERROR] Failed to process exp_H1_stride_frequency_Test-m2_S003_seed42: name 'h5py' is not defined

[25/27] Processing: exp_F1_global_acc_additive_Test-m2_S006_seed42 -> exp_F1_global_acc_additive_Test-m2_S006_seed42
[EVAL] Loaded base defaults from configs/baseline.yaml

============================================================
[EVAL] exp_F1_global_acc_additive_Test-m2_S006_seed42
[EVAL] Config: configs/exp_F1_global_acc_additive.yaml
[EVAL] Data: win_in=300, win_out=1, stride_train=5, stride_eval=1
[EVAL] est_tick_ranges=[5], lpf_cutoff=0.5, lpf_order=4
[EVAL] Loading Test Data for Subject m2_S006...
[DATA] Loading Multi-Source: keys=['m2_']
  -> Source 'm2_': ./combined_data.h5 | Subs: 1
     Loaded 19 trials
[EVAL] Applying scaler from experiments/exp_F1_global_acc_additive_Test-m2_S006_seed42/scaler.npz (mean shape=(35,))
[EVAL] Model: type=TCN_GRU, ch=[32, 32, 64, 64, 128, 128], k=5
[EVAL] Dropout=0.2, head_dropout=0.5, hidden=[64]
[EVAL] use_input_norm=True, norm_type=batch
[EVAL] input_dim=35, output_dim=1, horizon=1
[EVAL] Final y_pred shape: (366545, 1)
[EVAL] Results: MAE=0.0196, RMSE=0.0346, R²=0.9914, Lag=-50.0ms
Saved compare_result/exp_F1_global_acc_additive_Test-m2_S006_seed42/exp_F1_global_acc_additive_Test-m2_S006_seed42/training_curves.png
  [SAVED] Trajectory plot: compare_result/exp_F1_global_acc_additive_Test-m2_S006_seed42/exp_F1_global_acc_additive_Test-m2_S006_seed42/trajectory.png
[INFO] Generating Detailed Grid Plots for exp_F1_global_acc_additive_Test-m2_S006_seed42...
  [SAVED] Detail Plot: compare_result/exp_F1_global_acc_additive_Test-m2_S006_seed42/exp_F1_global_acc_additive_Test-m2_S006_seed42/m2_S006_level_075mps.png
  [SAVED] Detail Plot: compare_result/exp_F1_global_acc_additive_Test-m2_S006_seed42/exp_F1_global_acc_additive_Test-m2_S006_seed42/m2_S006_level_100mps.png
  [SAVED] Detail Plot: compare_result/exp_F1_global_acc_additive_Test-m2_S006_seed42/exp_F1_global_acc_additive_Test-m2_S006_seed42/m2_S006_level_125mps.png
  [SAVED] Detail Plot: compare_result/exp_F1_global_acc_additive_Test-m2_S006_seed42/exp_F1_global_acc_additive_Test-m2_S006_seed42/m2_S006_accel_sine.png
  [SAVED] Detail Plot: compare_result/exp_F1_global_acc_additive_Test-m2_S006_seed42/exp_F1_global_acc_additive_Test-m2_S006_seed42/m2_S006_decline_5deg.png
  [SAVED] Detail Plot: compare_result/exp_F1_global_acc_additive_Test-m2_S006_seed42/exp_F1_global_acc_additive_Test-m2_S006_seed42/m2_S006_incline_10deg.png
  [SAVED] Detail Plot: compare_result/exp_F1_global_acc_additive_Test-m2_S006_seed42/exp_F1_global_acc_additive_Test-m2_S006_seed42/m2_S006_stopandgo.png
  -> Calculating Feature Importance for exp_F1_global_acc_additive_Test-m2_S006_seed42...
  [ERROR] Failed to process exp_F1_global_acc_additive_Test-m2_S006_seed42: name 'h5py' is not defined

[26/27] Processing: exp_H2_hybrid_norm_Test-m2_S008_seed42 -> exp_H2_hybrid_norm_Test-m2_S008_seed42
[EVAL] Loaded base defaults from configs/baseline.yaml

============================================================
[EVAL] exp_H2_hybrid_norm_Test-m2_S008_seed42
[EVAL] Config: configs/exp_H2_hybrid_norm.yaml
[EVAL] Data: win_in=300, win_out=1, stride_train=5, stride_eval=1
[EVAL] est_tick_ranges=[5], lpf_cutoff=0.5, lpf_order=4
[EVAL] Loading Test Data for Subject m2_S008...
[DATA] Loading Multi-Source: keys=['m2_']
  -> Source 'm2_': ./combined_data.h5 | Subs: 1
     Loaded 20 trials
[EVAL] Applying scaler from experiments/exp_H2_hybrid_norm_Test-m2_S008_seed42/scaler.npz (mean shape=(34,))
[EVAL] Model: type=TCN_GRU, ch=[32, 32, 64, 64, 128, 128], k=5
[EVAL] Dropout=0.2, head_dropout=0.5, hidden=[64]
[EVAL] use_input_norm=True, norm_type=batch
[EVAL] input_dim=34, output_dim=1, horizon=1
[EVAL] Final y_pred shape: (377475, 1)
[EVAL] Results: MAE=0.0168, RMSE=0.0398, R²=0.9881, Lag=0.0ms
Saved compare_result/exp_H2_hybrid_norm_Test-m2_S008_seed42/exp_H2_hybrid_norm_Test-m2_S008_seed42/training_curves.png
  [SAVED] Trajectory plot: compare_result/exp_H2_hybrid_norm_Test-m2_S008_seed42/exp_H2_hybrid_norm_Test-m2_S008_seed42/trajectory.png
[INFO] Generating Detailed Grid Plots for exp_H2_hybrid_norm_Test-m2_S008_seed42...
  [SAVED] Detail Plot: compare_result/exp_H2_hybrid_norm_Test-m2_S008_seed42/exp_H2_hybrid_norm_Test-m2_S008_seed42/m2_S008_level_075mps.png
  [SAVED] Detail Plot: compare_result/exp_H2_hybrid_norm_Test-m2_S008_seed42/exp_H2_hybrid_norm_Test-m2_S008_seed42/m2_S008_level_100mps.png
  [SAVED] Detail Plot: compare_result/exp_H2_hybrid_norm_Test-m2_S008_seed42/exp_H2_hybrid_norm_Test-m2_S008_seed42/m2_S008_level_125mps.png
  [SAVED] Detail Plot: compare_result/exp_H2_hybrid_norm_Test-m2_S008_seed42/exp_H2_hybrid_norm_Test-m2_S008_seed42/m2_S008_accel_sine.png
  [SAVED] Detail Plot: compare_result/exp_H2_hybrid_norm_Test-m2_S008_seed42/exp_H2_hybrid_norm_Test-m2_S008_seed42/m2_S008_decline_5deg.png
  [SAVED] Detail Plot: compare_result/exp_H2_hybrid_norm_Test-m2_S008_seed42/exp_H2_hybrid_norm_Test-m2_S008_seed42/m2_S008_incline_10deg.png
  [SAVED] Detail Plot: compare_result/exp_H2_hybrid_norm_Test-m2_S008_seed42/exp_H2_hybrid_norm_Test-m2_S008_seed42/m2_S008_stopandgo.png
  -> Calculating Feature Importance for exp_H2_hybrid_norm_Test-m2_S008_seed42...
  [ERROR] Failed to process exp_H2_hybrid_norm_Test-m2_S008_seed42: name 'h5py' is not defined

[27/27] Processing: exp_G1_no_mocap_enhanced_Test-m2_S008_seed42 -> exp_G1_no_mocap_enhanced_Test-m2_S008_seed42
[EVAL] Loaded base defaults from configs/baseline.yaml

============================================================
[EVAL] exp_G1_no_mocap_enhanced_Test-m2_S008_seed42
[EVAL] Config: configs/exp_G1_no_mocap_enhanced.yaml
[EVAL] Data: win_in=300, win_out=1, stride_train=5, stride_eval=1
[EVAL] est_tick_ranges=[5], lpf_cutoff=0.5, lpf_order=4
[EVAL] Loading Test Data for Subject m2_S008...
[DATA] Loading Multi-Source: keys=['m2_']
  -> Source 'm2_': ./combined_data.h5 | Subs: 1
     Loaded 20 trials
[EVAL] Applying scaler from experiments/exp_G1_no_mocap_enhanced_Test-m2_S008_seed42/scaler.npz (mean shape=(16,))
[EVAL] Model: type=TCN_GRU, ch=[32, 32, 64, 64, 128, 128], k=5
[EVAL] Dropout=0.2, head_dropout=0.5, hidden=[64]
[EVAL] use_input_norm=True, norm_type=batch
[EVAL] input_dim=16, output_dim=1, horizon=1
[EVAL] Final y_pred shape: (377475, 1)
[EVAL] Results: MAE=0.0604, RMSE=0.1032, R²=0.9200, Lag=0.5ms
Saved compare_result/exp_G1_no_mocap_enhanced_Test-m2_S008_seed42/exp_G1_no_mocap_enhanced_Test-m2_S008_seed42/training_curves.png
  [SAVED] Trajectory plot: compare_result/exp_G1_no_mocap_enhanced_Test-m2_S008_seed42/exp_G1_no_mocap_enhanced_Test-m2_S008_seed42/trajectory.png
[INFO] Generating Detailed Grid Plots for exp_G1_no_mocap_enhanced_Test-m2_S008_seed42...
  [SAVED] Detail Plot: compare_result/exp_G1_no_mocap_enhanced_Test-m2_S008_seed42/exp_G1_no_mocap_enhanced_Test-m2_S008_seed42/m2_S008_level_075mps.png
  [SAVED] Detail Plot: compare_result/exp_G1_no_mocap_enhanced_Test-m2_S008_seed42/exp_G1_no_mocap_enhanced_Test-m2_S008_seed42/m2_S008_level_100mps.png
  [SAVED] Detail Plot: compare_result/exp_G1_no_mocap_enhanced_Test-m2_S008_seed42/exp_G1_no_mocap_enhanced_Test-m2_S008_seed42/m2_S008_level_125mps.png
  [SAVED] Detail Plot: compare_result/exp_G1_no_mocap_enhanced_Test-m2_S008_seed42/exp_G1_no_mocap_enhanced_Test-m2_S008_seed42/m2_S008_accel_sine.png
  [SAVED] Detail Plot: compare_result/exp_G1_no_mocap_enhanced_Test-m2_S008_seed42/exp_G1_no_mocap_enhanced_Test-m2_S008_seed42/m2_S008_decline_5deg.png
  [SAVED] Detail Plot: compare_result/exp_G1_no_mocap_enhanced_Test-m2_S008_seed42/exp_G1_no_mocap_enhanced_Test-m2_S008_seed42/m2_S008_incline_10deg.png
  [SAVED] Detail Plot: compare_result/exp_G1_no_mocap_enhanced_Test-m2_S008_seed42/exp_G1_no_mocap_enhanced_Test-m2_S008_seed42/m2_S008_stopandgo.png
  -> Calculating Feature Importance for exp_G1_no_mocap_enhanced_Test-m2_S008_seed42...
  [ERROR] Failed to process exp_G1_no_mocap_enhanced_Test-m2_S008_seed42: name 'h5py' is not defined

[AUTO] All 27 experiments processed in 1798s (30.0min)
Starting Ablation Analysis Report...
Found 27 potential experiment folders.
[1/27] Evaluating baseline_Test-m2_S003_seed42...
[EVAL] Loaded base defaults from configs/baseline.yaml

============================================================
[EVAL] baseline_Test-m2_S003_seed42
[EVAL] Config: configs/baseline.yaml
[EVAL] Data: win_in=300, win_out=1, stride_train=5, stride_eval=1
[EVAL] est_tick_ranges=[5], lpf_cutoff=0.5, lpf_order=4
[EVAL] Loading Test Data for Subject m2_S003...
[DATA] Loading Multi-Source: keys=['m2_']
  -> Source 'm2_': ./combined_data.h5 | Subs: 1
     Loaded 21 trials
[EVAL] Applying scaler from experiments/baseline_Test-m2_S003_seed42/scaler.npz (mean shape=(34,))
[EVAL] Model: type=TCN_GRU, ch=[32, 32, 64, 64, 128, 128], k=5
[EVAL] Dropout=0.2, head_dropout=0.5, hidden=[64]
[EVAL] use_input_norm=True, norm_type=batch
[EVAL] input_dim=34, output_dim=1, horizon=1
[EVAL] Final y_pred shape: (389912, 1)
[EVAL] Results: MAE=0.0332, RMSE=0.0835, R²=0.9465, Lag=11.4ms
[2/27] Evaluating baseline_Test-m2_S006_seed42...
[EVAL] Loaded base defaults from configs/baseline.yaml

============================================================
[EVAL] baseline_Test-m2_S006_seed42
[EVAL] Config: configs/baseline.yaml
[EVAL] Data: win_in=300, win_out=1, stride_train=5, stride_eval=1
[EVAL] est_tick_ranges=[5], lpf_cutoff=0.5, lpf_order=4
[EVAL] Loading Test Data for Subject m2_S006...
[DATA] Loading Multi-Source: keys=['m2_']
  -> Source 'm2_': ./combined_data.h5 | Subs: 1
     Loaded 19 trials
[EVAL] Applying scaler from experiments/baseline_Test-m2_S006_seed42/scaler.npz (mean shape=(34,))
[EVAL] Model: type=TCN_GRU, ch=[32, 32, 64, 64, 128, 128], k=5
[EVAL] Dropout=0.2, head_dropout=0.5, hidden=[64]
[EVAL] use_input_norm=True, norm_type=batch
[EVAL] input_dim=34, output_dim=1, horizon=1
[EVAL] Final y_pred shape: (366545, 1)
[EVAL] Results: MAE=0.0164, RMSE=0.0353, R²=0.9910, Lag=-8.4ms
[3/27] Evaluating baseline_Test-m2_S008_seed42...
[EVAL] Loaded base defaults from configs/baseline.yaml

============================================================
[EVAL] baseline_Test-m2_S008_seed42
[EVAL] Config: configs/baseline.yaml
[EVAL] Data: win_in=300, win_out=1, stride_train=5, stride_eval=1
[EVAL] est_tick_ranges=[5], lpf_cutoff=0.5, lpf_order=4
[EVAL] Loading Test Data for Subject m2_S008...
[DATA] Loading Multi-Source: keys=['m2_']
  -> Source 'm2_': ./combined_data.h5 | Subs: 1
     Loaded 20 trials
[EVAL] Applying scaler from experiments/baseline_Test-m2_S008_seed42/scaler.npz (mean shape=(34,))
[EVAL] Model: type=TCN_GRU, ch=[32, 32, 64, 64, 128, 128], k=5
[EVAL] Dropout=0.2, head_dropout=0.5, hidden=[64]
[EVAL] use_input_norm=True, norm_type=batch
[EVAL] input_dim=34, output_dim=1, horizon=1
[EVAL] Final y_pred shape: (377475, 1)
[EVAL] Results: MAE=0.0108, RMSE=0.0281, R²=0.9941, Lag=-1.0ms
[4/27] Evaluating exp_F1_global_acc_additive_Test-m2_S003_seed42...
[EVAL] Loaded base defaults from configs/baseline.yaml

============================================================
[EVAL] exp_F1_global_acc_additive_Test-m2_S003_seed42
[EVAL] Config: configs/exp_F1_global_acc_additive.yaml
[EVAL] Data: win_in=300, win_out=1, stride_train=5, stride_eval=1
[EVAL] est_tick_ranges=[5], lpf_cutoff=0.5, lpf_order=4
[EVAL] Loading Test Data for Subject m2_S003...
[DATA] Loading Multi-Source: keys=['m2_']
  -> Source 'm2_': ./combined_data.h5 | Subs: 1
     Loaded 21 trials
[EVAL] Applying scaler from experiments/exp_F1_global_acc_additive_Test-m2_S003_seed42/scaler.npz (mean shape=(35,))
[EVAL] Model: type=TCN_GRU, ch=[32, 32, 64, 64, 128, 128], k=5
[EVAL] Dropout=0.2, head_dropout=0.5, hidden=[64]
[EVAL] use_input_norm=True, norm_type=batch
[EVAL] input_dim=35, output_dim=1, horizon=1
[EVAL] Final y_pred shape: (389912, 1)
[EVAL] Results: MAE=0.0317, RMSE=0.0787, R²=0.9525, Lag=-7.1ms
[5/27] Evaluating exp_F1_global_acc_additive_Test-m2_S006_seed42...
[EVAL] Loaded base defaults from configs/baseline.yaml

============================================================
[EVAL] exp_F1_global_acc_additive_Test-m2_S006_seed42
[EVAL] Config: configs/exp_F1_global_acc_additive.yaml
[EVAL] Data: win_in=300, win_out=1, stride_train=5, stride_eval=1
[EVAL] est_tick_ranges=[5], lpf_cutoff=0.5, lpf_order=4
[EVAL] Loading Test Data for Subject m2_S006...
[DATA] Loading Multi-Source: keys=['m2_']
  -> Source 'm2_': ./combined_data.h5 | Subs: 1
     Loaded 19 trials
[EVAL] Applying scaler from experiments/exp_F1_global_acc_additive_Test-m2_S006_seed42/scaler.npz (mean shape=(35,))
[EVAL] Model: type=TCN_GRU, ch=[32, 32, 64, 64, 128, 128], k=5
[EVAL] Dropout=0.2, head_dropout=0.5, hidden=[64]
[EVAL] use_input_norm=True, norm_type=batch
[EVAL] input_dim=35, output_dim=1, horizon=1
[EVAL] Final y_pred shape: (366545, 1)
[EVAL] Results: MAE=0.0196, RMSE=0.0346, R²=0.9914, Lag=-50.0ms
[6/27] Evaluating exp_F1_global_acc_additive_Test-m2_S008_seed42...
[EVAL] Loaded base defaults from configs/baseline.yaml

============================================================
[EVAL] exp_F1_global_acc_additive_Test-m2_S008_seed42
[EVAL] Config: configs/exp_F1_global_acc_additive.yaml
[EVAL] Data: win_in=300, win_out=1, stride_train=5, stride_eval=1
[EVAL] est_tick_ranges=[5], lpf_cutoff=0.5, lpf_order=4
[EVAL] Loading Test Data for Subject m2_S008...
[DATA] Loading Multi-Source: keys=['m2_']
  -> Source 'm2_': ./combined_data.h5 | Subs: 1
     Loaded 20 trials
[EVAL] Applying scaler from experiments/exp_F1_global_acc_additive_Test-m2_S008_seed42/scaler.npz (mean shape=(35,))
[EVAL] Model: type=TCN_GRU, ch=[32, 32, 64, 64, 128, 128], k=5
[EVAL] Dropout=0.2, head_dropout=0.5, hidden=[64]
[EVAL] use_input_norm=True, norm_type=batch
[EVAL] input_dim=35, output_dim=1, horizon=1
[EVAL] Final y_pred shape: (377475, 1)
[EVAL] Results: MAE=0.0106, RMSE=0.0286, R²=0.9939, Lag=0.0ms
[7/27] Evaluating exp_F2_global_vel_additive_Test-m2_S003_seed42...
[EVAL] Loaded base defaults from configs/baseline.yaml

============================================================
[EVAL] exp_F2_global_vel_additive_Test-m2_S003_seed42
[EVAL] Config: configs/exp_F2_global_vel_additive.yaml
[EVAL] Data: win_in=300, win_out=1, stride_train=5, stride_eval=1
[EVAL] est_tick_ranges=[5], lpf_cutoff=0.5, lpf_order=4
[EVAL] Loading Test Data for Subject m2_S003...
[DATA] Loading Multi-Source: keys=['m2_']
  -> Source 'm2_': ./combined_data.h5 | Subs: 1
     Loaded 21 trials
[EVAL] Applying scaler from experiments/exp_F2_global_vel_additive_Test-m2_S003_seed42/scaler.npz (mean shape=(35,))
[EVAL] Model: type=TCN_GRU, ch=[32, 32, 64, 64, 128, 128], k=5
[EVAL] Dropout=0.2, head_dropout=0.5, hidden=[64]
[EVAL] use_input_norm=True, norm_type=batch
[EVAL] input_dim=35, output_dim=1, horizon=1
[EVAL] Final y_pred shape: (389912, 1)
[EVAL] Results: MAE=0.0312, RMSE=0.0702, R²=0.9622, Lag=-0.5ms
[8/27] Evaluating exp_F2_global_vel_additive_Test-m2_S006_seed42...
[EVAL] Loaded base defaults from configs/baseline.yaml

============================================================
[EVAL] exp_F2_global_vel_additive_Test-m2_S006_seed42
[EVAL] Config: configs/exp_F2_global_vel_additive.yaml
[EVAL] Data: win_in=300, win_out=1, stride_train=5, stride_eval=1
[EVAL] est_tick_ranges=[5], lpf_cutoff=0.5, lpf_order=4
[EVAL] Loading Test Data for Subject m2_S006...
[DATA] Loading Multi-Source: keys=['m2_']
  -> Source 'm2_': ./combined_data.h5 | Subs: 1
     Loaded 19 trials
[EVAL] Applying scaler from experiments/exp_F2_global_vel_additive_Test-m2_S006_seed42/scaler.npz (mean shape=(35,))
[EVAL] Model: type=TCN_GRU, ch=[32, 32, 64, 64, 128, 128], k=5
[EVAL] Dropout=0.2, head_dropout=0.5, hidden=[64]
[EVAL] use_input_norm=True, norm_type=batch
[EVAL] input_dim=35, output_dim=1, horizon=1
[EVAL] Final y_pred shape: (366545, 1)
[EVAL] Results: MAE=0.0129, RMSE=0.0245, R²=0.9957, Lag=-11.6ms
[9/27] Evaluating exp_F2_global_vel_additive_Test-m2_S008_seed42...
[EVAL] Loaded base defaults from configs/baseline.yaml

============================================================
[EVAL] exp_F2_global_vel_additive_Test-m2_S008_seed42
[EVAL] Config: configs/exp_F2_global_vel_additive.yaml
[EVAL] Data: win_in=300, win_out=1, stride_train=5, stride_eval=1
[EVAL] est_tick_ranges=[5], lpf_cutoff=0.5, lpf_order=4
[EVAL] Loading Test Data for Subject m2_S008...
[DATA] Loading Multi-Source: keys=['m2_']
  -> Source 'm2_': ./combined_data.h5 | Subs: 1
     Loaded 20 trials
[EVAL] Applying scaler from experiments/exp_F2_global_vel_additive_Test-m2_S008_seed42/scaler.npz (mean shape=(35,))
[EVAL] Model: type=TCN_GRU, ch=[32, 32, 64, 64, 128, 128], k=5
[EVAL] Dropout=0.2, head_dropout=0.5, hidden=[64]
[EVAL] use_input_norm=True, norm_type=batch
[EVAL] input_dim=35, output_dim=1, horizon=1
[EVAL] Final y_pred shape: (377475, 1)
[EVAL] Results: MAE=0.0181, RMSE=0.0428, R²=0.9862, Lag=0.0ms
[10/27] Evaluating exp_F3_global_full_additive_Test-m2_S003_seed42...
[EVAL] Loaded base defaults from configs/baseline.yaml

============================================================
[EVAL] exp_F3_global_full_additive_Test-m2_S003_seed42
[EVAL] Config: configs/exp_F3_global_full_additive.yaml
[EVAL] Data: win_in=300, win_out=1, stride_train=5, stride_eval=1
[EVAL] est_tick_ranges=[5], lpf_cutoff=0.5, lpf_order=4
[EVAL] Loading Test Data for Subject m2_S003...
[DATA] Loading Multi-Source: keys=['m2_']
  -> Source 'm2_': ./combined_data.h5 | Subs: 1
     Loaded 21 trials
[EVAL] Applying scaler from experiments/exp_F3_global_full_additive_Test-m2_S003_seed42/scaler.npz (mean shape=(37,))
[EVAL] Model: type=TCN_GRU, ch=[32, 32, 64, 64, 128, 128], k=5
[EVAL] Dropout=0.2, head_dropout=0.5, hidden=[64]
[EVAL] use_input_norm=True, norm_type=batch
[EVAL] input_dim=37, output_dim=1, horizon=1
[EVAL] Final y_pred shape: (389912, 1)
[EVAL] Results: MAE=0.0645, RMSE=0.1943, R²=0.7107, Lag=6.2ms
[11/27] Evaluating exp_F3_global_full_additive_Test-m2_S006_seed42...
[EVAL] Loaded base defaults from configs/baseline.yaml

============================================================
[EVAL] exp_F3_global_full_additive_Test-m2_S006_seed42
[EVAL] Config: configs/exp_F3_global_full_additive.yaml
[EVAL] Data: win_in=300, win_out=1, stride_train=5, stride_eval=1
[EVAL] est_tick_ranges=[5], lpf_cutoff=0.5, lpf_order=4
[EVAL] Loading Test Data for Subject m2_S006...
[DATA] Loading Multi-Source: keys=['m2_']
  -> Source 'm2_': ./combined_data.h5 | Subs: 1
     Loaded 19 trials
[EVAL] Applying scaler from experiments/exp_F3_global_full_additive_Test-m2_S006_seed42/scaler.npz (mean shape=(37,))
[EVAL] Model: type=TCN_GRU, ch=[32, 32, 64, 64, 128, 128], k=5
[EVAL] Dropout=0.2, head_dropout=0.5, hidden=[64]
[EVAL] use_input_norm=True, norm_type=batch
[EVAL] input_dim=37, output_dim=1, horizon=1
[EVAL] Final y_pred shape: (366545, 1)
[EVAL] Results: MAE=0.0136, RMSE=0.0317, R²=0.9928, Lag=-13.2ms
[12/27] Evaluating exp_F3_global_full_additive_Test-m2_S008_seed42...
[EVAL] Loaded base defaults from configs/baseline.yaml

============================================================
[EVAL] exp_F3_global_full_additive_Test-m2_S008_seed42
[EVAL] Config: configs/exp_F3_global_full_additive.yaml
[EVAL] Data: win_in=300, win_out=1, stride_train=5, stride_eval=1
[EVAL] est_tick_ranges=[5], lpf_cutoff=0.5, lpf_order=4
[EVAL] Loading Test Data for Subject m2_S008...
[DATA] Loading Multi-Source: keys=['m2_']
  -> Source 'm2_': ./combined_data.h5 | Subs: 1
     Loaded 20 trials
[EVAL] Applying scaler from experiments/exp_F3_global_full_additive_Test-m2_S008_seed42/scaler.npz (mean shape=(37,))
[EVAL] Model: type=TCN_GRU, ch=[32, 32, 64, 64, 128, 128], k=5
[EVAL] Dropout=0.2, head_dropout=0.5, hidden=[64]
[EVAL] use_input_norm=True, norm_type=batch
[EVAL] input_dim=37, output_dim=1, horizon=1
[EVAL] Final y_pred shape: (377475, 1)
[EVAL] Results: MAE=0.0220, RMSE=0.0428, R²=0.9862, Lag=0.0ms
[13/27] Evaluating exp_G1_no_mocap_enhanced_Test-m2_S003_seed42...
[EVAL] Loaded base defaults from configs/baseline.yaml

============================================================
[EVAL] exp_G1_no_mocap_enhanced_Test-m2_S003_seed42
[EVAL] Config: configs/exp_G1_no_mocap_enhanced.yaml
[EVAL] Data: win_in=300, win_out=1, stride_train=5, stride_eval=1
[EVAL] est_tick_ranges=[5], lpf_cutoff=0.5, lpf_order=4
[EVAL] Loading Test Data for Subject m2_S003...
[DATA] Loading Multi-Source: keys=['m2_']
  -> Source 'm2_': ./combined_data.h5 | Subs: 1
     Loaded 21 trials
[EVAL] Applying scaler from experiments/exp_G1_no_mocap_enhanced_Test-m2_S003_seed42/scaler.npz (mean shape=(16,))
[EVAL] Model: type=TCN_GRU, ch=[32, 32, 64, 64, 128, 128], k=5
[EVAL] Dropout=0.2, head_dropout=0.5, hidden=[64]
[EVAL] use_input_norm=True, norm_type=batch
[EVAL] input_dim=16, output_dim=1, horizon=1
[EVAL] Final y_pred shape: (389912, 1)
[EVAL] Results: MAE=0.0313, RMSE=0.0923, R²=0.9347, Lag=31.0ms
[14/27] Evaluating exp_G1_no_mocap_enhanced_Test-m2_S006_seed42...
[EVAL] Loaded base defaults from configs/baseline.yaml

============================================================
[EVAL] exp_G1_no_mocap_enhanced_Test-m2_S006_seed42
[EVAL] Config: configs/exp_G1_no_mocap_enhanced.yaml
[EVAL] Data: win_in=300, win_out=1, stride_train=5, stride_eval=1
[EVAL] est_tick_ranges=[5], lpf_cutoff=0.5, lpf_order=4
[EVAL] Loading Test Data for Subject m2_S006...
[DATA] Loading Multi-Source: keys=['m2_']
  -> Source 'm2_': ./combined_data.h5 | Subs: 1
     Loaded 19 trials
[EVAL] Applying scaler from experiments/exp_G1_no_mocap_enhanced_Test-m2_S006_seed42/scaler.npz (mean shape=(16,))
[EVAL] Model: type=TCN_GRU, ch=[32, 32, 64, 64, 128, 128], k=5
[EVAL] Dropout=0.2, head_dropout=0.5, hidden=[64]
[EVAL] use_input_norm=True, norm_type=batch
[EVAL] input_dim=16, output_dim=1, horizon=1
[EVAL] Final y_pred shape: (366545, 1)
[EVAL] Results: MAE=0.0116, RMSE=0.0311, R²=0.9931, Lag=-2.6ms
[15/27] Evaluating exp_G1_no_mocap_enhanced_Test-m2_S008_seed42...
[EVAL] Loaded base defaults from configs/baseline.yaml

============================================================
[EVAL] exp_G1_no_mocap_enhanced_Test-m2_S008_seed42
[EVAL] Config: configs/exp_G1_no_mocap_enhanced.yaml
[EVAL] Data: win_in=300, win_out=1, stride_train=5, stride_eval=1
[EVAL] est_tick_ranges=[5], lpf_cutoff=0.5, lpf_order=4
[EVAL] Loading Test Data for Subject m2_S008...
[DATA] Loading Multi-Source: keys=['m2_']
  -> Source 'm2_': ./combined_data.h5 | Subs: 1
     Loaded 20 trials
[EVAL] Applying scaler from experiments/exp_G1_no_mocap_enhanced_Test-m2_S008_seed42/scaler.npz (mean shape=(16,))
[EVAL] Model: type=TCN_GRU, ch=[32, 32, 64, 64, 128, 128], k=5
[EVAL] Dropout=0.2, head_dropout=0.5, hidden=[64]
[EVAL] use_input_norm=True, norm_type=batch
[EVAL] input_dim=16, output_dim=1, horizon=1
[EVAL] Final y_pred shape: (377475, 1)
[EVAL] Results: MAE=0.0604, RMSE=0.1032, R²=0.9200, Lag=0.5ms
[16/27] Evaluating exp_G2_no_mocap_exo_angles_Test-m2_S003_seed42...
[EVAL] Loaded base defaults from configs/baseline.yaml

============================================================
[EVAL] exp_G2_no_mocap_exo_angles_Test-m2_S003_seed42
[EVAL] Config: configs/exp_G2_no_mocap_exo_angles.yaml
[EVAL] Data: win_in=300, win_out=1, stride_train=5, stride_eval=1
[EVAL] est_tick_ranges=[5], lpf_cutoff=0.5, lpf_order=4
[EVAL] Loading Test Data for Subject m2_S003...
[DATA] Loading Multi-Source: keys=['m2_']
  -> Source 'm2_': ./combined_data.h5 | Subs: 1
     Loaded 21 trials
[EVAL] Applying scaler from experiments/exp_G2_no_mocap_exo_angles_Test-m2_S003_seed42/scaler.npz (mean shape=(18,))
[EVAL] Model: type=TCN_GRU, ch=[32, 32, 64, 64, 128, 128], k=5
[EVAL] Dropout=0.2, head_dropout=0.5, hidden=[64]
[EVAL] use_input_norm=True, norm_type=batch
[EVAL] input_dim=18, output_dim=1, horizon=1
[EVAL] Final y_pred shape: (389912, 1)
[EVAL] Results: MAE=0.0369, RMSE=0.1048, R²=0.9158, Lag=7.1ms
[17/27] Evaluating exp_G2_no_mocap_exo_angles_Test-m2_S006_seed42...
[EVAL] Loaded base defaults from configs/baseline.yaml

============================================================
[EVAL] exp_G2_no_mocap_exo_angles_Test-m2_S006_seed42
[EVAL] Config: configs/exp_G2_no_mocap_exo_angles.yaml
[EVAL] Data: win_in=300, win_out=1, stride_train=5, stride_eval=1
[EVAL] est_tick_ranges=[5], lpf_cutoff=0.5, lpf_order=4
[EVAL] Loading Test Data for Subject m2_S006...
[DATA] Loading Multi-Source: keys=['m2_']
  -> Source 'm2_': ./combined_data.h5 | Subs: 1
     Loaded 19 trials
[EVAL] Applying scaler from experiments/exp_G2_no_mocap_exo_angles_Test-m2_S006_seed42/scaler.npz (mean shape=(18,))
[EVAL] Model: type=TCN_GRU, ch=[32, 32, 64, 64, 128, 128], k=5
[EVAL] Dropout=0.2, head_dropout=0.5, hidden=[64]
[EVAL] use_input_norm=True, norm_type=batch
[EVAL] input_dim=18, output_dim=1, horizon=1
[EVAL] Final y_pred shape: (366545, 1)
[EVAL] Results: MAE=0.0391, RMSE=0.0762, R²=0.9584, Lag=1.1ms
[18/27] Evaluating exp_G2_no_mocap_exo_angles_Test-m2_S008_seed42...
[EVAL] Loaded base defaults from configs/baseline.yaml

============================================================
[EVAL] exp_G2_no_mocap_exo_angles_Test-m2_S008_seed42
[EVAL] Config: configs/exp_G2_no_mocap_exo_angles.yaml
[EVAL] Data: win_in=300, win_out=1, stride_train=5, stride_eval=1
[EVAL] est_tick_ranges=[5], lpf_cutoff=0.5, lpf_order=4
[EVAL] Loading Test Data for Subject m2_S008...
[DATA] Loading Multi-Source: keys=['m2_']
  -> Source 'm2_': ./combined_data.h5 | Subs: 1
     Loaded 20 trials
[EVAL] Applying scaler from experiments/exp_G2_no_mocap_exo_angles_Test-m2_S008_seed42/scaler.npz (mean shape=(18,))
[EVAL] Model: type=TCN_GRU, ch=[32, 32, 64, 64, 128, 128], k=5
[EVAL] Dropout=0.2, head_dropout=0.5, hidden=[64]
[EVAL] use_input_norm=True, norm_type=batch
[EVAL] input_dim=18, output_dim=1, horizon=1
[EVAL] Final y_pred shape: (377475, 1)
[EVAL] Results: MAE=0.0303, RMSE=0.0673, R²=0.9660, Lag=0.0ms
[19/27] Evaluating exp_G3_no_grf_enhanced_Test-m2_S003_seed42...
[EVAL] Loaded base defaults from configs/baseline.yaml

============================================================
[EVAL] exp_G3_no_grf_enhanced_Test-m2_S003_seed42
[EVAL] Config: configs/exp_G3_no_grf_enhanced.yaml
[EVAL] Data: win_in=300, win_out=1, stride_train=5, stride_eval=1
[EVAL] est_tick_ranges=[5], lpf_cutoff=0.5, lpf_order=4
[EVAL] Loading Test Data for Subject m2_S003...
[DATA] Loading Multi-Source: keys=['m2_']
  -> Source 'm2_': ./combined_data.h5 | Subs: 1
     Loaded 21 trials
[EVAL] Applying scaler from experiments/exp_G3_no_grf_enhanced_Test-m2_S003_seed42/scaler.npz (mean shape=(26,))
[EVAL] Model: type=TCN_GRU, ch=[32, 32, 64, 64, 128, 128], k=5
[EVAL] Dropout=0.2, head_dropout=0.5, hidden=[64]
[EVAL] use_input_norm=True, norm_type=batch
[EVAL] input_dim=26, output_dim=1, horizon=1
[EVAL] Final y_pred shape: (389912, 1)
[EVAL] Results: MAE=0.0354, RMSE=0.0841, R²=0.9458, Lag=6.7ms
[20/27] Evaluating exp_G3_no_grf_enhanced_Test-m2_S006_seed42...
[EVAL] Loaded base defaults from configs/baseline.yaml

============================================================
[EVAL] exp_G3_no_grf_enhanced_Test-m2_S006_seed42
[EVAL] Config: configs/exp_G3_no_grf_enhanced.yaml
[EVAL] Data: win_in=300, win_out=1, stride_train=5, stride_eval=1
[EVAL] est_tick_ranges=[5], lpf_cutoff=0.5, lpf_order=4
[EVAL] Loading Test Data for Subject m2_S006...
[DATA] Loading Multi-Source: keys=['m2_']
  -> Source 'm2_': ./combined_data.h5 | Subs: 1
     Loaded 19 trials
[EVAL] Applying scaler from experiments/exp_G3_no_grf_enhanced_Test-m2_S006_seed42/scaler.npz (mean shape=(26,))
[EVAL] Model: type=TCN_GRU, ch=[32, 32, 64, 64, 128, 128], k=5
[EVAL] Dropout=0.2, head_dropout=0.5, hidden=[64]
[EVAL] use_input_norm=True, norm_type=batch
[EVAL] input_dim=26, output_dim=1, horizon=1
[EVAL] Final y_pred shape: (366545, 1)
[EVAL] Results: MAE=0.0127, RMSE=0.0279, R²=0.9944, Lag=-1.1ms
[21/27] Evaluating exp_G3_no_grf_enhanced_Test-m2_S008_seed42...
[EVAL] Loaded base defaults from configs/baseline.yaml

============================================================
[EVAL] exp_G3_no_grf_enhanced_Test-m2_S008_seed42
[EVAL] Config: configs/exp_G3_no_grf_enhanced.yaml
[EVAL] Data: win_in=300, win_out=1, stride_train=5, stride_eval=1
[EVAL] est_tick_ranges=[5], lpf_cutoff=0.5, lpf_order=4
[EVAL] Loading Test Data for Subject m2_S008...
[DATA] Loading Multi-Source: keys=['m2_']
  -> Source 'm2_': ./combined_data.h5 | Subs: 1
     Loaded 20 trials
[EVAL] Applying scaler from experiments/exp_G3_no_grf_enhanced_Test-m2_S008_seed42/scaler.npz (mean shape=(26,))
[EVAL] Model: type=TCN_GRU, ch=[32, 32, 64, 64, 128, 128], k=5
[EVAL] Dropout=0.2, head_dropout=0.5, hidden=[64]
[EVAL] use_input_norm=True, norm_type=batch
[EVAL] input_dim=26, output_dim=1, horizon=1
[EVAL] Final y_pred shape: (377475, 1)
[EVAL] Results: MAE=0.0285, RMSE=0.0633, R²=0.9699, Lag=0.0ms
[22/27] Evaluating exp_H1_stride_frequency_Test-m2_S003_seed42...
[EVAL] Loaded base defaults from configs/baseline.yaml

============================================================
[EVAL] exp_H1_stride_frequency_Test-m2_S003_seed42
[EVAL] Config: configs/exp_H1_stride_frequency.yaml
[EVAL] Data: win_in=300, win_out=1, stride_train=5, stride_eval=1
[EVAL] est_tick_ranges=[5], lpf_cutoff=0.5, lpf_order=4
[EVAL] Loading Test Data for Subject m2_S003...
[DATA] Loading Multi-Source: keys=['m2_']
  -> Source 'm2_': ./combined_data.h5 | Subs: 1
     Loaded 21 trials
[EVAL] Applying scaler from experiments/exp_H1_stride_frequency_Test-m2_S003_seed42/scaler.npz (mean shape=(36,))
[EVAL] Model: type=TCN_GRU, ch=[32, 32, 64, 64, 128, 128], k=5
[EVAL] Dropout=0.2, head_dropout=0.5, hidden=[64]
[EVAL] use_input_norm=True, norm_type=batch
[EVAL] input_dim=36, output_dim=1, horizon=1
[EVAL] Final y_pred shape: (389912, 1)
[EVAL] Results: MAE=0.0273, RMSE=0.0744, R²=0.9576, Lag=0.0ms
[23/27] Evaluating exp_H1_stride_frequency_Test-m2_S006_seed42...
[EVAL] Loaded base defaults from configs/baseline.yaml

============================================================
[EVAL] exp_H1_stride_frequency_Test-m2_S006_seed42
[EVAL] Config: configs/exp_H1_stride_frequency.yaml
[EVAL] Data: win_in=300, win_out=1, stride_train=5, stride_eval=1
[EVAL] est_tick_ranges=[5], lpf_cutoff=0.5, lpf_order=4
[EVAL] Loading Test Data for Subject m2_S006...
[DATA] Loading Multi-Source: keys=['m2_']
  -> Source 'm2_': ./combined_data.h5 | Subs: 1
     Loaded 19 trials
[EVAL] Applying scaler from experiments/exp_H1_stride_frequency_Test-m2_S006_seed42/scaler.npz (mean shape=(36,))
[EVAL] Model: type=TCN_GRU, ch=[32, 32, 64, 64, 128, 128], k=5
[EVAL] Dropout=0.2, head_dropout=0.5, hidden=[64]
[EVAL] use_input_norm=True, norm_type=batch
[EVAL] input_dim=36, output_dim=1, horizon=1
[EVAL] Final y_pred shape: (366545, 1)
[EVAL] Results: MAE=0.0158, RMSE=0.0300, R²=0.9936, Lag=-14.7ms
[24/27] Evaluating exp_H1_stride_frequency_Test-m2_S008_seed42...
[EVAL] Loaded base defaults from configs/baseline.yaml

============================================================
[EVAL] exp_H1_stride_frequency_Test-m2_S008_seed42
[EVAL] Config: configs/exp_H1_stride_frequency.yaml
[EVAL] Data: win_in=300, win_out=1, stride_train=5, stride_eval=1
[EVAL] est_tick_ranges=[5], lpf_cutoff=0.5, lpf_order=4
[EVAL] Loading Test Data for Subject m2_S008...
[DATA] Loading Multi-Source: keys=['m2_']
  -> Source 'm2_': ./combined_data.h5 | Subs: 1
     Loaded 20 trials
[EVAL] Applying scaler from experiments/exp_H1_stride_frequency_Test-m2_S008_seed42/scaler.npz (mean shape=(36,))
[EVAL] Model: type=TCN_GRU, ch=[32, 32, 64, 64, 128, 128], k=5
[EVAL] Dropout=0.2, head_dropout=0.5, hidden=[64]
[EVAL] use_input_norm=True, norm_type=batch
[EVAL] input_dim=36, output_dim=1, horizon=1
[EVAL] Final y_pred shape: (377475, 1)
[EVAL] Results: MAE=0.0409, RMSE=0.0830, R²=0.9482, Lag=0.5ms
[25/27] Evaluating exp_H2_hybrid_norm_Test-m2_S003_seed42...
[EVAL] Loaded base defaults from configs/baseline.yaml

============================================================
[EVAL] exp_H2_hybrid_norm_Test-m2_S003_seed42
[EVAL] Config: configs/exp_H2_hybrid_norm.yaml
[EVAL] Data: win_in=300, win_out=1, stride_train=5, stride_eval=1
[EVAL] est_tick_ranges=[5], lpf_cutoff=0.5, lpf_order=4
[EVAL] Loading Test Data for Subject m2_S003...
[DATA] Loading Multi-Source: keys=['m2_']
  -> Source 'm2_': ./combined_data.h5 | Subs: 1
     Loaded 21 trials
[EVAL] Applying scaler from experiments/exp_H2_hybrid_norm_Test-m2_S003_seed42/scaler.npz (mean shape=(34,))
[EVAL] Model: type=TCN_GRU, ch=[32, 32, 64, 64, 128, 128], k=5
[EVAL] Dropout=0.2, head_dropout=0.5, hidden=[64]
[EVAL] use_input_norm=True, norm_type=batch
[EVAL] input_dim=34, output_dim=1, horizon=1
[EVAL] Final y_pred shape: (389912, 1)
[EVAL] Results: MAE=0.0272, RMSE=0.0864, R²=0.9428, Lag=2.4ms
[26/27] Evaluating exp_H2_hybrid_norm_Test-m2_S006_seed42...
[EVAL] Loaded base defaults from configs/baseline.yaml

============================================================
[EVAL] exp_H2_hybrid_norm_Test-m2_S006_seed42
[EVAL] Config: configs/exp_H2_hybrid_norm.yaml
[EVAL] Data: win_in=300, win_out=1, stride_train=5, stride_eval=1
[EVAL] est_tick_ranges=[5], lpf_cutoff=0.5, lpf_order=4
[EVAL] Loading Test Data for Subject m2_S006...
[DATA] Loading Multi-Source: keys=['m2_']
  -> Source 'm2_': ./combined_data.h5 | Subs: 1
     Loaded 19 trials
[EVAL] Applying scaler from experiments/exp_H2_hybrid_norm_Test-m2_S006_seed42/scaler.npz (mean shape=(34,))
[EVAL] Model: type=TCN_GRU, ch=[32, 32, 64, 64, 128, 128], k=5
[EVAL] Dropout=0.2, head_dropout=0.5, hidden=[64]
[EVAL] use_input_norm=True, norm_type=batch
[EVAL] input_dim=34, output_dim=1, horizon=1
[EVAL] Final y_pred shape: (366545, 1)
[EVAL] Results: MAE=0.0152, RMSE=0.0391, R²=0.9890, Lag=-10.0ms
[27/27] Evaluating exp_H2_hybrid_norm_Test-m2_S008_seed42...
[EVAL] Loaded base defaults from configs/baseline.yaml

============================================================
[EVAL] exp_H2_hybrid_norm_Test-m2_S008_seed42
[EVAL] Config: configs/exp_H2_hybrid_norm.yaml
[EVAL] Data: win_in=300, win_out=1, stride_train=5, stride_eval=1
[EVAL] est_tick_ranges=[5], lpf_cutoff=0.5, lpf_order=4
[EVAL] Loading Test Data for Subject m2_S008...
[DATA] Loading Multi-Source: keys=['m2_']
  -> Source 'm2_': ./combined_data.h5 | Subs: 1
     Loaded 20 trials
[EVAL] Applying scaler from experiments/exp_H2_hybrid_norm_Test-m2_S008_seed42/scaler.npz (mean shape=(34,))
[EVAL] Model: type=TCN_GRU, ch=[32, 32, 64, 64, 128, 128], k=5
[EVAL] Dropout=0.2, head_dropout=0.5, hidden=[64]
[EVAL] use_input_norm=True, norm_type=batch
[EVAL] input_dim=34, output_dim=1, horizon=1
[EVAL] Final y_pred shape: (377475, 1)
[EVAL] Results: MAE=0.0168, RMSE=0.0398, R²=0.9881, Lag=0.0ms

Baseline (baseline) found: MAE=0.0201

====================================================================================================
Experiment Group                         | MAE      | Delta    | % Chg    | Lag(ms) 
----------------------------------------------------------------------------------------------------
exp_H2_hybrid_norm                       | 0.0197   | -0.0004   | -2.0%    | -2.5
baseline                                 | 0.0201   | +0.0000   | +0.0%    | 0.7
exp_F1_global_acc_additive               | 0.0206   | +0.0005   | +2.5%    | -19.0
exp_F2_global_vel_additive               | 0.0207   | +0.0006   | +2.9%    | -4.0
exp_G3_no_grf_enhanced                   | 0.0255   | +0.0054   | +26.8%    | 1.9
exp_H1_stride_frequency                  | 0.0280   | +0.0078   | +39.0%    | -4.7
exp_F3_global_full_additive              | 0.0334   | +0.0132   | +65.7%    | -2.3
exp_G1_no_mocap_enhanced                 | 0.0344   | +0.0143   | +71.1%    | 9.6
exp_G2_no_mocap_exo_angles               | 0.0355   | +0.0153   | +76.1%    | 2.7
====================================================================================================

Saved Summary CSV to: compare_result/final_ablation_summary.csv
Saved plots to compare_result/
