Job started on server1 at Fri Feb 27 05:31:59 PM KST 2026
CUDA_VISIBLE_DEVICES=0,1
GPU 0: NVIDIA RTX A5000 (UUID: GPU-0419b0c5-28d5-d3c3-b641-5b0ae0dfd5bf)
GPU 1: NVIDIA RTX A5000 (UUID: GPU-4cc05265-2fc4-84e7-cd11-32d248a34434)
[TRAIN.SH] Running LPF Check...
[INFO] Using LPF settings from configs/baseline.yaml: Cutoff=0.5Hz, Order=4
[INFO] Analyzing subject: S004 from combined_data.h5
Saved filtered_velocity/S004_accel_sine_lpf_0.5Hz.png
Saved filtered_velocity/S004_decline_5deg_lpf_0.5Hz.png
Saved filtered_velocity/S004_incline_10deg_lpf_0.5Hz.png
Saved filtered_velocity/S004_level_075mps_lpf_0.5Hz.png
Saved filtered_velocity/S004_level_100mps_lpf_0.5Hz.png
Saved filtered_velocity/S004_level_125mps_lpf_0.5Hz.png
Saved filtered_velocity/S004_stopandgo_lpf_0.5Hz.png
[setup] Detected 2 GPUs allocated by SLURM.
[SCHEDULER] Starting queue (9 items).
[SCHEDULER] Launching baseline.yaml on GPU 0
[SCHEDULER] Launching exp_F1_global_acc_additive.yaml on GPU 1
[SCHEDULER] GPU 1 job finished.
[SCHEDULER] Launching exp_F2_global_vel_additive.yaml on GPU 1
[SCHEDULER] GPU 0 job finished.
[SCHEDULER] Launching exp_F3_global_full_additive.yaml on GPU 0
[SCHEDULER] GPU 1 job finished.
[SCHEDULER] Launching exp_G1_no_mocap_enhanced.yaml on GPU 1
[SCHEDULER] GPU 0 job finished.
[SCHEDULER] Launching exp_G2_no_mocap_exo_angles.yaml on GPU 0
[SCHEDULER] GPU 1 job finished.
[SCHEDULER] Launching exp_G3_no_grf_enhanced.yaml on GPU 1
[SCHEDULER] GPU 0 job finished.
[SCHEDULER] Launching exp_H1_stride_frequency.yaml on GPU 0
[SCHEDULER] GPU 1 job finished.
[SCHEDULER] Launching exp_H2_hybrid_norm.yaml on GPU 1
[SCHEDULER] GPU 0 job finished.
[SCHEDULER] GPU 1 job finished.
[SCHEDULER] All training jobs finished.
[SCHEDULER] Submitting compare_results.py as separate SLURM job (gpu:1)...
Submitted batch job 976
