Job started on server1 at Mon Mar  2 09:11:44 PM KST 2026
Config: configs/archive_round4/exp_A1_smooth_loss_light.yaml
CUDA_VISIBLE_DEVICES=0
GPU 0: NVIDIA RTX A5000 (UUID: GPU-a792101e-894b-2a35-89fd-d11e1db52899)
Loading base config from configs/baseline.yaml...
[INFO] Loaded base defaults from configs/baseline.yaml
Found 1 configs: ['exp_A1_smooth_loss_light.yaml']

[PARALLEL] Rank 0/1 - Process 1/1 experiments.

============================================================
  Running Data Distribution Analysis (Outlier Detection)
============================================================
[DIST-ANALYSIS] Loading data from 1 sources for 34 features across 7 groups...
[INFO] Distribution plots saved to compare_result/distribution_analysis
[INFO] Checking for outliers (Mean Shift > 2-Sigma)...
  [ALARM] mocap/kin_q/hip_flexion_r_ddot: Detect 1 outliers
    - m2_S003: Z=2.06 (Mean=0.2092)
============================================================


>>> Start Experiment: exp_A1_smooth_loss_light_seed42

[INFO] Starting Cross-Validation Loops: 3 folds (Config: exp_A1_smooth_loss_light)

>>> Start Experiment: exp_A1_smooth_loss_light_Test-m2_S003_seed42
[DATA] Loading Multi-Source: keys=['m2_']
  -> Source 'm2_': ./combined_data.h5 | Subs: 8
     Loaded 124 trials
[DATA] Loading Multi-Source: keys=['m2_']
  -> Source 'm2_': ./combined_data.h5 | Subs: 8
     Loaded 24 trials
[DATA] Loading Multi-Source: keys=['m2_']
  -> Source 'm2_': ./combined_data.h5 | Subs: 8
