2025-12-09 20:22:00,825 [INFO] Activator:176 - 


2025-12-09 20:22:00,829 [INFO] Activator:177 - !SESSION log4j initialized
2025-12-09 20:22:04,629 [INFO] LogOutputStream:77 - [STDOUT_REDIRECT] 
2025-12-09 20:22:05,831 [INFO] ApplicationProperties:184 - Using Application install path: C:\ST\STM32CubeIDE_1.14.1\STM32CubeIDE\plugins\com.st.stm32cube.common.mx_6.10.0.202311202037
2025-12-09 20:22:05,843 [INFO] DbMcusXml:78 - Set database path to: C:\ST\STM32CubeIDE_1.14.1\STM32CubeIDE\plugins\com.st.stm32cube.common.mx_6.10.0.202311202037\\db\/mcu/
2025-12-09 20:22:05,843 [INFO] ApiDb:274 - Set plugin database path to: C:\ST\STM32CubeIDE_1.14.1\STM32CubeIDE\plugins\com.st.stm32cube.common.mx_6.10.0.202311202037\\db\/plugins/boardmanager/
2025-12-09 20:22:05,843 [WARN] ApiDb:259 - Overriding images path with different value:  => C:\ST\STM32CubeIDE_1.14.1\STM32CubeIDE\plugins\com.st.stm32cube.common.mx_6.10.0.202311202037\\db\/plugins/mcufinder/images/
2025-12-09 20:22:05,848 [INFO] ApiDb:250 - Set database path to: C:\Users\ChanyoungKo\.stmcufinder\plugins\mcufinder//mcu/
2025-12-09 20:22:05,849 [INFO] DbMcusAds:125 - Set database path to: C:\Users\ChanyoungKo\.stmcufinder\plugins\mcufinder//mcu/
2025-12-09 20:22:05,850 [INFO] CrossReferenceDbSqlite:203 - Set database path to: C:\Users\ChanyoungKo\.stmcufinder\plugins\mcufinder//mcu/cs/
2025-12-09 20:22:05,927 [INFO] RulesReader:64 - Compatibility file has been processed (297 Rules)
2025-12-09 20:22:06,015 [INFO] DbMcusXml:78 - Set database path to: C:\ST\STM32CubeIDE_1.14.1\STM32CubeIDE\plugins\com.st.stm32cube.common.mx_6.10.0.202311202037\\db\/mcu/
2025-12-09 20:22:06,015 [INFO] ApiDb:274 - Set plugin database path to: C:\ST\STM32CubeIDE_1.14.1\STM32CubeIDE\plugins\com.st.stm32cube.common.mx_6.10.0.202311202037\\db\/plugins/boardmanager/
2025-12-09 20:22:06,015 [INFO] ApiDb:261 - Set plugin images path to: C:\ST\STM32CubeIDE_1.14.1\STM32CubeIDE\plugins\com.st.stm32cube.common.mx_6.10.0.202311202037\\db\/plugins/mcufinder/images/
2025-12-09 20:22:06,016 [WARN] DbFile:41 - Overriding database path with different value: C:\Users\ChanyoungKo\.stmcufinder\plugins\mcufinder/ => C:\Users\ChanyoungKo\.stmcufinder\plugins\mcufinder
2025-12-09 20:22:06,016 [INFO] ApiDb:250 - Set database path to: C:\Users\ChanyoungKo\.stmcufinder\plugins\mcufinder//mcu/
2025-12-09 20:22:06,016 [WARN] DbFile:41 - Overriding database path with different value: C:\Users\ChanyoungKo\.stmcufinder\plugins\mcufinder/ => C:\Users\ChanyoungKo\.stmcufinder\plugins\mcufinder
2025-12-09 20:22:06,016 [INFO] DbMcusAds:125 - Set database path to: C:\Users\ChanyoungKo\.stmcufinder\plugins\mcufinder//mcu/
2025-12-09 20:22:06,016 [WARN] DbFile:41 - Overriding database path with different value: C:\Users\ChanyoungKo\.stmcufinder\plugins\mcufinder/ => C:\Users\ChanyoungKo\.stmcufinder\plugins\mcufinder
2025-12-09 20:22:06,016 [WARN] DbFile:41 - Overriding database path with different value: C:\Users\ChanyoungKo\.stmcufinder\plugins\mcufinder/ => C:\Users\ChanyoungKo\.stmcufinder\plugins\mcufinder
2025-12-09 20:22:06,016 [INFO] CrossReferenceDbSqlite:203 - Set database path to: C:\Users\ChanyoungKo\.stmcufinder\plugins\mcufinder//mcu/cs/
2025-12-09 20:22:06,078 [INFO] MainPanel:264 - HeapMemory: 268435456
2025-12-09 20:22:06,129 [INFO] DbMcusXml:78 - Set database path to: C:\ST\STM32CubeIDE_1.14.1\STM32CubeIDE\plugins\com.st.stm32cube.common.mx_6.10.0.202311202037\\db\/mcu/
2025-12-09 20:22:06,129 [INFO] ApiDb:274 - Set plugin database path to: C:\ST\STM32CubeIDE_1.14.1\STM32CubeIDE\plugins\com.st.stm32cube.common.mx_6.10.0.202311202037\\db\/plugins/boardmanager/
2025-12-09 20:22:06,129 [INFO] ApiDb:261 - Set plugin images path to: C:\ST\STM32CubeIDE_1.14.1\STM32CubeIDE\plugins\com.st.stm32cube.common.mx_6.10.0.202311202037\\db\/plugins/mcufinder/images/
2025-12-09 20:22:06,129 [WARN] DbFile:41 - Overriding database path with different value: C:\Users\ChanyoungKo\.stmcufinder\plugins\mcufinder/ => C:\Users\ChanyoungKo\.stmcufinder\plugins\mcufinder
2025-12-09 20:22:06,129 [INFO] ApiDb:250 - Set database path to: C:\Users\ChanyoungKo\.stmcufinder\plugins\mcufinder//mcu/
2025-12-09 20:22:06,129 [WARN] DbFile:41 - Overriding database path with different value: C:\Users\ChanyoungKo\.stmcufinder\plugins\mcufinder/ => C:\Users\ChanyoungKo\.stmcufinder\plugins\mcufinder
2025-12-09 20:22:06,129 [INFO] DbMcusAds:125 - Set database path to: C:\Users\ChanyoungKo\.stmcufinder\plugins\mcufinder//mcu/
2025-12-09 20:22:06,129 [WARN] DbFile:41 - Overriding database path with different value: C:\Users\ChanyoungKo\.stmcufinder\plugins\mcufinder/ => C:\Users\ChanyoungKo\.stmcufinder\plugins\mcufinder
2025-12-09 20:22:06,129 [WARN] DbFile:41 - Overriding database path with different value: C:\Users\ChanyoungKo\.stmcufinder\plugins\mcufinder/ => C:\Users\ChanyoungKo\.stmcufinder\plugins\mcufinder
2025-12-09 20:22:06,129 [INFO] CrossReferenceDbSqlite:203 - Set database path to: C:\Users\ChanyoungKo\.stmcufinder\plugins\mcufinder//mcu/cs/
2025-12-09 20:22:06,140 [INFO] ApplicationProperties:184 - Using Application install path: C:\ST\STM32CubeIDE_1.14.1\STM32CubeIDE\plugins\com.st.stm32cube.common.mx_6.10.0.202311202037
2025-12-09 20:22:06,141 [INFO] PluginManage:196 - Search for loadable plugins [exclusion list=, ]
2025-12-09 20:22:06,142 [INFO] PluginManage:310 - Check plugin analytics
2025-12-09 20:22:06,239 [INFO] AnalyticsPlugin:253 - Accepted Software Licenses: 
2025-12-09 20:22:06,240 [INFO] AnalyticsPlugin:255 - Accepted CMSIS Pack Licenses: 
2025-12-09 20:22:06,240 [INFO] AnalyticsPlugin:257 - Accepted Firmware Licenses: 
2025-12-09 20:22:06,242 [INFO] PluginManage:359 - Loaded plugin analytics (category:tool,tabindex:-1)
2025-12-09 20:22:06,242 [INFO] PluginManage:310 - Check plugin cadmodel
2025-12-09 20:22:06,256 [INFO] CADModel:105 - Init CAD model plugin
2025-12-09 20:22:06,256 [INFO] PluginManage:359 - Loaded plugin cadmodel (category:power,tabindex:5)
2025-12-09 20:22:06,256 [INFO] PluginManage:310 - Check plugin clock
2025-12-09 20:22:06,273 [INFO] PluginManage:359 - Loaded plugin clock (category:base,tabindex:2)
2025-12-09 20:22:06,273 [INFO] PluginManage:310 - Check plugin ddr
2025-12-09 20:22:06,274 [INFO] PluginManage:359 - Loaded plugin ddr (category:tool,tabindex:6)
2025-12-09 20:22:06,274 [INFO] PluginManage:310 - Check plugin filemanager
2025-12-09 20:22:06,364 [INFO] PluginManage:359 - Loaded plugin filemanager (category:base,tabindex:10)
2025-12-09 20:22:06,364 [INFO] PluginManage:310 - Check plugin ipmanager
2025-12-09 20:22:06,370 [INFO] PluginManage:359 - Loaded plugin ipmanager (category:base,tabindex:5)
2025-12-09 20:22:06,370 [INFO] PluginManage:310 - Check plugin lpbam
2025-12-09 20:22:06,385 [INFO] PluginManage:359 - Loaded plugin lpbam (category:base,tabindex:0)
2025-12-09 20:22:06,385 [INFO] PluginManage:310 - Check plugin memorymap
2025-12-09 20:22:06,405 [INFO] PluginManage:359 - Loaded plugin memorymap (category:base,tabindex:4)
2025-12-09 20:22:06,405 [INFO] PluginManage:310 - Check plugin pinoutandconfiguration
2025-12-09 20:22:06,419 [INFO] PluginManage:359 - Loaded plugin pinoutandconfiguration (category:base,tabindex:1)
2025-12-09 20:22:06,419 [INFO] PluginManage:310 - Check plugin pinoutconfig
2025-12-09 20:22:06,478 [WARN] SupportedApi:132 - Cannot load RTOS API schema: s4s-elt-must-match.1: The content of 'definitions' must match (annotation?, (simpleType | complexType)?, (unique | key | keyref)*)). A problem was found starting at: attribute.
2025-12-09 20:22:06,553 [INFO] PluginManage:359 - Loaded plugin pinoutconfig (category:base,tabindex:0)
2025-12-09 20:22:06,553 [INFO] PluginManage:310 - Check plugin power
2025-12-09 20:22:06,569 [INFO] PluginManage:359 - Loaded plugin power (category:power,tabindex:4)
2025-12-09 20:22:06,569 [INFO] PluginManage:310 - Check plugin projectmanager
2025-12-09 20:22:06,579 [INFO] PluginManage:359 - Loaded plugin projectmanager (category:projectmanager,tabindex:3)
2025-12-09 20:22:06,579 [INFO] PluginManage:310 - Check plugin thirdparty
2025-12-09 20:22:06,762 [INFO] PluginManage:359 - Loaded plugin thirdparty (category:base,tabindex:-1)
2025-12-09 20:22:06,762 [WARN] IntegrityCheckThread:84 - waiting for thirdparty lock release [integrity check]
2025-12-09 20:22:06,762 [INFO] PluginManage:310 - Check plugin tools
2025-12-09 20:22:06,762 [INFO] IntegrityCheckThread:86 - entering critical section [integrity check]
2025-12-09 20:22:06,762 [INFO] ThirdPartyUpdaterWithRetryManager:70 - Updater plugin not ready yet. [1/15]
2025-12-09 20:22:06,787 [INFO] PluginManage:359 - Loaded plugin tools (category:base,tabindex:7)
2025-12-09 20:22:06,787 [INFO] PluginManage:310 - Check plugin tutovideos
2025-12-09 20:22:06,911 [INFO] PluginManage:359 - Loaded plugin tutovideos (category:base,tabindex:-1)
2025-12-09 20:22:06,911 [INFO] PluginManage:310 - Check plugin updater
2025-12-09 20:22:06,919 [INFO] PluginManage:359 - Loaded plugin updater (category:base,tabindex:12)
2025-12-09 20:22:06,919 [INFO] PluginManage:310 - Check plugin userauth
2025-12-09 20:22:06,923 [INFO] UserAuth:114 - Init User Auth plugin
2025-12-09 20:22:06,923 [INFO] PluginManage:359 - Loaded plugin userauth (category:base,tabindex:14)
2025-12-09 20:22:06,923 [INFO] PluginManage:283 - PluginManage : Loaded plugins [17]
2025-12-09 20:22:07,053 [INFO] PinOutPanel:1499 - setPackage(No Configuration,No Configuration)
2025-12-09 20:22:07,121 [INFO] CADModel:165 - CPN selected for project level
2025-12-09 20:22:07,121 [INFO] CADModel:114 - Register for checkConnection events
2025-12-09 20:22:07,141 [INFO] IPUIPlugin:80 - create IPUIPlugin
2025-12-09 20:22:07,141 [INFO] PluginManager:220 - loadIPPluginJar : add adc
2025-12-09 20:22:07,166 [INFO] IPUIPlugin:80 - create IPUIPlugin
2025-12-09 20:22:07,166 [INFO] PluginManager:220 - loadIPPluginJar : add aes
2025-12-09 20:22:07,193 [INFO] IPUIPlugin:80 - create IPUIPlugin
2025-12-09 20:22:07,193 [INFO] PluginManager:220 - loadIPPluginJar : add can
2025-12-09 20:22:07,211 [INFO] IPUIPlugin:80 - create IPUIPlugin
2025-12-09 20:22:07,211 [INFO] PluginManager:220 - loadIPPluginJar : add comp
2025-12-09 20:22:07,234 [INFO] IPUIPlugin:80 - create IPUIPlugin
2025-12-09 20:22:07,234 [INFO] PluginManager:220 - loadIPPluginJar : add cryp
2025-12-09 20:22:07,255 [INFO] IPUIPlugin:80 - create IPUIPlugin
2025-12-09 20:22:07,255 [INFO] PluginManager:220 - loadIPPluginJar : add dfsdm
2025-12-09 20:22:07,266 [INFO] IPUIPlugin:80 - create IPUIPlugin
2025-12-09 20:22:07,267 [INFO] PluginManager:220 - loadIPPluginJar : add dma
2025-12-09 20:22:07,297 [INFO] IPUIPlugin:80 - create IPUIPlugin
2025-12-09 20:22:07,297 [INFO] PluginManager:220 - loadIPPluginJar : add dma3
2025-12-09 20:22:07,313 [INFO] IPUIPlugin:80 - create IPUIPlugin
2025-12-09 20:22:07,313 [INFO] PluginManager:220 - loadIPPluginJar : add fatfs
2025-12-09 20:22:07,345 [INFO] IPUIPlugin:80 - create IPUIPlugin
2025-12-09 20:22:07,345 [INFO] PluginManager:220 - loadIPPluginJar : add fmc
2025-12-09 20:22:07,363 [INFO] IPUIPlugin:80 - create IPUIPlugin
2025-12-09 20:22:07,364 [INFO] PluginManager:220 - loadIPPluginJar : add freertos
2025-12-09 20:22:07,381 [INFO] IPUIPlugin:80 - create IPUIPlugin
2025-12-09 20:22:07,381 [INFO] PluginManager:220 - loadIPPluginJar : add genericplugin
2025-12-09 20:22:07,441 [INFO] IPUIPlugin:80 - create IPUIPlugin
2025-12-09 20:22:07,441 [INFO] PluginManager:220 - loadIPPluginJar : add gfxmmu
2025-12-09 20:22:07,526 [INFO] IPUIPlugin:80 - create IPUIPlugin
2025-12-09 20:22:07,526 [INFO] PluginManager:220 - loadIPPluginJar : add gic
2025-12-09 20:22:07,542 [INFO] IPUIPlugin:80 - create IPUIPlugin
2025-12-09 20:22:07,542 [INFO] PluginManager:220 - loadIPPluginJar : add gpio
2025-12-09 20:22:07,604 [INFO] IPUIPlugin:80 - create IPUIPlugin
2025-12-09 20:22:07,604 [INFO] PluginManager:220 - loadIPPluginJar : add gtzc
2025-12-09 20:22:07,627 [INFO] IPUIPlugin:80 - create IPUIPlugin
2025-12-09 20:22:07,627 [INFO] PluginManager:220 - loadIPPluginJar : add hash
2025-12-09 20:22:07,662 [INFO] IPUIPlugin:80 - create IPUIPlugin
2025-12-09 20:22:07,662 [INFO] PluginManager:220 - loadIPPluginJar : add i2c
2025-12-09 20:22:07,689 [INFO] IPUIPlugin:80 - create IPUIPlugin
2025-12-09 20:22:07,689 [INFO] PluginManager:220 - loadIPPluginJar : add i2s
2025-12-09 20:22:07,717 [INFO] IPUIPlugin:80 - create IPUIPlugin
2025-12-09 20:22:07,717 [INFO] PluginManager:220 - loadIPPluginJar : add i3c
2025-12-09 20:22:07,779 [INFO] IPUIPlugin:80 - create IPUIPlugin
2025-12-09 20:22:07,779 [INFO] PluginManager:220 - loadIPPluginJar : add ipddr
2025-12-09 20:22:07,841 [INFO] IPUIPlugin:80 - create IPUIPlugin
2025-12-09 20:22:07,841 [INFO] PluginManager:220 - loadIPPluginJar : add linkedlist
2025-12-09 20:22:07,866 [INFO] IPUIPlugin:80 - create IPUIPlugin
2025-12-09 20:22:07,866 [INFO] PluginManager:220 - loadIPPluginJar : add lorawan
2025-12-09 20:22:07,890 [INFO] IPUIPlugin:80 - create IPUIPlugin
2025-12-09 20:22:07,890 [INFO] PluginManager:220 - loadIPPluginJar : add ltdc
2025-12-09 20:22:07,901 [INFO] IPUIPlugin:80 - create IPUIPlugin
2025-12-09 20:22:07,902 [INFO] PluginManager:220 - loadIPPluginJar : add mdma
2025-12-09 20:22:07,910 [INFO] IPUIPlugin:80 - create IPUIPlugin
2025-12-09 20:22:07,910 [INFO] PluginManager:220 - loadIPPluginJar : add nvic
2025-12-09 20:22:07,937 [INFO] IPUIPlugin:80 - create IPUIPlugin
2025-12-09 20:22:07,937 [INFO] PluginManager:220 - loadIPPluginJar : add opamp
2025-12-09 20:22:07,978 [INFO] IPUIPlugin:80 - create IPUIPlugin
2025-12-09 20:22:07,978 [INFO] PluginManager:220 - loadIPPluginJar : add openamp
2025-12-09 20:22:08,008 [INFO] IPUIPlugin:80 - create IPUIPlugin
2025-12-09 20:22:08,008 [INFO] PluginManager:220 - loadIPPluginJar : add pdm2pcm
2025-12-09 20:22:08,019 [INFO] IPUIPlugin:80 - create IPUIPlugin
2025-12-09 20:22:08,020 [INFO] PluginManager:220 - loadIPPluginJar : add plateformsettings
2025-12-09 20:22:08,038 [INFO] IPUIPlugin:80 - create IPUIPlugin
2025-12-09 20:22:08,038 [INFO] PluginManager:220 - loadIPPluginJar : add quadspi
2025-12-09 20:22:08,048 [INFO] IPUIPlugin:80 - create IPUIPlugin
2025-12-09 20:22:08,048 [INFO] PluginManager:220 - loadIPPluginJar : add resmgrutility
2025-12-09 20:22:08,078 [INFO] IPUIPlugin:80 - create IPUIPlugin
2025-12-09 20:22:08,078 [INFO] PluginManager:220 - loadIPPluginJar : add sai
2025-12-09 20:22:08,104 [INFO] IPUIPlugin:80 - create IPUIPlugin
2025-12-09 20:22:08,104 [INFO] PluginManager:220 - loadIPPluginJar : add spi
2025-12-09 20:22:08,148 [INFO] IPUIPlugin:80 - create IPUIPlugin
2025-12-09 20:22:08,148 [INFO] PluginManager:220 - loadIPPluginJar : add stm32_wpan
2025-12-09 20:22:08,166 [INFO] IPUIPlugin:80 - create IPUIPlugin
2025-12-09 20:22:08,166 [INFO] PluginManager:220 - loadIPPluginJar : add tim
2025-12-09 20:22:08,202 [INFO] IPUIPlugin:80 - create IPUIPlugin
2025-12-09 20:22:08,202 [INFO] PluginManager:220 - loadIPPluginJar : add touchsensing
2025-12-09 20:22:08,220 [INFO] IPUIPlugin:80 - create IPUIPlugin
2025-12-09 20:22:08,220 [INFO] PluginManager:220 - loadIPPluginJar : add tracer_emb
2025-12-09 20:22:08,239 [INFO] IPUIPlugin:80 - create IPUIPlugin
2025-12-09 20:22:08,240 [INFO] PluginManager:220 - loadIPPluginJar : add ts
2025-12-09 20:22:08,257 [INFO] IPUIPlugin:80 - create IPUIPlugin
2025-12-09 20:22:08,257 [INFO] PluginManager:220 - loadIPPluginJar : add tsc
2025-12-09 20:22:08,273 [INFO] IPUIPlugin:80 - create IPUIPlugin
2025-12-09 20:22:08,273 [INFO] PluginManager:220 - loadIPPluginJar : add ucpd
2025-12-09 20:22:08,302 [INFO] IPUIPlugin:80 - create IPUIPlugin
2025-12-09 20:22:08,302 [INFO] PluginManager:220 - loadIPPluginJar : add usart
2025-12-09 20:22:08,330 [INFO] IPUIPlugin:80 - create IPUIPlugin
2025-12-09 20:22:08,330 [INFO] PluginManager:220 - loadIPPluginJar : add usbx
2025-12-09 20:22:08,439 [INFO] CADModel:165 - CPN selected for project level
2025-12-09 20:22:08,439 [INFO] CADModel:114 - Register for checkConnection events
2025-12-09 20:22:08,439 [FATAL] Updater:308 - Updater called before beeing initialized
2025-12-09 20:22:08,439 [ERROR] CADModel:125 - Updater not yet initialized, retry later 
2025-12-09 20:22:08,519 [INFO] CADModel:165 - CPN selected for project level
2025-12-09 20:22:08,520 [INFO] CADModel:114 - Register for checkConnection events
2025-12-09 20:22:08,520 [FATAL] Updater:308 - Updater called before beeing initialized
2025-12-09 20:22:08,520 [ERROR] CADModel:125 - Updater not yet initialized, retry later 
2025-12-09 20:22:08,521 [FATAL] Updater:308 - Updater called before beeing initialized
2025-12-09 20:22:08,590 [FATAL] Updater:308 - Updater called before beeing initialized
2025-12-09 20:22:08,597 [INFO] DbMcusAds:53 - JSON generation date=Wed Nov 29 19:52:27 KST 2023 (1701255147349)
2025-12-09 20:22:08,598 [FATAL] Updater:308 - Updater called before beeing initialized
2025-12-09 20:22:08,656 [WARN] DetailPanel:346 - Failed to get advertising image, set to default
2025-12-09 20:22:08,720 [FATAL] Updater:308 - Updater called before beeing initialized
2025-12-09 20:22:08,721 [FATAL] Updater:308 - Updater called before beeing initialized
2025-12-09 20:22:08,721 [FATAL] Updater:308 - Updater called before beeing initialized
2025-12-09 20:22:08,721 [WARN] DetailPanel:346 - Failed to get advertising image, set to default
2025-12-09 20:22:08,722 [FATAL] Updater:308 - Updater called before beeing initialized
2025-12-09 20:22:08,756 [ERROR] Updater:1120 - MainUpdater not yet initialized. External WinMGr cannot be set.
2025-12-09 20:22:08,764 [INFO] Updater:1056 - Updater Version found : 6.10.0
2025-12-09 20:22:08,776 [INFO] ApplicationProperties:184 - Using Application install path: C:\ST\STM32CubeIDE_1.14.1\STM32CubeIDE\plugins\com.st.stm32cube.common.mx_6.10.0.202311202037
2025-12-09 20:22:09,765 [INFO] ThirdPartyUpdaterWithRetryManager:70 - Updater plugin not ready yet. [2/15]
2025-12-09 20:22:10,350 [ERROR] LogOutputStream:75 - [STDERR_REDIRECT] Dec 09, 2025 8:22:10 PM java.util.prefs.WindowsPreferences <init>
2025-12-09 20:22:10,352 [ERROR] LogOutputStream:75 - [STDERR_REDIRECT] WARNING: Could not open/create prefs root node Software\JavaSoft\Prefs at root 0xffffffff80000002. Windows RegCreateKeyEx(...) returned error code 5.
2025-12-09 20:22:10,352 [ERROR] LogOutputStream:75 - [STDERR_REDIRECT] 
2025-12-09 20:22:10,952 [INFO] MainUpdater:2873 - connection check result : 10
2025-12-09 20:22:10,953 [INFO] MainUpdater:290 - Updater Check For Update Now.
2025-12-09 20:22:10,953 [INFO] MicroXplorer:498 - Change Database Version : DB.6.0.100
2025-12-09 20:22:10,969 [INFO] McuFinderGlobals:63 - Set McuFinder mode to 2 (CubeIDE integrated)
2025-12-09 20:22:10,970 [INFO] UserAuth:180 - activating auth plugin
2025-12-09 20:22:10,972 [INFO] UserAuth:404 - Internet connection configuration mode: 1
2025-12-09 20:22:10,998 [INFO] JxBrowserEngine:152 - Initiate JxBrowser Engine with user profile folder
2025-12-09 20:22:11,122 [INFO] CheckServerUpdateThread:120 - End of CheckServer Thread
2025-12-09 20:22:12,746 [INFO] WebApp:161 - Instantiating new browser for Auth
2025-12-09 20:22:12,938 [WARN] PackLoader:240 - Cannot read IP mode file for STMicroelectronics.FP-SNS-MOTENVWB1.1.4.0
2025-12-09 20:22:12,950 [WARN] PackLoader:240 - Cannot read IP mode file for STMicroelectronics.FP-ATR-ASTRA1.2.0.2
2025-12-09 20:22:12,958 [WARN] PackLoader:240 - Cannot read IP mode file for STMicroelectronics.FP-ATR-ASTRA1.2.0.1
2025-12-09 20:22:12,972 [WARN] PackLoader:240 - Cannot read IP mode file for STMicroelectronics.X-CUBE-SMBUS.2.1.0
2025-12-09 20:22:12,983 [WARN] PackLoader:240 - Cannot read IP mode file for STMicroelectronics.X-CUBE-WB05N.1.1.0
2025-12-09 20:22:12,994 [WARN] PackLoader:240 - Cannot read IP mode file for STMicroelectronics.X-CUBE-TOUCHGFX.4.23.0
2025-12-09 20:22:13,003 [WARN] PackLoader:240 - Cannot read IP mode file for STMicroelectronics.X-CUBE-TOUCHGFX.4.23.2
2025-12-09 20:22:13,024 [WARN] PackLoader:240 - Cannot read IP mode file for STMicroelectronics.X-CUBE-AZRTOS-F7.1.1.0
2025-12-09 20:22:13,036 [WARN] PackLoader:240 - Cannot read IP mode file for STMicroelectronics.FP-SNS-MOTENV1.4.3.2
2025-12-09 20:22:13,068 [WARN] PackLoader:240 - Cannot read IP mode file for STMicroelectronics.X-CUBE-MEMS1.11.0.0
2025-12-09 20:22:13,123 [WARN] PackLoader:240 - Cannot read IP mode file for STMicroelectronics.FP-SNS-FLIGHT1.5.0.2
2025-12-09 20:22:13,135 [WARN] PackLoader:240 - Cannot read IP mode file for STMicroelectronics.X-CUBE-DISPLAY.3.0.0
2025-12-09 20:22:13,146 [WARN] PackLoader:240 - Cannot read IP mode file for STMicroelectronics.X-CUBE-BLE1.7.0.0
2025-12-09 20:22:13,156 [WARN] PackLoader:240 - Cannot read IP mode file for STMicroelectronics.X-CUBE-NFC10.1.0.0
2025-12-09 20:22:13,169 [WARN] PackLoader:240 - Cannot read IP mode file for STMicroelectronics.X-CUBE-BLEMGR.4.0.0
2025-12-09 20:22:13,182 [WARN] PackLoader:240 - Cannot read IP mode file for emotas.I-CUBE-CANOPEN.1.3.0
2025-12-09 20:22:13,192 [WARN] PackLoader:240 - Cannot read IP mode file for STMicroelectronics.X-CUBE-TOUCHGFX.4.22.0
2025-12-09 20:22:13,203 [WARN] PackLoader:240 - Cannot read IP mode file for STMicroelectronics.X-CUBE-BLEMGR.3.1.0
2025-12-09 20:22:13,214 [WARN] PackLoader:240 - Cannot read IP mode file for STMicroelectronics.X-CUBE-AI.10.0.0
2025-12-09 20:22:13,224 [WARN] PackLoader:240 - Cannot read IP mode file for STMicroelectronics.FP-SNS-SMARTAG2.1.2.0
2025-12-09 20:22:13,234 [ERROR] Engine:466 - C:\Users\ChanyoungKo\.stm32cubemx\thirdparties\pdsc\STMicroelectronics.FP-SNS-FLIGHT1.5.1.0.pdsc: PDSC version is not supported
2025-12-09 20:22:13,268 [WARN] PackLoader:240 - Cannot read IP mode file for STMicroelectronics.X-CUBE-MEMS1.11.1.0
2025-12-09 20:22:13,321 [INFO] LogOutputStream:77 - [STDOUT_REDIRECT] 1 : Invalid condition id : UX_CORESTACK_Condition cause : null
2025-12-09 20:22:13,321 [INFO] LogOutputStream:77 - [STDOUT_REDIRECT] 1 : Invalid condition id : UX_CORESTACK_Condition cause : null
2025-12-09 20:22:13,322 [INFO] LogOutputStream:77 - [STDOUT_REDIRECT] 1 : Invalid condition id : UX_CORESTACK_Condition cause : null
2025-12-09 20:22:13,322 [INFO] LogOutputStream:77 - [STDOUT_REDIRECT] 1 : Invalid condition id : UX_CORESTACK_Condition cause : null
2025-12-09 20:22:13,323 [INFO] LogOutputStream:77 - [STDOUT_REDIRECT] 1 : Invalid condition id : UX_CORESTACK_Condition cause : null
2025-12-09 20:22:13,324 [WARN] PackLoader:240 - Cannot read IP mode file for STMicroelectronics.X-CUBE-AZRTOS-WL.2.0.0
2025-12-09 20:22:13,335 [WARN] PackLoader:240 - Cannot read IP mode file for STMicroelectronics.FP-SNS-MOTENV1.5.0.0
2025-12-09 20:22:13,350 [INFO] WebApp:780 - Register for checkConnection events
2025-12-09 20:22:13,350 [INFO] WebApp:414 - Apply proxy settings
2025-12-09 20:22:13,350 [INFO] WebApp:499 - Chromium requires no authentication
2025-12-09 20:22:13,355 [WARN] PackLoader:240 - Cannot read IP mode file for STMicroelectronics.X-CUBE-AZRTOS-H7RS.1.2.0
2025-12-09 20:22:13,366 [WARN] PackLoader:240 - Cannot read IP mode file for wolfSSL.I-CUBE-wolfMQTT.1.19.0
2025-12-09 20:22:13,367 [INFO] WebApp:442 - Direct internet connection detected
2025-12-09 20:22:13,381 [WARN] PackLoader:240 - Cannot read IP mode file for WES.I-CUBE-Cesium.1.3.0
2025-12-09 20:22:13,393 [WARN] PackLoader:240 - Cannot read IP mode file for STMicroelectronics.X-CUBE-BLE2.3.3.0
2025-12-09 20:22:13,403 [ERROR] Engine:466 - C:\Users\ChanyoungKo\.stm32cubemx\thirdparties\pdsc\Avnet-IOTCONNECT.X-CUBE-iotc-st67-sdk.1.0.0.pdsc: PDSC version is not supported
2025-12-09 20:22:13,415 [WARN] PackLoader:240 - Cannot read IP mode file for STMicroelectronics.X-CUBE-NFC9.1.0.0
2025-12-09 20:22:13,426 [WARN] PackLoader:240 - Cannot read IP mode file for STMicroelectronics.X-CUBE-BLE1.7.1.0
2025-12-09 20:22:13,436 [WARN] PackLoader:240 - Cannot read IP mode file for STMicroelectronics.X-CUBE-TCPP.4.1.0
2025-12-09 20:22:13,446 [ERROR] Engine:466 - C:\Users\ChanyoungKo\.stm32cubemx\thirdparties\pdsc\STMicroelectronics.X-CUBE-FREERTOS.1.4.0.pdsc: PDSC version is not supported
2025-12-09 20:22:13,472 [WARN] PackLoader:240 - Cannot read IP mode file for STMicroelectronics.X-CUBE-MEMS1.12.0.0
2025-12-09 20:22:13,505 [WARN] PackLoader:240 - Cannot read IP mode file for STMicroelectronics.X-CUBE-ALGOBUILD.1.3.0
2025-12-09 20:22:13,522 [WARN] PackLoader:240 - Cannot read IP mode file for STMicroelectronics.X-CUBE-AZRTOS-G0.1.1.0
2025-12-09 20:22:13,533 [WARN] PackLoader:240 - Cannot read IP mode file for STMicroelectronics.X-CUBE-SAFEA1.1.2.2
2025-12-09 20:22:13,544 [WARN] PackLoader:240 - Cannot read IP mode file for STMicroelectronics.X-CUBE-NFC4.3.0.0
2025-12-09 20:22:13,556 [WARN] PackLoader:240 - Cannot read IP mode file for EmbeddedOffice.I-CUBE-FS-RTOS.1.0.1
2025-12-09 20:22:13,557 [ERROR] ConditionMgr:805 - Attr not supported : Dmpu
2025-12-09 20:22:13,557 [ERROR] ConditionMgr:805 - Attr not supported : Dmpu
2025-12-09 20:22:13,557 [ERROR] ConditionMgr:805 - Attr not supported : Dmpu
2025-12-09 20:22:13,557 [ERROR] ConditionMgr:805 - Attr not supported : Dmpu
2025-12-09 20:22:13,557 [ERROR] ConditionMgr:805 - Attr not supported : Dmpu
2025-12-09 20:22:13,557 [ERROR] ConditionMgr:805 - Attr not supported : Dmpu
2025-12-09 20:22:13,557 [ERROR] ConditionMgr:805 - Attr not supported : Dmpu
2025-12-09 20:22:13,557 [ERROR] ConditionMgr:805 - Attr not supported : Dmpu
2025-12-09 20:22:13,557 [ERROR] ConditionMgr:805 - Attr not supported : Dmpu
2025-12-09 20:22:13,557 [ERROR] ConditionMgr:805 - Attr not supported : Dmpu
2025-12-09 20:22:13,557 [ERROR] ConditionMgr:805 - Attr not supported : Dmpu
2025-12-09 20:22:13,557 [ERROR] ConditionMgr:805 - Attr not supported : Dmpu
2025-12-09 20:22:13,557 [ERROR] ConditionMgr:805 - Attr not supported : Dmpu
2025-12-09 20:22:13,557 [ERROR] ConditionMgr:805 - Attr not supported : Dmpu
2025-12-09 20:22:13,557 [ERROR] ConditionMgr:805 - Attr not supported : Dmpu
2025-12-09 20:22:13,557 [ERROR] ConditionMgr:805 - Attr not supported : Dmpu
2025-12-09 20:22:13,557 [ERROR] ConditionMgr:805 - Attr not supported : Dmpu
2025-12-09 20:22:13,557 [ERROR] ConditionMgr:805 - Attr not supported : Dmpu
2025-12-09 20:22:13,557 [ERROR] ConditionMgr:805 - Attr not supported : Dmpu
2025-12-09 20:22:13,557 [ERROR] ConditionMgr:805 - Attr not supported : Dmpu
2025-12-09 20:22:13,557 [ERROR] ConditionMgr:805 - Attr not supported : Dmpu
2025-12-09 20:22:13,557 [ERROR] ConditionMgr:805 - Attr not supported : Dmpu
2025-12-09 20:22:13,557 [ERROR] ConditionMgr:805 - Attr not supported : Dmpu
2025-12-09 20:22:13,557 [ERROR] ConditionMgr:805 - Attr not supported : Dmpu
2025-12-09 20:22:13,557 [ERROR] ConditionMgr:805 - Attr not supported : Dmpu
2025-12-09 20:22:13,557 [ERROR] ConditionMgr:805 - Attr not supported : Dmpu
2025-12-09 20:22:13,557 [ERROR] ConditionMgr:805 - Attr not supported : Dmpu
2025-12-09 20:22:13,557 [ERROR] ConditionMgr:805 - Attr not supported : Dmpu
2025-12-09 20:22:13,557 [ERROR] ConditionMgr:805 - Attr not supported : Dmpu
2025-12-09 20:22:13,557 [ERROR] ConditionMgr:805 - Attr not supported : Dmpu
2025-12-09 20:22:13,557 [ERROR] ConditionMgr:805 - Attr not supported : Dmpu
2025-12-09 20:22:13,557 [ERROR] ConditionMgr:805 - Attr not supported : Dmpu
2025-12-09 20:22:13,558 [ERROR] ConditionMgr:805 - Attr not supported : Dmpu
2025-12-09 20:22:13,558 [ERROR] ConditionMgr:805 - Attr not supported : Dmpu
2025-12-09 20:22:13,558 [ERROR] ConditionMgr:805 - Attr not supported : Dmpu
2025-12-09 20:22:13,558 [ERROR] ConditionMgr:805 - Attr not supported : Dmpu
2025-12-09 20:22:13,558 [ERROR] ConditionMgr:805 - Attr not supported : Dmpu
2025-12-09 20:22:13,558 [ERROR] ConditionMgr:805 - Attr not supported : Dmpu
2025-12-09 20:22:13,558 [ERROR] ConditionMgr:805 - Attr not supported : Dmpu
2025-12-09 20:22:13,558 [ERROR] ConditionMgr:805 - Attr not supported : Dmpu
2025-12-09 20:22:13,558 [ERROR] ConditionMgr:805 - Attr not supported : Dmpu
2025-12-09 20:22:13,558 [ERROR] ConditionMgr:805 - Attr not supported : Dmpu
2025-12-09 20:22:13,558 [ERROR] ConditionMgr:805 - Attr not supported : Dmpu
2025-12-09 20:22:13,558 [ERROR] ConditionMgr:805 - Attr not supported : Dmpu
2025-12-09 20:22:13,558 [ERROR] ConditionMgr:805 - Attr not supported : Dmpu
2025-12-09 20:22:13,558 [ERROR] ConditionMgr:805 - Attr not supported : Dmpu
2025-12-09 20:22:13,558 [ERROR] ConditionMgr:805 - Attr not supported : Dmpu
2025-12-09 20:22:13,558 [ERROR] ConditionMgr:805 - Attr not supported : Dmpu
2025-12-09 20:22:13,558 [ERROR] ConditionMgr:805 - Attr not supported : Dmpu
2025-12-09 20:22:13,558 [ERROR] ConditionMgr:805 - Attr not supported : Dmpu
2025-12-09 20:22:13,558 [ERROR] ConditionMgr:805 - Attr not supported : Dmpu
2025-12-09 20:22:13,558 [ERROR] ConditionMgr:805 - Attr not supported : Dmpu
2025-12-09 20:22:13,558 [ERROR] ConditionMgr:805 - Attr not supported : Dmpu
2025-12-09 20:22:13,558 [ERROR] ConditionMgr:805 - Attr not supported : Dmpu
2025-12-09 20:22:13,558 [ERROR] ConditionMgr:805 - Attr not supported : Dmpu
2025-12-09 20:22:13,558 [ERROR] ConditionMgr:805 - Attr not supported : Dmpu
2025-12-09 20:22:13,558 [ERROR] ConditionMgr:805 - Attr not supported : Dmpu
2025-12-09 20:22:13,558 [ERROR] ConditionMgr:805 - Attr not supported : Dmpu
2025-12-09 20:22:13,558 [ERROR] ConditionMgr:805 - Attr not supported : Dmpu
2025-12-09 20:22:13,558 [ERROR] ConditionMgr:805 - Attr not supported : Dmpu
2025-12-09 20:22:13,558 [ERROR] ConditionMgr:805 - Attr not supported : Dmpu
2025-12-09 20:22:13,558 [ERROR] ConditionMgr:805 - Attr not supported : Dmpu
2025-12-09 20:22:13,558 [ERROR] ConditionMgr:805 - Attr not supported : Dmpu
2025-12-09 20:22:13,558 [ERROR] ConditionMgr:805 - Attr not supported : Dmpu
2025-12-09 20:22:13,568 [ERROR] Engine:466 - C:\Users\ChanyoungKo\.stm32cubemx\thirdparties\pdsc\STMicroelectronics.X-CUBE-TCPP.4.2.0.pdsc: PDSC version is not supported
2025-12-09 20:22:13,578 [WARN] PackLoader:240 - Cannot read IP mode file for RealThread.X-CUBE-RT-Thread_Nano.4.1.1
2025-12-09 20:22:13,588 [WARN] PackLoader:240 - Cannot read IP mode file for STMicroelectronics.FP-ATR-SIGFOX1.3.2.0
2025-12-09 20:22:13,598 [WARN] ConditionMgr:438 - getConditionDescription Invalid condition id : Cortex-A Device cause : null
2025-12-09 20:22:13,614 [WARN] ConditionMgr:1039 - genDependencies : Invalid condition id : Cortex-A Device cause : null
2025-12-09 20:22:13,614 [WARN] ConditionMgr:1039 - genDependencies : Invalid condition id : Cortex-A Device cause : null
2025-12-09 20:22:13,614 [WARN] ConditionMgr:1039 - genDependencies : Invalid condition id : Cortex-A Device cause : null
2025-12-09 20:22:13,625 [WARN] PackLoader:240 - Cannot read IP mode file for STMicroelectronics.X-CUBE-EEPRMA1.5.1.0
2025-12-09 20:22:13,651 [WARN] PackLoader:240 - Cannot read IP mode file for SEGGER.I-CUBE-embOS.1.3.1
2025-12-09 20:22:13,671 [WARN] PackLoader:240 - Cannot read IP mode file for STMicroelectronics.X-CUBE-ALGOBUILD.1.4.0
2025-12-09 20:22:13,698 [WARN] PackLoader:240 - Cannot read IP mode file for STMicroelectronics.X-CUBE-MEMS1.11.3.0
2025-12-09 20:22:13,750 [WARN] PackLoader:240 - Cannot read IP mode file for STMicroelectronics.X-CUBE-AI.9.1.0
2025-12-09 20:22:13,760 [WARN] PackLoader:240 - Cannot read IP mode file for STMicroelectronics.X-CUBE-GNSS1.6.0.0
2025-12-09 20:22:13,776 [WARN] PackLoader:240 - Cannot read IP mode file for STMicroelectronics.X-CUBE-AZRTOS-F4.1.1.0
2025-12-09 20:22:13,786 [WARN] PackLoader:240 - Cannot read IP mode file for wolfSSL.I-CUBE-wolfSSL.5.6.3
2025-12-09 20:22:13,796 [WARN] PackLoader:240 - Cannot read IP mode file for STMicroelectronics.X-CUBE-ISPU.2.1.0
2025-12-09 20:22:13,806 [WARN] PackLoader:240 - Cannot read IP mode file for STMicroelectronics.X-CUBE-FREERTOS.1.2.0
2025-12-09 20:22:13,823 [WARN] PackLoader:240 - Cannot read IP mode file for STMicroelectronics.X-CUBE-AZRTOS-L5.2.0.0
2025-12-09 20:22:13,846 [WARN] PackLoader:240 - Cannot read IP mode file for STMicroelectronics.X-CUBE-MEMS1.9.6.0
2025-12-09 20:22:13,918 [WARN] PackLoader:240 - Cannot read IP mode file for STMicroelectronics.X-CUBE-NFC6.3.1.0
2025-12-09 20:22:13,929 [WARN] PackLoader:240 - Cannot read IP mode file for ITTIA_DB.I-CUBE-ITTIADB.8.8.0
2025-12-09 20:22:13,930 [INFO] WebApp:192 - Starting web application
2025-12-09 20:22:13,930 [INFO] WebApp:544 - Web application path used C:\ST\STM32CubeIDE_1.14.1\STM32CubeIDE\plugins\com.st.stm32cube.common.mx_6.10.0.202311202037\db\plugins\mcufinder\reactClient1\index.html
2025-12-09 20:22:13,941 [WARN] PackLoader:240 - Cannot read IP mode file for STMicroelectronics.X-CUBE-BLEMGR.2.0.0
2025-12-09 20:22:13,953 [WARN] PackLoader:240 - Cannot read IP mode file for STMicroelectronics.X-CUBE-DPower.1.2.0
2025-12-09 20:22:13,963 [WARN] PackLoader:240 - Cannot read IP mode file for STMicroelectronics.X-CUBE-AI.9.0.0
2025-12-09 20:22:13,980 [WARN] ConditionMgr:438 - getConditionDescription Invalid condition id : UX DEVICE CLASS RTOS Condition cause : null
2025-12-09 20:22:13,981 [WARN] ConditionMgr:438 - getConditionDescription Invalid condition id : UX DEVICE CLASS RTOS Condition cause : null
2025-12-09 20:22:13,981 [WARN] PackLoader:240 - Cannot read IP mode file for STMicroelectronics.X-CUBE-AZRTOS-H7.3.1.0
2025-12-09 20:22:13,982 [WARN] ConditionMgr:1039 - genDependencies : Invalid condition id : UX DEVICE CLASS RTOS Condition cause : null
2025-12-09 20:22:13,982 [WARN] ConditionMgr:1039 - genDependencies : Invalid condition id : UX DEVICE CLASS RTOS Condition cause : null
2025-12-09 20:22:13,982 [WARN] ConditionMgr:1039 - genDependencies : Invalid condition id : UX DEVICE CLASS RTOS Condition cause : null
2025-12-09 20:22:13,982 [WARN] ConditionMgr:1039 - genDependencies : Invalid condition id : UX DEVICE CLASS RTOS Condition cause : null
2025-12-09 20:22:13,982 [WARN] ConditionMgr:1039 - genDependencies : Invalid condition id : UX DEVICE CLASS RTOS Condition cause : null
2025-12-09 20:22:13,993 [WARN] PackLoader:240 - Cannot read IP mode file for STMicroelectronics.X-CUBE-FREERTOS.1.3.1
2025-12-09 20:22:14,005 [WARN] PackLoader:240 - Cannot read IP mode file for STMicroelectronics.X-CUBE-FREERTOS.1.3.0
2025-12-09 20:22:14,015 [WARN] PackLoader:240 - Cannot read IP mode file for STMicroelectronics.X-CUBE-NFC7.1.0.1
2025-12-09 20:22:14,027 [WARN] PackLoader:240 - Cannot read IP mode file for STMicroelectronics.X-CUBE-NFC6.3.0.0
2025-12-09 20:22:14,038 [WARN] PackLoader:240 - Cannot read IP mode file for STMicroelectronics.X-CUBE-EEPRMA1.4.1.0
2025-12-09 20:22:14,048 [WARN] PackLoader:240 - Cannot read IP mode file for STMicroelectronics.X-CUBE-AI.8.1.0
2025-12-09 20:22:14,071 [WARN] ConditionMgr:438 - getConditionDescription Invalid condition id : LAN8742 Phy interface Condition cause : null
2025-12-09 20:22:14,072 [WARN] PackLoader:240 - Cannot read IP mode file for STMicroelectronics.X-CUBE-AZRTOS-L4.2.0.0
2025-12-09 20:22:14,072 [WARN] ConditionMgr:1039 - genDependencies : Invalid condition id : LAN8742 Phy interface Condition cause : null
2025-12-09 20:22:14,072 [WARN] ConditionMgr:1039 - genDependencies : Invalid condition id : LAN8742 Phy interface Condition cause : null
2025-12-09 20:22:14,072 [WARN] ConditionMgr:1039 - genDependencies : Invalid condition id : LAN8742 Phy interface Condition cause : null
2025-12-09 20:22:14,083 [WARN] PackLoader:240 - Cannot read IP mode file for STMicroelectronics.X-CUBE-SFXS2LP1.4.0.0
2025-12-09 20:22:14,092 [WARN] PackLoader:240 - Cannot read IP mode file for STMicroelectronics.X-CUBE-ISPU.1.1.0
2025-12-09 20:22:14,110 [WARN] PackLoader:240 - Cannot read IP mode file for STMicroelectronics.X-CUBE-AZRTOS-H7.3.3.0
2025-12-09 20:22:14,124 [WARN] PackLoader:240 - Cannot read IP mode file for STMicroelectronics.X-CUBE-IPS.3.0.0
2025-12-09 20:22:14,139 [WARN] ConditionMgr:438 - getConditionDescription Invalid condition id : UX DEVICE CLASS RTOS Condition cause : null
2025-12-09 20:22:14,140 [WARN] ConditionMgr:438 - getConditionDescription Invalid condition id : UX DEVICE CLASS RTOS Condition cause : null
2025-12-09 20:22:14,140 [WARN] PackLoader:240 - Cannot read IP mode file for STMicroelectronics.X-CUBE-AZRTOS-WB.2.0.0
2025-12-09 20:22:14,140 [WARN] ConditionMgr:1039 - genDependencies : Invalid condition id : UX DEVICE CLASS RTOS Condition cause : null
2025-12-09 20:22:14,140 [WARN] ConditionMgr:1039 - genDependencies : Invalid condition id : UX DEVICE CLASS RTOS Condition cause : null
2025-12-09 20:22:14,140 [WARN] ConditionMgr:1039 - genDependencies : Invalid condition id : UX DEVICE CLASS RTOS Condition cause : null
2025-12-09 20:22:14,140 [WARN] ConditionMgr:1039 - genDependencies : Invalid condition id : UX DEVICE CLASS RTOS Condition cause : null
2025-12-09 20:22:14,141 [WARN] ConditionMgr:1039 - genDependencies : Invalid condition id : UX DEVICE CLASS RTOS Condition cause : null
2025-12-09 20:22:14,151 [WARN] PackLoader:240 - Cannot read IP mode file for STMicroelectronics.X-CUBE-FREERTOS.1.0.1
2025-12-09 20:22:14,162 [WARN] PackLoader:240 - Cannot read IP mode file for STMicroelectronics.X-CUBE-GNSS1.7.0.0
2025-12-09 20:22:14,171 [WARN] PackLoader:240 - Cannot read IP mode file for STMicroelectronics.X-CUBE-GNSS1.7.0.1
2025-12-09 20:22:14,181 [WARN] PackLoader:240 - Cannot read IP mode file for STMicroelectronics.X-CUBE-TOUCHGFX.4.25.0
2025-12-09 20:22:14,192 [WARN] PackLoader:240 - Cannot read IP mode file for STMicroelectronics.FP-SNS-STBOX1.2.0.0
2025-12-09 20:22:14,206 [WARN] PackLoader:240 - Cannot read IP mode file for STMicroelectronics.X-CUBE-SUBG2.5.0.0
2025-12-09 20:22:14,224 [WARN] PackLoader:240 - Cannot read IP mode file for STMicroelectronics.X-CUBE-AZRTOS-H7RS.1.1.0
2025-12-09 20:22:14,237 [WARN] PackLoader:240 - Cannot read IP mode file for STMicroelectronics.X-CUBE-TOF1.3.3.1
2025-12-09 20:22:14,255 [WARN] PackLoader:240 - Cannot read IP mode file for STMicroelectronics.X-CUBE-AZRTOS-G4.2.0.0
2025-12-09 20:22:14,270 [WARN] PackLoader:240 - Cannot read IP mode file for Infineon.AIROC-Wi-Fi-Bluetooth-STM32.1.5.1
2025-12-09 20:22:14,283 [WARN] PackLoader:240 - Cannot read IP mode file for STMicroelectronics.FP-SNS-MOTENVWB1.1.3.1
2025-12-09 20:22:14,296 [WARN] PackLoader:240 - Cannot read IP mode file for STMicroelectronics.X-CUBE-ISPU.2.0.0
2025-12-09 20:22:14,305 [ERROR] Engine:466 - C:\Users\ChanyoungKo\.stm32cubemx\thirdparties\pdsc\STMicroelectronics.X-CUBE-IPS.3.1.0.pdsc: PDSC version is not supported
2025-12-09 20:22:14,313 [WARN] PackLoader:240 - Cannot read IP mode file for STMicroelectronics.X-CUBE-ALS.1.0.2
2025-12-09 20:22:14,332 [WARN] PackLoader:240 - Cannot read IP mode file for STMicroelectronics.X-CUBE-MEMS1.10.0.0
2025-12-09 20:22:14,376 [WARN] PackLoader:240 - Cannot read IP mode file for STMicroelectronics.X-CUBE-FREERTOS.1.1.0
2025-12-09 20:22:14,385 [WARN] PackLoader:240 - Cannot read IP mode file for STMicroelectronics.X-CUBE-TOUCHGFX.4.24.0
2025-12-09 20:22:14,394 [WARN] PackLoader:240 - Cannot read IP mode file for STMicroelectronics.X-CUBE-TOUCHGFX.4.24.2
2025-12-09 20:22:14,404 [WARN] PackLoader:240 - Cannot read IP mode file for STMicroelectronics.X-CUBE-TOUCHGFX.4.24.1
2025-12-09 20:22:14,414 [WARN] PackLoader:240 - Cannot read IP mode file for wolfSSL.I-CUBE-wolfTPM.3.4.0
2025-12-09 20:22:14,424 [WARN] PackLoader:240 - Cannot read IP mode file for portGmbH.I-Cube-SoM-uGOAL.1.1.0
2025-12-09 20:22:14,434 [WARN] PackLoader:240 - Cannot read IP mode file for STMicroelectronics.X-CUBE-ALS.1.0.1
2025-12-09 20:22:14,451 [WARN] PackLoader:240 - Cannot read IP mode file for STMicroelectronics.X-CUBE-AZRTOS-H7RS.1.0.0
2025-12-09 20:22:14,461 [WARN] PackLoader:240 - Cannot read IP mode file for STMicroelectronics.FP-ATR-ASTRA1.2.0.0
2025-12-09 20:22:14,474 [WARN] PackLoader:240 - Cannot read IP mode file for STMicroelectronics.X-CUBE-TOF1.3.4.2
2025-12-09 20:22:14,489 [WARN] PackLoader:240 - Cannot read IP mode file for STMicroelectronics.X-CUBE-TOF1.3.4.1
2025-12-09 20:22:14,509 [WARN] PackLoader:240 - Cannot read IP mode file for STMicroelectronics.X-CUBE-AZRTOS-H7.3.2.0
2025-12-09 20:22:14,520 [WARN] PackLoader:240 - Cannot read IP mode file for wolfSSL.I-CUBE-wolfSSH.1.4.17
2025-12-09 20:22:14,520 [INFO] ThirdParty:978 - Integrity check success = true
2025-12-09 20:22:14,520 [INFO] IntegrityCheckThread:100 - exiting critical section [integrity check]
2025-12-09 20:22:14,520 [INFO] IntegrityCheckThread:103 - End integrity checks thread
2025-12-09 20:22:34,570 [ERROR] LogOutputStream:75 - [STDERR_REDIRECT] SLF4J: Failed to load class "org.slf4j.impl.StaticLoggerBinder".
2025-12-09 20:22:34,571 [ERROR] LogOutputStream:75 - [STDERR_REDIRECT] SLF4J: Defaulting to no-operation (NOP) logger implementation
2025-12-09 20:22:34,571 [ERROR] LogOutputStream:75 - [STDERR_REDIRECT] SLF4J: See http://www.slf4j.org/codes.html#StaticLoggerBinder for further details.
